<?xml version="1.0" encoding="UTF-8"?>
<!-- Generated by org.testng.reporters.JUnitXMLReporter -->
<testsuite ignored="0" hostname="Rahee-Khan" failures="1" tests="1" name="Test_E2E_04_Android" time="35.481" errors="0" timestamp="2023-11-13T16:42:10 EST">
  <testcase classname="mobile_tests.BankingApplicationPaymentTests" name="verify_user_making_payment" time="11.016">
    <failure type="org.openqa.selenium.TimeoutException" message="Expected condition failed: waiting for element to be clickable: By.xpath: //div[@class=&amp;apos;dx-button-content&amp;apos; and contains(text(), &amp;apos;Login&amp;apos;)] (tried for 10 second(s) with 500 milliseconds interval)
Build info: version: &amp;apos;4.15.0&amp;apos;, revision: &amp;apos;1d14b5521b&amp;apos;
System info: os.name: &amp;apos;Mac OS X&amp;apos;, os.arch: &amp;apos;x86_64&amp;apos;, os.version: &amp;apos;14.0&amp;apos;, java.version: &amp;apos;21.0.1&amp;apos;
Driver info: io.appium.java_client.android.AndroidDriver
Capabilities {appium:appActivity: com.google.android.apps.chr..., appium:appPackage: com.android.chrome, appium:appiumVersion: 1.22.3, appium:automationName: UIAutomator2, appium:chromedriverExecutableDir: /chromedrivers, appium:cloudViewLink: https://us2region.experites..., appium:databaseEnabled: false, appium:desired: {appiumVersion: 1.22.3, automationName: UIAutomator2, browserName: Chrome, chromedriverExecutableDir: /chromedrivers, deviceName: auto, deviceQuery: @os=&amp;apos;android&amp;apos; and @category..., digitalai:appiumVersion: 1.22.3, experitest:client8: true, experitest:originalSkipDeviceInitialization: false, experitestCloudSessionId: CLOUD-SID:2023-11-13_21-41-..., platformName: ANDROID, platformVersion: 11.0, reportTestId: 1015, reportUrl: https://uscloud.experitest...., skipDeviceInitialization: true, skipServerInstallation: true, testName: verify_user_making_payment, udid: RF8M82E3CMN}, appium:deviceApiLevel: 30, appium:deviceManufacturer: samsung, appium:deviceModel: SM-N975U1, appium:deviceName: RF8M82E3CMN, appium:deviceQuery: @os=&amp;apos;android&amp;apos; and @category..., appium:deviceScreenDensity: 420, appium:deviceScreenSize: 1080x2280, appium:deviceUDID: RF8M82E3CMN, appium:ehmPrefixUrl: /agent-10713675, appium:ehmUrl: https://us2region.experites..., appium:experitestCloudSessionId: CLOUD-SID:2023-11-13_21-41-..., appium:javascriptEnabled: true, appium:locationContextEnabled: false, appium:networkConnectionEnabled: true, appium:pixelRatio: 2.625, appium:platformVersion: 11, appium:reportTestId: 1015, appium:reportUrl: https://uscloud.experitest...., appium:skipDeviceInitialization: true, appium:skipServerInstallation: true, appium:statBarHeight: 85, appium:takesScreenshot: true, appium:testName: verify_user_making_payment, appium:udid: RF8M82E3CMN, appium:viewportRect: {height: 1984, left: 0, top: 85, width: 1080}, appium:warnings: {}, appium:webStorageEnabled: false, browserName: Chrome, digitalai:appiumVersion: 1.22.3, experitest:client8: true, experitest:originalSkipDeviceInitialization: false, platformName: ANDROID}
Session ID: 6165a3bd-318b-4989-ad4c-c916ac0d464a">
      <![CDATA[org.openqa.selenium.TimeoutException: Expected condition failed: waiting for element to be clickable: By.xpath: //div[@class='dx-button-content' and contains(text(), 'Login')] (tried for 10 second(s) with 500 milliseconds interval)
Build info: version: '4.15.0', revision: '1d14b5521b'
System info: os.name: 'Mac OS X', os.arch: 'x86_64', os.version: '14.0', java.version: '21.0.1'
Driver info: io.appium.java_client.android.AndroidDriver
Capabilities {appium:appActivity: com.google.android.apps.chr..., appium:appPackage: com.android.chrome, appium:appiumVersion: 1.22.3, appium:automationName: UIAutomator2, appium:chromedriverExecutableDir: /chromedrivers, appium:cloudViewLink: https://us2region.experites..., appium:databaseEnabled: false, appium:desired: {appiumVersion: 1.22.3, automationName: UIAutomator2, browserName: Chrome, chromedriverExecutableDir: /chromedrivers, deviceName: auto, deviceQuery: @os='android' and @category..., digitalai:appiumVersion: 1.22.3, experitest:client8: true, experitest:originalSkipDeviceInitialization: false, experitestCloudSessionId: CLOUD-SID:2023-11-13_21-41-..., platformName: ANDROID, platformVersion: 11.0, reportTestId: 1015, reportUrl: https://uscloud.experitest...., skipDeviceInitialization: true, skipServerInstallation: true, testName: verify_user_making_payment, udid: RF8M82E3CMN}, appium:deviceApiLevel: 30, appium:deviceManufacturer: samsung, appium:deviceModel: SM-N975U1, appium:deviceName: RF8M82E3CMN, appium:deviceQuery: @os='android' and @category..., appium:deviceScreenDensity: 420, appium:deviceScreenSize: 1080x2280, appium:deviceUDID: RF8M82E3CMN, appium:ehmPrefixUrl: /agent-10713675, appium:ehmUrl: https://us2region.experites..., appium:experitestCloudSessionId: CLOUD-SID:2023-11-13_21-41-..., appium:javascriptEnabled: true, appium:locationContextEnabled: false, appium:networkConnectionEnabled: true, appium:pixelRatio: 2.625, appium:platformVersion: 11, appium:reportTestId: 1015, appium:reportUrl: https://uscloud.experitest...., appium:skipDeviceInitialization: true, appium:skipServerInstallation: true, appium:statBarHeight: 85, appium:takesScreenshot: true, appium:testName: verify_user_making_payment, appium:udid: RF8M82E3CMN, appium:viewportRect: {height: 1984, left: 0, top: 85, width: 1080}, appium:warnings: {}, appium:webStorageEnabled: false, browserName: Chrome, digitalai:appiumVersion: 1.22.3, experitest:client8: true, experitest:originalSkipDeviceInitialization: false, platformName: ANDROID}
Session ID: 6165a3bd-318b-4989-ad4c-c916ac0d464a
at org.openqa.selenium.support.ui.WebDriverWait.timeoutException(WebDriverWait.java:84)
at org.openqa.selenium.support.ui.FluentWait.until(FluentWait.java:230)
at mobile_tests.BankingApplicationPaymentTests.verify_user_making_payment(BankingApplicationPaymentTests.java:19)
at java.base/java.util.ArrayList.forEach(ArrayList.java:1596)
at java.base/java.util.concurrent.FutureTask.run(FutureTask.java:317)
at java.base/java.util.concurrent.ThreadPoolExecutor.runWorker(ThreadPoolExecutor.java:1144)
at java.base/java.util.concurrent.ThreadPoolExecutor$Worker.run(ThreadPoolExecutor.java:642)
at java.base/java.lang.Thread.run(Thread.java:1583)
... Removed 16 stack frames]]>
    </failure>
  </testcase> <!-- verify_user_making_payment -->
</testsuite> <!-- Test_E2E_04_Android -->
