<!DOCTYPE html PUBLIC "-//W3C//DTD XHTML 1.1//EN" "https://www.w3.org/TR/xhtml11/DTD/xhtml11.dtd">
<html xmlns="https://www.w3.org/1999/xhtml">
<head>
<meta http-equiv="content-type" content="text/html; charset=UTF-8"/>
<title>TestNG Report</title>
<style type="text/css">table {margin-bottom:10px;border-collapse:collapse;empty-cells:show}th,td {border:1px solid #009;padding:.25em .5em}th {vertical-align:bottom}td {vertical-align:top}table a {font-weight:bold}.stripe td {background-color: #E6EBF9}.num {text-align:right}.passedodd td {background-color: #3F3}.passedeven td {background-color: #0A0}.skippedodd td {background-color: #DDD}.skippedeven td {background-color: #CCC}.failedodd td,.attn {background-color: #F33}.failedeven td,.stripe .attn {background-color: #D00}.stacktrace {white-space:pre;font-family:monospace}.totop {font-size:85%;text-align:center;border-bottom:2px solid #000}.invisible {display:none}</style>
</head>
<body>
<table>
<tr><th>Test</th><th># Passed</th><th># Skipped</th><th># Retried</th><th># Failed</th><th>Time (ms)</th><th>Included Groups</th><th>Excluded Groups</th></tr>
<tr><th colspan="8">Test Automation (0)</th></tr>
<tr><td><a href="#t0">Test_E2E_01_Android</a></td><td class="num">2</td><td class="num">0</td><td class="num">0</td><td class="num">0</td><td class="num">59,661</td><td></td><td></td></tr>
<tr class="stripe"><td><a href="#t1">Test_E2E_03_Android</a></td><td class="num">2</td><td class="num">0</td><td class="num">0</td><td class="num">0</td><td class="num">73,519</td><td></td><td></td></tr>
<tr><td><a href="#t2">Test_E2E_05_Android</a></td><td class="num">2</td><td class="num">0</td><td class="num">0</td><td class="num">0</td><td class="num">79,045</td><td></td><td></td></tr>
<tr class="stripe"><td><a href="#t3">Test_E2E_04_Android</a></td><td class="num">2</td><td class="num">0</td><td class="num">0</td><td class="num">0</td><td class="num">79,517</td><td></td><td></td></tr>
<tr><td><a href="#t4">Test_E2E_02_Android</a></td><td class="num">2</td><td class="num">0</td><td class="num">0</td><td class="num">0</td><td class="num">84,592</td><td></td><td></td></tr>
<tr class="stripe"><td><a href="#t5">Test_E2E_01_iOS</a></td><td class="num">1</td><td class="num">0</td><td class="num">0</td><td class="num attn">1</td><td class="num">94,803</td><td></td><td></td></tr>
<tr><td><a href="#t6">Test_E2E_05_iOS</a></td><td class="num">1</td><td class="num attn">1</td><td class="num">0</td><td class="num">0</td><td class="num">268,275</td><td></td><td></td></tr>
<tr class="stripe"><td><a href="#t7">Test_E2E_04_iOS</a></td><td class="num">1</td><td class="num">0</td><td class="num">0</td><td class="num attn">1</td><td class="num">273,873</td><td></td><td></td></tr>
<tr><td><a href="#t8">Test_E2E_03_iOS</a></td><td class="num">1</td><td class="num">0</td><td class="num">0</td><td class="num attn">1</td><td class="num">277,163</td><td></td><td></td></tr>
<tr class="stripe"><td><a href="#t9">Test_E2E_02_iOS</a></td><td class="num">1</td><td class="num attn">1</td><td class="num">0</td><td class="num">0</td><td class="num">3,355,723</td><td></td><td></td></tr>
<tr><th colspan="8">Test Automation</th></tr>
<tr><td><a href="#t10">Test_E2E_04_Safari</a></td><td class="num">2</td><td class="num">0</td><td class="num">0</td><td class="num">0</td><td class="num">32,321</td><td></td><td></td></tr>
<tr class="stripe"><td><a href="#t11">Test_E2E_02_Safari</a></td><td class="num">2</td><td class="num">0</td><td class="num">0</td><td class="num">0</td><td class="num">50,003</td><td></td><td></td></tr>
<tr><td><a href="#t12">Test_E2E_05_Safari</a></td><td class="num">2</td><td class="num">0</td><td class="num">0</td><td class="num">0</td><td class="num">50,304</td><td></td><td></td></tr>
<tr class="stripe"><td><a href="#t13">Test_E2E_01_Edge</a></td><td class="num">2</td><td class="num">0</td><td class="num">0</td><td class="num">0</td><td class="num">52,020</td><td></td><td></td></tr>
<tr><td><a href="#t14">Test_E2E_04_Edge</a></td><td class="num">2</td><td class="num">0</td><td class="num">0</td><td class="num">0</td><td class="num">53,281</td><td></td><td></td></tr>
<tr class="stripe"><td><a href="#t15">Test_E2E_04_Chrome</a></td><td class="num">2</td><td class="num">0</td><td class="num">0</td><td class="num">0</td><td class="num">56,336</td><td></td><td></td></tr>
<tr><td><a href="#t16">Test_E2E_03_Edge</a></td><td class="num">2</td><td class="num">0</td><td class="num">0</td><td class="num">0</td><td class="num">59,132</td><td></td><td></td></tr>
<tr class="stripe"><td><a href="#t17">Test_E2E_01_Chrome</a></td><td class="num">2</td><td class="num">0</td><td class="num">0</td><td class="num">0</td><td class="num">60,910</td><td></td><td></td></tr>
<tr><td><a href="#t18">Test_E2E_02_Chrome</a></td><td class="num">2</td><td class="num">0</td><td class="num">0</td><td class="num">0</td><td class="num">62,896</td><td></td><td></td></tr>
<tr class="stripe"><td><a href="#t19">Test_E2E_05_Chrome</a></td><td class="num">2</td><td class="num">0</td><td class="num">0</td><td class="num">0</td><td class="num">63,596</td><td></td><td></td></tr>
<tr><td><a href="#t20">Test_E2E_03_Safari</a></td><td class="num">2</td><td class="num">0</td><td class="num">0</td><td class="num">0</td><td class="num">66,052</td><td></td><td></td></tr>
<tr class="stripe"><td><a href="#t21">Test_E2E_01_Safari</a></td><td class="num">2</td><td class="num">0</td><td class="num">0</td><td class="num">0</td><td class="num">77,773</td><td></td><td></td></tr>
<tr><td><a href="#t22">Test_E2E_05_Edge</a></td><td class="num">2</td><td class="num">0</td><td class="num">0</td><td class="num">0</td><td class="num">78,215</td><td></td><td></td></tr>
<tr class="stripe"><td><a href="#t23">Test_E2E_05_Firefox</a></td><td class="num">2</td><td class="num">0</td><td class="num">0</td><td class="num">0</td><td class="num">90,721</td><td></td><td></td></tr>
<tr><td><a href="#t24">Test_E2E_02_Firefox</a></td><td class="num">2</td><td class="num">0</td><td class="num">0</td><td class="num">0</td><td class="num">91,993</td><td></td><td></td></tr>
<tr class="stripe"><td><a href="#t25">Test_E2E_01_Firefox</a></td><td class="num">2</td><td class="num">0</td><td class="num">0</td><td class="num">0</td><td class="num">97,343</td><td></td><td></td></tr>
<tr><td><a href="#t26">Test_E2E_02_Edge</a></td><td class="num">2</td><td class="num">0</td><td class="num">0</td><td class="num">0</td><td class="num">97,841</td><td></td><td></td></tr>
<tr class="stripe"><td><a href="#t27">Test_E2E_03_Firefox</a></td><td class="num">2</td><td class="num">0</td><td class="num">0</td><td class="num">0</td><td class="num">99,802</td><td></td><td></td></tr>
<tr><td><a href="#t28">Test_E2E_03_Chrome</a></td><td class="num">2</td><td class="num">0</td><td class="num">0</td><td class="num">0</td><td class="num">101,451</td><td></td><td></td></tr>
<tr class="stripe"><td><a href="#t29">Test_E2E_04_Firefox</a></td><td class="num">1</td><td class="num">0</td><td class="num">0</td><td class="num attn">1</td><td class="num">428,040</td><td></td><td></td></tr>
<tr><th>Total</th><th class="num">54</th><th class="num attn">2</th><th class="num">0</th><th class="num attn">4</th><th class="num">6,416,201</th><th colspan="2"></th></tr>
</table>
<table id='summary'><thead><tr><th>Class</th><th>Method</th><th>Start</th><th>Time (ms)</th></tr></thead><tbody><tr><th colspan="4">Test Automation (0)</th></tr></tbody><tbody id="t0"><tr><th colspan="4">Test_E2E_01_Android &#8212; passed</th></tr><tr class="passedeven"><td rowspan="1">mobile_tests.PaymentTests</td><td><a href="#m0">verify_user_making_payment</a></td><td rowspan="1">1700175793736</td><td rowspan="1">28914</td></tr><tr class="passedodd"><td rowspan="1">web_tests.MainPageTests</td><td><a href="#m1">validate_title_test</a></td><td rowspan="1">1700175772293</td><td rowspan="1">1528</td></tr></tbody>
<tbody id="t1"><tr><th colspan="4">Test_E2E_03_Android &#8212; passed</th></tr><tr class="passedeven"><td rowspan="1">mobile_tests.PaymentTests</td><td><a href="#m2">verify_user_making_payment</a></td><td rowspan="1">1700175809254</td><td rowspan="1">27061</td></tr><tr class="passedodd"><td rowspan="1">web_tests.MainPageTests</td><td><a href="#m3">validate_title_test</a></td><td rowspan="1">1700175773406</td><td rowspan="1">4955</td></tr></tbody>
<tbody id="t2"><tr><th colspan="4">Test_E2E_05_Android &#8212; passed</th></tr><tr class="passedeven"><td rowspan="1">mobile_tests.PaymentTests</td><td><a href="#m4">verify_user_making_payment</a></td><td rowspan="1">1700175803968</td><td rowspan="1">37940</td></tr><tr class="passedodd"><td rowspan="1">web_tests.MainPageTests</td><td><a href="#m5">validate_title_test</a></td><td rowspan="1">1700175777241</td><td rowspan="1">2702</td></tr></tbody>
<tbody id="t3"><tr><th colspan="4">Test_E2E_04_Android &#8212; passed</th></tr><tr class="passedeven"><td rowspan="1">mobile_tests.PaymentTests</td><td><a href="#m6">verify_user_making_payment</a></td><td rowspan="1">1700175806471</td><td rowspan="1">36117</td></tr><tr class="passedodd"><td rowspan="1">web_tests.MainPageTests</td><td><a href="#m7">validate_title_test</a></td><td rowspan="1">1700175773550</td><td rowspan="1">3013</td></tr></tbody>
<tbody id="t4"><tr><th colspan="4">Test_E2E_02_Android &#8212; passed</th></tr><tr class="passedeven"><td rowspan="1">mobile_tests.PaymentTests</td><td><a href="#m8">verify_user_making_payment</a></td><td rowspan="1">1700175813979</td><td rowspan="1">33435</td></tr><tr class="passedodd"><td rowspan="1">web_tests.MainPageTests</td><td><a href="#m9">validate_title_test</a></td><td rowspan="1">1700175775378</td><td rowspan="1">5535</td></tr></tbody>
<tbody id="t5"><tr><th colspan="4">Test_E2E_01_iOS &#8212; failed</th></tr><tr class="failedeven"><td rowspan="1">mobile_tests.PaymentTests</td><td><a href="#m10">verify_user_making_payment</a></td><td rowspan="1">1700175832325</td><td rowspan="1">19781</td></tr><tr><th colspan="4">Test_E2E_01_iOS &#8212; passed</th></tr><tr class="passedeven"><td rowspan="1">web_tests.MainPageTests</td><td><a href="#m11">validate_title_test</a></td><td rowspan="1">1700175773486</td><td rowspan="1">3146</td></tr></tbody>
<tbody id="t6"><tr><th colspan="4">Test_E2E_05_iOS &#8212; failed (configuration methods)</th></tr><tr class="failedeven"><td rowspan="2">mobile_tests.PaymentTests</td><td><a href="#m12">setUp</a></td><td rowspan="1">1700175792130</td><td rowspan="1">240672</td></tr><tr class="failedeven"><td><a href="#m13">tearDown</a></td><td rowspan="1">1700176032807</td><td rowspan="1">1</td></tr><tr><th colspan="4">Test_E2E_05_iOS &#8212; skipped</th></tr><tr class="skippedeven"><td rowspan="1">mobile_tests.PaymentTests</td><td><a href="#m14">verify_user_making_payment</a></td><td rowspan="1">1700176032806</td><td rowspan="1">0</td></tr><tr><th colspan="4">Test_E2E_05_iOS &#8212; passed</th></tr><tr class="passedeven"><td rowspan="1">web_tests.MainPageTests</td><td><a href="#m15">validate_title_test</a></td><td rowspan="1">1700175775804</td><td rowspan="1">7180</td></tr></tbody>
<tbody id="t7"><tr><th colspan="4">Test_E2E_04_iOS &#8212; failed</th></tr><tr class="failedeven"><td rowspan="1">mobile_tests.PaymentTests</td><td><a href="#m16">verify_user_making_payment</a></td><td rowspan="1">1700176000423</td><td rowspan="1">23543</td></tr><tr><th colspan="4">Test_E2E_04_iOS &#8212; passed</th></tr><tr class="passedeven"><td rowspan="1">web_tests.MainPageTests</td><td><a href="#m17">validate_title_test</a></td><td rowspan="1">1700175774402</td><td rowspan="1">7334</td></tr></tbody>
<tbody id="t8"><tr><th colspan="4">Test_E2E_03_iOS &#8212; failed</th></tr><tr class="failedeven"><td rowspan="1">mobile_tests.PaymentTests</td><td><a href="#m18">verify_user_making_payment</a></td><td rowspan="1">1700176002527</td><td rowspan="1">24738</td></tr><tr><th colspan="4">Test_E2E_03_iOS &#8212; passed</th></tr><tr class="passedeven"><td rowspan="1">web_tests.MainPageTests</td><td><a href="#m19">validate_title_test</a></td><td rowspan="1">1700175777046</td><td rowspan="1">7428</td></tr></tbody>
<tbody id="t9"><tr><th colspan="4">Test_E2E_02_iOS &#8212; failed (configuration methods)</th></tr><tr class="failedeven"><td rowspan="2">mobile_tests.PaymentTests</td><td><a href="#m20">setUp</a></td><td rowspan="1">1700175793960</td><td rowspan="1">3326292</td></tr><tr class="failedeven"><td><a href="#m21">tearDown</a></td><td rowspan="1">1700179120254</td><td rowspan="1">1</td></tr><tr><th colspan="4">Test_E2E_02_iOS &#8212; skipped</th></tr><tr class="skippedeven"><td rowspan="1">mobile_tests.PaymentTests</td><td><a href="#m22">verify_user_making_payment</a></td><td rowspan="1">1700179120254</td><td rowspan="1">0</td></tr><tr><th colspan="4">Test_E2E_02_iOS &#8212; passed</th></tr><tr class="passedeven"><td rowspan="1">web_tests.MainPageTests</td><td><a href="#m23">validate_title_test</a></td><td rowspan="1">1700175774667</td><td rowspan="1">8928</td></tr></tbody>
<tbody><tr><th colspan="4">Test Automation</th></tr></tbody><tbody id="t10"><tr><th colspan="4">Test_E2E_04_Safari &#8212; passed</th></tr><tr class="passedeven"><td rowspan="1">web_tests.MainPageTests</td><td><a href="#m24">validate_title_test</a></td><td rowspan="1">1700175773932</td><td rowspan="1">3550</td></tr><tr class="passedodd"><td rowspan="1">web_tests.PaymentTests</td><td><a href="#m25">validate_user_payment_test</a></td><td rowspan="1">1700175782969</td><td rowspan="1">13046</td></tr></tbody>
<tbody id="t11"><tr><th colspan="4">Test_E2E_02_Safari &#8212; passed</th></tr><tr class="passedeven"><td rowspan="1">web_tests.MainPageTests</td><td><a href="#m26">validate_title_test</a></td><td rowspan="1">1700175775311</td><td rowspan="1">4212</td></tr><tr class="passedodd"><td rowspan="1">web_tests.PaymentTests</td><td><a href="#m27">validate_user_payment_test</a></td><td rowspan="1">1700175786902</td><td rowspan="1">26301</td></tr></tbody>
<tbody id="t12"><tr><th colspan="4">Test_E2E_05_Safari &#8212; passed</th></tr><tr class="passedeven"><td rowspan="1">web_tests.MainPageTests</td><td><a href="#m28">validate_title_test</a></td><td rowspan="1">1700175774575</td><td rowspan="1">4123</td></tr><tr class="passedodd"><td rowspan="1">web_tests.PaymentTests</td><td><a href="#m29">validate_user_payment_test</a></td><td rowspan="1">1700175785885</td><td rowspan="1">27346</td></tr></tbody>
<tbody id="t13"><tr><th colspan="4">Test_E2E_01_Edge &#8212; passed</th></tr><tr class="passedeven"><td rowspan="1">web_tests.MainPageTests</td><td><a href="#m30">validate_title_test</a></td><td rowspan="1">1700175774147</td><td rowspan="1">10622</td></tr><tr class="passedodd"><td rowspan="1">web_tests.PaymentTests</td><td><a href="#m31">validate_user_payment_test</a></td><td rowspan="1">1700175798288</td><td rowspan="1">12807</td></tr></tbody>
<tbody id="t14"><tr><th colspan="4">Test_E2E_04_Edge &#8212; passed</th></tr><tr class="passedeven"><td rowspan="1">web_tests.MainPageTests</td><td><a href="#m32">validate_title_test</a></td><td rowspan="1">1700175774932</td><td rowspan="1">10574</td></tr><tr class="passedodd"><td rowspan="1">web_tests.PaymentTests</td><td><a href="#m33">validate_user_payment_test</a></td><td rowspan="1">1700175800875</td><td rowspan="1">11517</td></tr></tbody>
<tbody id="t15"><tr><th colspan="4">Test_E2E_04_Chrome &#8212; passed</th></tr><tr class="passedeven"><td rowspan="1">web_tests.MainPageTests</td><td><a href="#m34">validate_title_test</a></td><td rowspan="1">1700175773453</td><td rowspan="1">1802</td></tr><tr class="passedodd"><td rowspan="1">web_tests.PaymentTests</td><td><a href="#m35">validate_user_payment_test</a></td><td rowspan="1">1700175785321</td><td rowspan="1">29170</td></tr></tbody>
<tbody id="t16"><tr><th colspan="4">Test_E2E_03_Edge &#8212; passed</th></tr><tr class="passedeven"><td rowspan="1">web_tests.MainPageTests</td><td><a href="#m36">validate_title_test</a></td><td rowspan="1">1700175772225</td><td rowspan="1">2363</td></tr><tr class="passedodd"><td rowspan="1">web_tests.PaymentTests</td><td><a href="#m37">validate_user_payment_test</a></td><td rowspan="1">1700175783612</td><td rowspan="1">32650</td></tr></tbody>
<tbody id="t17"><tr><th colspan="4">Test_E2E_01_Chrome &#8212; passed</th></tr><tr class="passedeven"><td rowspan="1">web_tests.MainPageTests</td><td><a href="#m38">validate_title_test</a></td><td rowspan="1">1700175773482</td><td rowspan="1">4219</td></tr><tr class="passedodd"><td rowspan="1">web_tests.PaymentTests</td><td><a href="#m39">validate_user_payment_test</a></td><td rowspan="1">1700175787026</td><td rowspan="1">30110</td></tr></tbody>
<tbody id="t18"><tr><th colspan="4">Test_E2E_02_Chrome &#8212; passed</th></tr><tr class="passedeven"><td rowspan="1">web_tests.MainPageTests</td><td><a href="#m40">validate_title_test</a></td><td rowspan="1">1700175773548</td><td rowspan="1">7124</td></tr><tr class="passedodd"><td rowspan="1">web_tests.PaymentTests</td><td><a href="#m41">validate_user_payment_test</a></td><td rowspan="1">1700175794531</td><td rowspan="1">26409</td></tr></tbody>
<tbody id="t19"><tr><th colspan="4">Test_E2E_05_Chrome &#8212; passed</th></tr><tr class="passedeven"><td rowspan="1">web_tests.MainPageTests</td><td><a href="#m42">validate_title_test</a></td><td rowspan="1">1700175772936</td><td rowspan="1">5999</td></tr><tr class="passedodd"><td rowspan="1">web_tests.PaymentTests</td><td><a href="#m43">validate_user_payment_test</a></td><td rowspan="1">1700175790909</td><td rowspan="1">29285</td></tr></tbody>
<tbody id="t20"><tr><th colspan="4">Test_E2E_03_Safari &#8212; passed</th></tr><tr class="passedeven"><td rowspan="1">web_tests.MainPageTests</td><td><a href="#m44">validate_title_test</a></td><td rowspan="1">1700175777645</td><td rowspan="1">3324</td></tr><tr class="passedodd"><td rowspan="1">web_tests.PaymentTests</td><td><a href="#m45">validate_user_payment_test</a></td><td rowspan="1">1700175788473</td><td rowspan="1">39855</td></tr></tbody>
<tbody id="t21"><tr><th colspan="4">Test_E2E_01_Safari &#8212; passed</th></tr><tr class="passedeven"><td rowspan="1">web_tests.MainPageTests</td><td><a href="#m46">validate_title_test</a></td><td rowspan="1">1700175779792</td><td rowspan="1">4141</td></tr><tr class="passedodd"><td rowspan="1">web_tests.PaymentTests</td><td><a href="#m47">validate_user_payment_test</a></td><td rowspan="1">1700175792523</td><td rowspan="1">46915</td></tr></tbody>
<tbody id="t22"><tr><th colspan="4">Test_E2E_05_Edge &#8212; passed</th></tr><tr class="passedeven"><td rowspan="1">web_tests.MainPageTests</td><td><a href="#m48">validate_title_test</a></td><td rowspan="1">1700175778414</td><td rowspan="1">10583</td></tr><tr class="passedodd"><td rowspan="1">web_tests.PaymentTests</td><td><a href="#m49">validate_user_payment_test</a></td><td rowspan="1">1700175804362</td><td rowspan="1">29205</td></tr></tbody>
<tbody id="t23"><tr><th colspan="4">Test_E2E_05_Firefox &#8212; passed</th></tr><tr class="passedeven"><td rowspan="1">web_tests.MainPageTests</td><td><a href="#m50">validate_title_test</a></td><td rowspan="1">1700175775689</td><td rowspan="1">5281</td></tr><tr class="passedodd"><td rowspan="1">web_tests.PaymentTests</td><td><a href="#m51">validate_user_payment_test</a></td><td rowspan="1">1700175796788</td><td rowspan="1">49743</td></tr></tbody>
<tbody id="t24"><tr><th colspan="4">Test_E2E_02_Firefox &#8212; passed</th></tr><tr class="passedeven"><td rowspan="1">web_tests.MainPageTests</td><td><a href="#m52">validate_title_test</a></td><td rowspan="1">1700175776258</td><td rowspan="1">3163</td></tr><tr class="passedodd"><td rowspan="1">web_tests.PaymentTests</td><td><a href="#m53">validate_user_payment_test</a></td><td rowspan="1">1700175795675</td><td rowspan="1">48508</td></tr></tbody>
<tbody id="t25"><tr><th colspan="4">Test_E2E_01_Firefox &#8212; passed</th></tr><tr class="passedeven"><td rowspan="1">web_tests.MainPageTests</td><td><a href="#m54">validate_title_test</a></td><td rowspan="1">1700175777351</td><td rowspan="1">8973</td></tr><tr class="passedodd"><td rowspan="1">web_tests.PaymentTests</td><td><a href="#m55">validate_user_payment_test</a></td><td rowspan="1">1700175803538</td><td rowspan="1">50015</td></tr></tbody>
<tbody id="t26"><tr><th colspan="4">Test_E2E_02_Edge &#8212; passed</th></tr><tr class="passedeven"><td rowspan="1">web_tests.MainPageTests</td><td><a href="#m56">validate_title_test</a></td><td rowspan="1">1700175771434</td><td rowspan="1">5621</td></tr><tr class="passedodd"><td rowspan="1">web_tests.PaymentTests</td><td><a href="#m57">validate_user_payment_test</a></td><td rowspan="1">1700175793463</td><td rowspan="1">57920</td></tr></tbody>
<tbody id="t27"><tr><th colspan="4">Test_E2E_03_Firefox &#8212; passed</th></tr><tr class="passedeven"><td rowspan="1">web_tests.MainPageTests</td><td><a href="#m58">validate_title_test</a></td><td rowspan="1">1700175775843</td><td rowspan="1">4223</td></tr><tr class="passedodd"><td rowspan="1">web_tests.PaymentTests</td><td><a href="#m59">validate_user_payment_test</a></td><td rowspan="1">1700175798805</td><td rowspan="1">53863</td></tr></tbody>
<tbody id="t28"><tr><th colspan="4">Test_E2E_03_Chrome &#8212; passed</th></tr><tr class="passedeven"><td rowspan="1">web_tests.MainPageTests</td><td><a href="#m60">validate_title_test</a></td><td rowspan="1">1700175775391</td><td rowspan="1">7146</td></tr><tr class="passedodd"><td rowspan="1">web_tests.PaymentTests</td><td><a href="#m61">validate_user_payment_test</a></td><td rowspan="1">1700175795219</td><td rowspan="1">61730</td></tr></tbody>
<tbody id="t29"><tr><th colspan="4">Test_E2E_04_Firefox &#8212; failed (configuration methods)</th></tr><tr class="failedeven"><td rowspan="1">web_tests.PaymentTests</td><td><a href="#m62">tearDown</a></td><td rowspan="1">1700176009413</td><td rowspan="1">183159</td></tr><tr><th colspan="4">Test_E2E_04_Firefox &#8212; failed</th></tr><tr class="failedeven"><td rowspan="1">web_tests.PaymentTests</td><td><a href="#m63">validate_user_payment_test</a></td><td rowspan="1">1700175793713</td><td rowspan="1">215699</td></tr><tr><th colspan="4">Test_E2E_04_Firefox &#8212; passed</th></tr><tr class="passedeven"><td rowspan="1">web_tests.MainPageTests</td><td><a href="#m64">validate_title_test</a></td><td rowspan="1">1700175774198</td><td rowspan="1">4616</td></tr></tbody>
</table>
<h2>Test_E2E_01_Android</h2><h3 id="m0">mobile_tests.PaymentTests#verify_user_making_payment</h3><table class="result"><tr class="param"><th>Parameter #1</th></tr><tr class="param stripe"><td>android</td></tr></table><p class="totop"><a href="#summary">back to summary</a></p>
<h3 id="m1">web_tests.MainPageTests#validate_title_test</h3><table class="result"><tr><th class="invisible"/></tr></table><p class="totop"><a href="#summary">back to summary</a></p>
<h2>Test_E2E_03_Android</h2><h3 id="m2">mobile_tests.PaymentTests#verify_user_making_payment</h3><table class="result"><tr class="param"><th>Parameter #1</th></tr><tr class="param stripe"><td>android</td></tr></table><p class="totop"><a href="#summary">back to summary</a></p>
<h3 id="m3">web_tests.MainPageTests#validate_title_test</h3><table class="result"><tr><th class="invisible"/></tr></table><p class="totop"><a href="#summary">back to summary</a></p>
<h2>Test_E2E_05_Android</h2><h3 id="m4">mobile_tests.PaymentTests#verify_user_making_payment</h3><table class="result"><tr class="param"><th>Parameter #1</th></tr><tr class="param stripe"><td>android</td></tr></table><p class="totop"><a href="#summary">back to summary</a></p>
<h3 id="m5">web_tests.MainPageTests#validate_title_test</h3><table class="result"><tr><th class="invisible"/></tr></table><p class="totop"><a href="#summary">back to summary</a></p>
<h2>Test_E2E_04_Android</h2><h3 id="m6">mobile_tests.PaymentTests#verify_user_making_payment</h3><table class="result"><tr class="param"><th>Parameter #1</th></tr><tr class="param stripe"><td>android</td></tr></table><p class="totop"><a href="#summary">back to summary</a></p>
<h3 id="m7">web_tests.MainPageTests#validate_title_test</h3><table class="result"><tr><th class="invisible"/></tr></table><p class="totop"><a href="#summary">back to summary</a></p>
<h2>Test_E2E_02_Android</h2><h3 id="m8">mobile_tests.PaymentTests#verify_user_making_payment</h3><table class="result"><tr class="param"><th>Parameter #1</th></tr><tr class="param stripe"><td>android</td></tr></table><p class="totop"><a href="#summary">back to summary</a></p>
<h3 id="m9">web_tests.MainPageTests#validate_title_test</h3><table class="result"><tr><th class="invisible"/></tr></table><p class="totop"><a href="#summary">back to summary</a></p>
<h2>Test_E2E_01_iOS</h2><h3 id="m10">mobile_tests.PaymentTests#verify_user_making_payment</h3><table class="result"><tr class="param"><th>Parameter #1</th></tr><tr class="param stripe"><td>ios</td></tr><tr><th>Exception</th></tr><tr><td><div class="stacktrace">java.lang.AssertionError: Amount has not been deducted. did not expect [35000] but found [35000]
	at mobile_tests.PaymentTests.verify_user_making_payment(PaymentTests.java:86)
	at java.base/java.util.ArrayList.forEach(ArrayList.java:1596)
	at java.base/java.util.concurrent.FutureTask.run(FutureTask.java:317)
	at java.base/java.util.concurrent.ThreadPoolExecutor.runWorker(ThreadPoolExecutor.java:1144)
	at java.base/java.util.concurrent.ThreadPoolExecutor$Worker.run(ThreadPoolExecutor.java:642)
	at java.base/java.lang.Thread.run(Thread.java:1583)
... Removed 20 stack frames</div></td></tr></table><p class="totop"><a href="#summary">back to summary</a></p>
<h3 id="m11">web_tests.MainPageTests#validate_title_test</h3><table class="result"><tr><th class="invisible"/></tr></table><p class="totop"><a href="#summary">back to summary</a></p>
<h2>Test_E2E_05_iOS</h2><h3 id="m12">mobile_tests.PaymentTests#setUp</h3><table class="result"><tr class="param"><th>Parameter #1</th><th>Parameter #2</th><th>Parameter #3</th></tr><tr class="param stripe"><td>org.testng.TestRunner@d2cc9c1</td><td>public void mobile_tests.PaymentTests.verify_user_making_payment(java.lang.String) throws java.lang.InterruptedException</td><td>ios</td></tr><tr><th colspan="3">Exception</th></tr><tr><td colspan="3"><div class="stacktrace">org.openqa.selenium.SessionNotCreatedException: Could not start a new session. Response code 500. Message: Failed to prepare the Appium OSS Infrastructure: runWDA &gt; Cannot start run_wda after 120 retries : java.util.concurrent.ExecutionException - java.net.ConnectException: Failed to connect - received number 3, link:https://uscloud.experitest.com:443/reporter/#/test/1075/project/Art Of Testing - OSS/ 
Host info: host: &apos;Rahee-Khan&apos;, ip: &apos;fd41:8c9d:9153:c210:c8b:2aea:603c:3aaf%en0&apos;
Build info: version: &apos;4.15.0&apos;, revision: &apos;1d14b5521b&apos;
System info: os.name: &apos;Mac OS X&apos;, os.arch: &apos;x86_64&apos;, os.version: &apos;14.0&apos;, java.version: &apos;21.0.1&apos;
Driver info: io.appium.java_client.ios.IOSDriver
Command: [null, newSession {capabilities=[{appium:accessKey=eyJhbGciOiJIUzI1NiJ9.eyJ4cC51Ijo5ODU3OTgwLCJ4cC5wIjoxMDk4NzU5NCwieHAubSI6MTY4OTA4MTQ5ODEzOSwiZXhwIjoyMDEwNTkwNTk4LCJpc3MiOiJjb20uZXhwZXJpdGVzdCJ9.ar3l55jlt470f5fb8CPpkFeJ_UaNQMfpzLEjmfjmyd0, appium:appiumVersion=2.1.3, appium:automationName=XCUITest, browserName=Safari, appium:deviceQuery=@os=&apos;ios&apos; and @category=&apos;PHONE&apos; and contains(@region, &apos;US&apos;), platformName=IOS, appium:testName=verify_user_making_payment}], desiredCapabilities=Capabilities {accessKey: eyJhbGciOiJIUzI1NiJ9.eyJ4cC..., appiumVersion: 2.1.3, automationName: XCUITest, browserName: Safari, deviceQuery: @os=&apos;ios&apos; and @category=&apos;PH..., platformName: IOS, testName: verify_user_making_payment}}]
Capabilities {accessKey: eyJhbGciOiJIUzI1NiJ9.eyJ4cC..., appiumVersion: 2.1.3, automationName: XCUITest, browserName: Safari, deviceQuery: @os=&apos;ios&apos; and @category=&apos;PH..., platformName: IOS, testName: verify_user_making_payment}
	at org.openqa.selenium.remote.ProtocolHandshake.createSession(ProtocolHandshake.java:140)
	at io.appium.java_client.remote.AppiumProtocolHandshake.createSession(AppiumProtocolHandshake.java:133)
	at io.appium.java_client.remote.AppiumProtocolHandshake.createSession(AppiumProtocolHandshake.java:102)
	at io.appium.java_client.remote.AppiumCommandExecutor.createSession(AppiumCommandExecutor.java:194)
	at io.appium.java_client.remote.AppiumCommandExecutor.execute(AppiumCommandExecutor.java:262)
	at org.openqa.selenium.remote.RemoteWebDriver.execute(RemoteWebDriver.java:531)
	at io.appium.java_client.AppiumDriver.startSession(AppiumDriver.java:229)
	at org.openqa.selenium.remote.RemoteWebDriver.&lt;init&gt;(RemoteWebDriver.java:154)
	at io.appium.java_client.AppiumDriver.&lt;init&gt;(AppiumDriver.java:80)
	at io.appium.java_client.AppiumDriver.&lt;init&gt;(AppiumDriver.java:92)
	at io.appium.java_client.ios.IOSDriver.&lt;init&gt;(IOSDriver.java:106)
	at base.MobileDeviceDriver.setUp(MobileDeviceDriver.java:52)
	at java.base/java.util.ArrayList.forEach(ArrayList.java:1596)
	at java.base/java.util.concurrent.FutureTask.run(FutureTask.java:317)
	at java.base/java.util.concurrent.ThreadPoolExecutor.runWorker(ThreadPoolExecutor.java:1144)
	at java.base/java.util.concurrent.ThreadPoolExecutor$Worker.run(ThreadPoolExecutor.java:642)
	at java.base/java.lang.Thread.run(Thread.java:1583)
... Removed 22 stack frames</div></td></tr></table><p class="totop"><a href="#summary">back to summary</a></p>
<h3 id="m13">mobile_tests.PaymentTests#tearDown</h3><table class="result"><tr class="param"><th>Parameter #1</th><th>Parameter #2</th></tr><tr class="param stripe"><td>[TestResult name={null} status=CREATED method=PaymentTests.verify_user_making_payment(java.lang.String)[pri:0, instance:mobile_tests.PaymentTests@460d0a57] output={null}]</td><td>ios</td></tr><tr><th colspan="2">Exception</th></tr><tr><td colspan="2"><div class="stacktrace">java.lang.NullPointerException: Cannot invoke &quot;org.openqa.selenium.remote.RemoteWebDriver.quit()&quot; because the return value of &quot;base.MobileDeviceDriver.getDriver()&quot; is null
	at base.MobileDeviceDriver.tearDown(MobileDeviceDriver.java:82)
	at java.base/java.util.ArrayList.forEach(ArrayList.java:1596)
	at java.base/java.util.concurrent.FutureTask.run(FutureTask.java:317)
	at java.base/java.util.concurrent.ThreadPoolExecutor.runWorker(ThreadPoolExecutor.java:1144)
	at java.base/java.util.concurrent.ThreadPoolExecutor$Worker.run(ThreadPoolExecutor.java:642)
	at java.base/java.lang.Thread.run(Thread.java:1583)
... Removed 21 stack frames</div></td></tr></table><p class="totop"><a href="#summary">back to summary</a></p>
<h3 id="m14">mobile_tests.PaymentTests#verify_user_making_payment</h3><table class="result"><tr class="param"><th>Parameter #1</th></tr><tr class="param stripe"><td>ios</td></tr><tr><th>Exception</th></tr><tr><td><div class="stacktrace">org.openqa.selenium.SessionNotCreatedException: Could not start a new session. Response code 500. Message: Failed to prepare the Appium OSS Infrastructure: runWDA &gt; Cannot start run_wda after 120 retries : java.util.concurrent.ExecutionException - java.net.ConnectException: Failed to connect - received number 3, link:https://uscloud.experitest.com:443/reporter/#/test/1075/project/Art Of Testing - OSS/ 
Host info: host: &apos;Rahee-Khan&apos;, ip: &apos;fd41:8c9d:9153:c210:c8b:2aea:603c:3aaf%en0&apos;
Build info: version: &apos;4.15.0&apos;, revision: &apos;1d14b5521b&apos;
System info: os.name: &apos;Mac OS X&apos;, os.arch: &apos;x86_64&apos;, os.version: &apos;14.0&apos;, java.version: &apos;21.0.1&apos;
Driver info: io.appium.java_client.ios.IOSDriver
Command: [null, newSession {capabilities=[{appium:accessKey=eyJhbGciOiJIUzI1NiJ9.eyJ4cC51Ijo5ODU3OTgwLCJ4cC5wIjoxMDk4NzU5NCwieHAubSI6MTY4OTA4MTQ5ODEzOSwiZXhwIjoyMDEwNTkwNTk4LCJpc3MiOiJjb20uZXhwZXJpdGVzdCJ9.ar3l55jlt470f5fb8CPpkFeJ_UaNQMfpzLEjmfjmyd0, appium:appiumVersion=2.1.3, appium:automationName=XCUITest, browserName=Safari, appium:deviceQuery=@os=&apos;ios&apos; and @category=&apos;PHONE&apos; and contains(@region, &apos;US&apos;), platformName=IOS, appium:testName=verify_user_making_payment}], desiredCapabilities=Capabilities {accessKey: eyJhbGciOiJIUzI1NiJ9.eyJ4cC..., appiumVersion: 2.1.3, automationName: XCUITest, browserName: Safari, deviceQuery: @os=&apos;ios&apos; and @category=&apos;PH..., platformName: IOS, testName: verify_user_making_payment}}]
Capabilities {accessKey: eyJhbGciOiJIUzI1NiJ9.eyJ4cC..., appiumVersion: 2.1.3, automationName: XCUITest, browserName: Safari, deviceQuery: @os=&apos;ios&apos; and @category=&apos;PH..., platformName: IOS, testName: verify_user_making_payment}
	at org.openqa.selenium.remote.ProtocolHandshake.createSession(ProtocolHandshake.java:140)
	at io.appium.java_client.remote.AppiumProtocolHandshake.createSession(AppiumProtocolHandshake.java:133)
	at io.appium.java_client.remote.AppiumProtocolHandshake.createSession(AppiumProtocolHandshake.java:102)
	at io.appium.java_client.remote.AppiumCommandExecutor.createSession(AppiumCommandExecutor.java:194)
	at io.appium.java_client.remote.AppiumCommandExecutor.execute(AppiumCommandExecutor.java:262)
	at org.openqa.selenium.remote.RemoteWebDriver.execute(RemoteWebDriver.java:531)
	at io.appium.java_client.AppiumDriver.startSession(AppiumDriver.java:229)
	at org.openqa.selenium.remote.RemoteWebDriver.&lt;init&gt;(RemoteWebDriver.java:154)
	at io.appium.java_client.AppiumDriver.&lt;init&gt;(AppiumDriver.java:80)
	at io.appium.java_client.AppiumDriver.&lt;init&gt;(AppiumDriver.java:92)
	at io.appium.java_client.ios.IOSDriver.&lt;init&gt;(IOSDriver.java:106)
	at base.MobileDeviceDriver.setUp(MobileDeviceDriver.java:52)
	at java.base/java.util.ArrayList.forEach(ArrayList.java:1596)
	at java.base/java.util.concurrent.FutureTask.run(FutureTask.java:317)
	at java.base/java.util.concurrent.ThreadPoolExecutor.runWorker(ThreadPoolExecutor.java:1144)
	at java.base/java.util.concurrent.ThreadPoolExecutor$Worker.run(ThreadPoolExecutor.java:642)
	at java.base/java.lang.Thread.run(Thread.java:1583)
... Removed 22 stack frames</div></td></tr></table><p class="totop"><a href="#summary">back to summary</a></p>
<h3 id="m15">web_tests.MainPageTests#validate_title_test</h3><table class="result"><tr><th class="invisible"/></tr></table><p class="totop"><a href="#summary">back to summary</a></p>
<h2>Test_E2E_04_iOS</h2><h3 id="m16">mobile_tests.PaymentTests#verify_user_making_payment</h3><table class="result"><tr class="param"><th>Parameter #1</th></tr><tr class="param stripe"><td>ios</td></tr><tr><th>Exception</th></tr><tr><td><div class="stacktrace">java.lang.AssertionError: Amount has not been deducted. did not expect [35000] but found [35000]
	at mobile_tests.PaymentTests.verify_user_making_payment(PaymentTests.java:86)
	at java.base/java.util.ArrayList.forEach(ArrayList.java:1596)
	at java.base/java.util.concurrent.FutureTask.run(FutureTask.java:317)
	at java.base/java.util.concurrent.ThreadPoolExecutor.runWorker(ThreadPoolExecutor.java:1144)
	at java.base/java.util.concurrent.ThreadPoolExecutor$Worker.run(ThreadPoolExecutor.java:642)
	at java.base/java.lang.Thread.run(Thread.java:1583)
... Removed 20 stack frames</div></td></tr></table><p class="totop"><a href="#summary">back to summary</a></p>
<h3 id="m17">web_tests.MainPageTests#validate_title_test</h3><table class="result"><tr><th class="invisible"/></tr></table><p class="totop"><a href="#summary">back to summary</a></p>
<h2>Test_E2E_03_iOS</h2><h3 id="m18">mobile_tests.PaymentTests#verify_user_making_payment</h3><table class="result"><tr class="param"><th>Parameter #1</th></tr><tr class="param stripe"><td>ios</td></tr><tr><th>Exception</th></tr><tr><td><div class="stacktrace">java.lang.AssertionError: Amount has not been deducted. did not expect [35000] but found [35000]
	at mobile_tests.PaymentTests.verify_user_making_payment(PaymentTests.java:86)
	at java.base/java.util.ArrayList.forEach(ArrayList.java:1596)
	at java.base/java.util.concurrent.FutureTask.run(FutureTask.java:317)
	at java.base/java.util.concurrent.ThreadPoolExecutor.runWorker(ThreadPoolExecutor.java:1144)
	at java.base/java.util.concurrent.ThreadPoolExecutor$Worker.run(ThreadPoolExecutor.java:642)
	at java.base/java.lang.Thread.run(Thread.java:1583)
... Removed 20 stack frames</div></td></tr></table><p class="totop"><a href="#summary">back to summary</a></p>
<h3 id="m19">web_tests.MainPageTests#validate_title_test</h3><table class="result"><tr><th class="invisible"/></tr></table><p class="totop"><a href="#summary">back to summary</a></p>
<h2>Test_E2E_02_iOS</h2><h3 id="m20">mobile_tests.PaymentTests#setUp</h3><table class="result"><tr class="param"><th>Parameter #1</th><th>Parameter #2</th><th>Parameter #3</th></tr><tr class="param stripe"><td>org.testng.TestRunner@5afde1cc</td><td>public void mobile_tests.PaymentTests.verify_user_making_payment(java.lang.String) throws java.lang.InterruptedException</td><td>ios</td></tr><tr><th colspan="3">Exception</th></tr><tr><td colspan="3"><div class="stacktrace">org.openqa.selenium.SessionNotCreatedException: Could not start a new session. Possible causes are invalid address of the remote server or browser start-up failure. 
Host info: host: &apos;Rahee-Khan&apos;, ip: &apos;fd41:8c9d:9153:c210:c8b:2aea:603c:3aaf%en0&apos;
	at org.openqa.selenium.remote.RemoteWebDriver.execute(RemoteWebDriver.java:549)
	at io.appium.java_client.AppiumDriver.startSession(AppiumDriver.java:229)
	at org.openqa.selenium.remote.RemoteWebDriver.&lt;init&gt;(RemoteWebDriver.java:154)
	at io.appium.java_client.AppiumDriver.&lt;init&gt;(AppiumDriver.java:80)
	at io.appium.java_client.AppiumDriver.&lt;init&gt;(AppiumDriver.java:92)
	at io.appium.java_client.ios.IOSDriver.&lt;init&gt;(IOSDriver.java:106)
	at base.MobileDeviceDriver.setUp(MobileDeviceDriver.java:52)
	at java.base/java.util.ArrayList.forEach(ArrayList.java:1596)
	at java.base/java.util.concurrent.FutureTask.run(FutureTask.java:317)
	at java.base/java.util.concurrent.ThreadPoolExecutor.runWorker(ThreadPoolExecutor.java:1144)
	at java.base/java.util.concurrent.ThreadPoolExecutor$Worker.run(ThreadPoolExecutor.java:642)
	at java.base/java.lang.Thread.run(Thread.java:1583)
Build info: version: &apos;4.15.0&apos;, revision: &apos;1d14b5521b&apos;
System info: os.name: &apos;Mac OS X&apos;, os.arch: &apos;x86_64&apos;, os.version: &apos;14.0&apos;, java.version: &apos;21.0.1&apos;
Driver info: driver.version: MobileDeviceDriver
	at io.appium.java_client.remote.AppiumProtocolHandshake.createSession(AppiumProtocolHandshake.java:137)
	at io.appium.java_client.remote.AppiumProtocolHandshake.createSession(AppiumProtocolHandshake.java:102)
	at io.appium.java_client.remote.AppiumCommandExecutor.createSession(AppiumCommandExecutor.java:194)
	at io.appium.java_client.remote.AppiumCommandExecutor.execute(AppiumCommandExecutor.java:262)
	at org.openqa.selenium.remote.RemoteWebDriver.execute(RemoteWebDriver.java:531)
	... 31 more
	at io.appium.java_client.remote.AppiumProtocolHandshake.createSession(AppiumProtocolHandshake.java:133)
	... 35 more
Caused by: org.openqa.selenium.TimeoutException: java.util.concurrent.TimeoutException
Build info: version: &apos;4.15.0&apos;, revision: &apos;1d14b5521b&apos;
System info: os.name: &apos;Mac OS X&apos;, os.arch: &apos;x86_64&apos;, os.version: &apos;14.0&apos;, java.version: &apos;21.0.1&apos;
Driver info: driver.version: MobileDeviceDriver
	at org.openqa.selenium.remote.http.netty.NettyHttpHandler.makeCall(NettyHttpHandler.java:65)
	at org.openqa.selenium.remote.http.AddSeleniumUserAgent.lambda$apply$0(AddSeleniumUserAgent.java:42)
	at io.appium.java_client.remote.AppiumCommandExecutor.lambda$null$0(AppiumCommandExecutor.java:199)
	at org.openqa.selenium.remote.http.Filter.lambda$andFinally$1(Filter.java:55)
	at org.openqa.selenium.remote.http.netty.NettyHttpHandler.execute(NettyHttpHandler.java:48)
	at org.openqa.selenium.remote.http.AddSeleniumUserAgent.lambda$apply$0(AddSeleniumUserAgent.java:42)
	at io.appium.java_client.remote.AppiumCommandExecutor.lambda$null$0(AppiumCommandExecutor.java:199)
	at org.openqa.selenium.remote.http.Filter.lambda$andFinally$1(Filter.java:55)
	at org.openqa.selenium.remote.http.netty.NettyClient.execute(NettyClient.java:97)
	at org.openqa.selenium.remote.ProtocolHandshake.createSession(ProtocolHandshake.java:115)
	... 37 more
Caused by: java.util.concurrent.TimeoutException
	at java.base/java.util.concurrent.CompletableFuture.timedGet(CompletableFuture.java:1960)
	at java.base/java.util.concurrent.CompletableFuture.get(CompletableFuture.java:2095)
	at org.asynchttpclient.netty.NettyResponseFuture.get(NettyResponseFuture.java:206)
	at org.openqa.selenium.remote.http.netty.NettyHttpHandler.makeCall(NettyHttpHandler.java:59)
	... 47 more
... Removed 25 stack frames</div></td></tr></table><p class="totop"><a href="#summary">back to summary</a></p>
<h3 id="m21">mobile_tests.PaymentTests#tearDown</h3><table class="result"><tr class="param"><th>Parameter #1</th><th>Parameter #2</th></tr><tr class="param stripe"><td>[TestResult name={null} status=CREATED method=PaymentTests.verify_user_making_payment(java.lang.String)[pri:0, instance:mobile_tests.PaymentTests@433d61fb] output={null}]</td><td>ios</td></tr><tr><th colspan="2">Exception</th></tr><tr><td colspan="2"><div class="stacktrace">java.lang.NullPointerException: Cannot invoke &quot;org.openqa.selenium.remote.RemoteWebDriver.quit()&quot; because the return value of &quot;base.MobileDeviceDriver.getDriver()&quot; is null
	at base.MobileDeviceDriver.tearDown(MobileDeviceDriver.java:82)
	at java.base/java.util.ArrayList.forEach(ArrayList.java:1596)
	at java.base/java.util.concurrent.FutureTask.run(FutureTask.java:317)
	at java.base/java.util.concurrent.ThreadPoolExecutor.runWorker(ThreadPoolExecutor.java:1144)
	at java.base/java.util.concurrent.ThreadPoolExecutor$Worker.run(ThreadPoolExecutor.java:642)
	at java.base/java.lang.Thread.run(Thread.java:1583)
... Removed 21 stack frames</div></td></tr></table><p class="totop"><a href="#summary">back to summary</a></p>
<h3 id="m22">mobile_tests.PaymentTests#verify_user_making_payment</h3><table class="result"><tr class="param"><th>Parameter #1</th></tr><tr class="param stripe"><td>ios</td></tr><tr><th>Exception</th></tr><tr><td><div class="stacktrace">org.openqa.selenium.SessionNotCreatedException: Could not start a new session. Possible causes are invalid address of the remote server or browser start-up failure. 
Host info: host: &apos;Rahee-Khan&apos;, ip: &apos;fd41:8c9d:9153:c210:c8b:2aea:603c:3aaf%en0&apos;
	at org.openqa.selenium.remote.RemoteWebDriver.execute(RemoteWebDriver.java:549)
	at io.appium.java_client.AppiumDriver.startSession(AppiumDriver.java:229)
	at org.openqa.selenium.remote.RemoteWebDriver.&lt;init&gt;(RemoteWebDriver.java:154)
	at io.appium.java_client.AppiumDriver.&lt;init&gt;(AppiumDriver.java:80)
	at io.appium.java_client.AppiumDriver.&lt;init&gt;(AppiumDriver.java:92)
	at io.appium.java_client.ios.IOSDriver.&lt;init&gt;(IOSDriver.java:106)
	at base.MobileDeviceDriver.setUp(MobileDeviceDriver.java:52)
	at java.base/java.util.ArrayList.forEach(ArrayList.java:1596)
	at java.base/java.util.concurrent.FutureTask.run(FutureTask.java:317)
	at java.base/java.util.concurrent.ThreadPoolExecutor.runWorker(ThreadPoolExecutor.java:1144)
	at java.base/java.util.concurrent.ThreadPoolExecutor$Worker.run(ThreadPoolExecutor.java:642)
	at java.base/java.lang.Thread.run(Thread.java:1583)
Build info: version: &apos;4.15.0&apos;, revision: &apos;1d14b5521b&apos;
System info: os.name: &apos;Mac OS X&apos;, os.arch: &apos;x86_64&apos;, os.version: &apos;14.0&apos;, java.version: &apos;21.0.1&apos;
Driver info: driver.version: MobileDeviceDriver
	at io.appium.java_client.remote.AppiumProtocolHandshake.createSession(AppiumProtocolHandshake.java:137)
	at io.appium.java_client.remote.AppiumProtocolHandshake.createSession(AppiumProtocolHandshake.java:102)
	at io.appium.java_client.remote.AppiumCommandExecutor.createSession(AppiumCommandExecutor.java:194)
	at io.appium.java_client.remote.AppiumCommandExecutor.execute(AppiumCommandExecutor.java:262)
	at org.openqa.selenium.remote.RemoteWebDriver.execute(RemoteWebDriver.java:531)
	... 31 more
	at io.appium.java_client.remote.AppiumProtocolHandshake.createSession(AppiumProtocolHandshake.java:133)
	... 35 more
Caused by: org.openqa.selenium.TimeoutException: java.util.concurrent.TimeoutException
Build info: version: &apos;4.15.0&apos;, revision: &apos;1d14b5521b&apos;
System info: os.name: &apos;Mac OS X&apos;, os.arch: &apos;x86_64&apos;, os.version: &apos;14.0&apos;, java.version: &apos;21.0.1&apos;
Driver info: driver.version: MobileDeviceDriver
	at org.openqa.selenium.remote.http.netty.NettyHttpHandler.makeCall(NettyHttpHandler.java:65)
	at org.openqa.selenium.remote.http.AddSeleniumUserAgent.lambda$apply$0(AddSeleniumUserAgent.java:42)
	at io.appium.java_client.remote.AppiumCommandExecutor.lambda$null$0(AppiumCommandExecutor.java:199)
	at org.openqa.selenium.remote.http.Filter.lambda$andFinally$1(Filter.java:55)
	at org.openqa.selenium.remote.http.netty.NettyHttpHandler.execute(NettyHttpHandler.java:48)
	at org.openqa.selenium.remote.http.AddSeleniumUserAgent.lambda$apply$0(AddSeleniumUserAgent.java:42)
	at io.appium.java_client.remote.AppiumCommandExecutor.lambda$null$0(AppiumCommandExecutor.java:199)
	at org.openqa.selenium.remote.http.Filter.lambda$andFinally$1(Filter.java:55)
	at org.openqa.selenium.remote.http.netty.NettyClient.execute(NettyClient.java:97)
	at org.openqa.selenium.remote.ProtocolHandshake.createSession(ProtocolHandshake.java:115)
	... 37 more
Caused by: java.util.concurrent.TimeoutException
	at java.base/java.util.concurrent.CompletableFuture.timedGet(CompletableFuture.java:1960)
	at java.base/java.util.concurrent.CompletableFuture.get(CompletableFuture.java:2095)
	at org.asynchttpclient.netty.NettyResponseFuture.get(NettyResponseFuture.java:206)
	at org.openqa.selenium.remote.http.netty.NettyHttpHandler.makeCall(NettyHttpHandler.java:59)
	... 47 more
... Removed 25 stack frames</div></td></tr></table><p class="totop"><a href="#summary">back to summary</a></p>
<h3 id="m23">web_tests.MainPageTests#validate_title_test</h3><table class="result"><tr><th class="invisible"/></tr></table><p class="totop"><a href="#summary">back to summary</a></p>
<h2>Test_E2E_04_Safari</h2><h3 id="m24">web_tests.MainPageTests#validate_title_test</h3><table class="result"><tr><th class="invisible"/></tr></table><p class="totop"><a href="#summary">back to summary</a></p>
<h3 id="m25">web_tests.PaymentTests#validate_user_payment_test</h3><table class="result"><tr><th class="invisible"/></tr></table><p class="totop"><a href="#summary">back to summary</a></p>
<h2>Test_E2E_02_Safari</h2><h3 id="m26">web_tests.MainPageTests#validate_title_test</h3><table class="result"><tr><th class="invisible"/></tr></table><p class="totop"><a href="#summary">back to summary</a></p>
<h3 id="m27">web_tests.PaymentTests#validate_user_payment_test</h3><table class="result"><tr><th class="invisible"/></tr></table><p class="totop"><a href="#summary">back to summary</a></p>
<h2>Test_E2E_05_Safari</h2><h3 id="m28">web_tests.MainPageTests#validate_title_test</h3><table class="result"><tr><th class="invisible"/></tr></table><p class="totop"><a href="#summary">back to summary</a></p>
<h3 id="m29">web_tests.PaymentTests#validate_user_payment_test</h3><table class="result"><tr><th class="invisible"/></tr></table><p class="totop"><a href="#summary">back to summary</a></p>
<h2>Test_E2E_01_Edge</h2><h3 id="m30">web_tests.MainPageTests#validate_title_test</h3><table class="result"><tr><th class="invisible"/></tr></table><p class="totop"><a href="#summary">back to summary</a></p>
<h3 id="m31">web_tests.PaymentTests#validate_user_payment_test</h3><table class="result"><tr><th class="invisible"/></tr></table><p class="totop"><a href="#summary">back to summary</a></p>
<h2>Test_E2E_04_Edge</h2><h3 id="m32">web_tests.MainPageTests#validate_title_test</h3><table class="result"><tr><th class="invisible"/></tr></table><p class="totop"><a href="#summary">back to summary</a></p>
<h3 id="m33">web_tests.PaymentTests#validate_user_payment_test</h3><table class="result"><tr><th class="invisible"/></tr></table><p class="totop"><a href="#summary">back to summary</a></p>
<h2>Test_E2E_04_Chrome</h2><h3 id="m34">web_tests.MainPageTests#validate_title_test</h3><table class="result"><tr><th class="invisible"/></tr></table><p class="totop"><a href="#summary">back to summary</a></p>
<h3 id="m35">web_tests.PaymentTests#validate_user_payment_test</h3><table class="result"><tr><th class="invisible"/></tr></table><p class="totop"><a href="#summary">back to summary</a></p>
<h2>Test_E2E_03_Edge</h2><h3 id="m36">web_tests.MainPageTests#validate_title_test</h3><table class="result"><tr><th class="invisible"/></tr></table><p class="totop"><a href="#summary">back to summary</a></p>
<h3 id="m37">web_tests.PaymentTests#validate_user_payment_test</h3><table class="result"><tr><th class="invisible"/></tr></table><p class="totop"><a href="#summary">back to summary</a></p>
<h2>Test_E2E_01_Chrome</h2><h3 id="m38">web_tests.MainPageTests#validate_title_test</h3><table class="result"><tr><th class="invisible"/></tr></table><p class="totop"><a href="#summary">back to summary</a></p>
<h3 id="m39">web_tests.PaymentTests#validate_user_payment_test</h3><table class="result"><tr><th class="invisible"/></tr></table><p class="totop"><a href="#summary">back to summary</a></p>
<h2>Test_E2E_02_Chrome</h2><h3 id="m40">web_tests.MainPageTests#validate_title_test</h3><table class="result"><tr><th class="invisible"/></tr></table><p class="totop"><a href="#summary">back to summary</a></p>
<h3 id="m41">web_tests.PaymentTests#validate_user_payment_test</h3><table class="result"><tr><th class="invisible"/></tr></table><p class="totop"><a href="#summary">back to summary</a></p>
<h2>Test_E2E_05_Chrome</h2><h3 id="m42">web_tests.MainPageTests#validate_title_test</h3><table class="result"><tr><th class="invisible"/></tr></table><p class="totop"><a href="#summary">back to summary</a></p>
<h3 id="m43">web_tests.PaymentTests#validate_user_payment_test</h3><table class="result"><tr><th class="invisible"/></tr></table><p class="totop"><a href="#summary">back to summary</a></p>
<h2>Test_E2E_03_Safari</h2><h3 id="m44">web_tests.MainPageTests#validate_title_test</h3><table class="result"><tr><th class="invisible"/></tr></table><p class="totop"><a href="#summary">back to summary</a></p>
<h3 id="m45">web_tests.PaymentTests#validate_user_payment_test</h3><table class="result"><tr><th class="invisible"/></tr></table><p class="totop"><a href="#summary">back to summary</a></p>
<h2>Test_E2E_01_Safari</h2><h3 id="m46">web_tests.MainPageTests#validate_title_test</h3><table class="result"><tr><th class="invisible"/></tr></table><p class="totop"><a href="#summary">back to summary</a></p>
<h3 id="m47">web_tests.PaymentTests#validate_user_payment_test</h3><table class="result"><tr><th class="invisible"/></tr></table><p class="totop"><a href="#summary">back to summary</a></p>
<h2>Test_E2E_05_Edge</h2><h3 id="m48">web_tests.MainPageTests#validate_title_test</h3><table class="result"><tr><th class="invisible"/></tr></table><p class="totop"><a href="#summary">back to summary</a></p>
<h3 id="m49">web_tests.PaymentTests#validate_user_payment_test</h3><table class="result"><tr><th class="invisible"/></tr></table><p class="totop"><a href="#summary">back to summary</a></p>
<h2>Test_E2E_05_Firefox</h2><h3 id="m50">web_tests.MainPageTests#validate_title_test</h3><table class="result"><tr><th class="invisible"/></tr></table><p class="totop"><a href="#summary">back to summary</a></p>
<h3 id="m51">web_tests.PaymentTests#validate_user_payment_test</h3><table class="result"><tr><th class="invisible"/></tr></table><p class="totop"><a href="#summary">back to summary</a></p>
<h2>Test_E2E_02_Firefox</h2><h3 id="m52">web_tests.MainPageTests#validate_title_test</h3><table class="result"><tr><th class="invisible"/></tr></table><p class="totop"><a href="#summary">back to summary</a></p>
<h3 id="m53">web_tests.PaymentTests#validate_user_payment_test</h3><table class="result"><tr><th class="invisible"/></tr></table><p class="totop"><a href="#summary">back to summary</a></p>
<h2>Test_E2E_01_Firefox</h2><h3 id="m54">web_tests.MainPageTests#validate_title_test</h3><table class="result"><tr><th class="invisible"/></tr></table><p class="totop"><a href="#summary">back to summary</a></p>
<h3 id="m55">web_tests.PaymentTests#validate_user_payment_test</h3><table class="result"><tr><th class="invisible"/></tr></table><p class="totop"><a href="#summary">back to summary</a></p>
<h2>Test_E2E_02_Edge</h2><h3 id="m56">web_tests.MainPageTests#validate_title_test</h3><table class="result"><tr><th class="invisible"/></tr></table><p class="totop"><a href="#summary">back to summary</a></p>
<h3 id="m57">web_tests.PaymentTests#validate_user_payment_test</h3><table class="result"><tr><th class="invisible"/></tr></table><p class="totop"><a href="#summary">back to summary</a></p>
<h2>Test_E2E_03_Firefox</h2><h3 id="m58">web_tests.MainPageTests#validate_title_test</h3><table class="result"><tr><th class="invisible"/></tr></table><p class="totop"><a href="#summary">back to summary</a></p>
<h3 id="m59">web_tests.PaymentTests#validate_user_payment_test</h3><table class="result"><tr><th class="invisible"/></tr></table><p class="totop"><a href="#summary">back to summary</a></p>
<h2>Test_E2E_03_Chrome</h2><h3 id="m60">web_tests.MainPageTests#validate_title_test</h3><table class="result"><tr><th class="invisible"/></tr></table><p class="totop"><a href="#summary">back to summary</a></p>
<h3 id="m61">web_tests.PaymentTests#validate_user_payment_test</h3><table class="result"><tr><th class="invisible"/></tr></table><p class="totop"><a href="#summary">back to summary</a></p>
<h2>Test_E2E_04_Firefox</h2><h3 id="m62">web_tests.PaymentTests#tearDown</h3><table class="result"><tr class="param"><th>Parameter #1</th><th>Parameter #2</th></tr><tr class="param stripe"><td>[TestResult name=validate_user_payment_test status=FAILURE method=PaymentTests.validate_user_payment_test()[pri:0, instance:web_tests.PaymentTests@12d4bf7e] output={null}]</td><td>firefox</td></tr><tr><th colspan="2">Exception</th></tr><tr><td colspan="2"><div class="stacktrace">org.openqa.selenium.TimeoutException: java.util.concurrent.TimeoutException
Build info: version: &apos;4.15.0&apos;, revision: &apos;1d14b5521b&apos;
System info: os.name: &apos;Mac OS X&apos;, os.arch: &apos;x86_64&apos;, os.version: &apos;14.0&apos;, java.version: &apos;21.0.1&apos;
Driver info: org.openqa.selenium.remote.RemoteWebDriver
Command: [daf851fb-04aa-4d33-b39a-a00ebdf6d386, quit {}]
Capabilities {acceptInsecureCerts: false, agentName: sgdemo-selmac-01, browserName: firefox, browserVersion: 118.0.2, experitest:testName: validate_user_payment_test, moz:accessibilityChecks: false, moz:buildID: 20231009140911, moz:debuggerAddress: 127.0.0.1:58869, moz:geckodriverVersion: 0.33.0, moz:headless: false, moz:platformVersion: 22.2.0, moz:processID: 79685, moz:profile: /var/folders/xg/___n2mbn5xs..., moz:shutdownTimeout: 60000, moz:webdriverClick: true, moz:windowless: false, pageLoadStrategy: normal, platformName: mac, proxy: Proxy(), reportTestId: 1072, reportUrl: https://uscloud.experitest...., se:cdp: wss://sgregion.experitest.c..., se:cdpVersion: 118.0.2, sessionId: daf851fb-04aa-4d33-b39a-a00..., setWindowRect: true, strictFileInteractability: false, timeouts: {implicit: 0, pageLoad: 300000, script: 30000}, unhandledPromptBehavior: dismiss and notify, viewUrl: https://sgregion.experitest...}
Session ID: daf851fb-04aa-4d33-b39a-a00ebdf6d386
	at org.openqa.selenium.remote.http.netty.NettyHttpHandler.makeCall(NettyHttpHandler.java:65)
	at org.openqa.selenium.remote.http.AddSeleniumUserAgent.lambda$apply$0(AddSeleniumUserAgent.java:42)
	at org.openqa.selenium.remote.http.Filter.lambda$andFinally$1(Filter.java:55)
	at org.openqa.selenium.remote.http.netty.NettyHttpHandler.execute(NettyHttpHandler.java:48)
	at org.openqa.selenium.remote.http.AddSeleniumUserAgent.lambda$apply$0(AddSeleniumUserAgent.java:42)
	at org.openqa.selenium.remote.http.Filter.lambda$andFinally$1(Filter.java:55)
	at org.openqa.selenium.remote.http.netty.NettyClient.execute(NettyClient.java:97)
	at org.openqa.selenium.remote.tracing.TracedHttpClient.execute(TracedHttpClient.java:54)
	at org.openqa.selenium.remote.HttpCommandExecutor.execute(HttpCommandExecutor.java:188)
	at org.openqa.selenium.remote.TracedCommandExecutor.execute(TracedCommandExecutor.java:51)
	at org.openqa.selenium.remote.RemoteWebDriver.execute(RemoteWebDriver.java:531)
	at org.openqa.selenium.remote.RemoteWebDriver.execute(RemoteWebDriver.java:590)
	at org.openqa.selenium.remote.RemoteWebDriver.execute(RemoteWebDriver.java:594)
	at org.openqa.selenium.remote.RemoteWebDriver.quit(RemoteWebDriver.java:446)
	at base.DesktopBrowserDriver.tearDown(DesktopBrowserDriver.java:69)
	at java.base/java.util.ArrayList.forEach(ArrayList.java:1596)
	at java.base/java.util.concurrent.FutureTask.run(FutureTask.java:317)
	at java.base/java.util.concurrent.ThreadPoolExecutor.runWorker(ThreadPoolExecutor.java:1144)
	at java.base/java.util.concurrent.ThreadPoolExecutor$Worker.run(ThreadPoolExecutor.java:642)
	at java.base/java.lang.Thread.run(Thread.java:1583)
Caused by: java.util.concurrent.TimeoutException
	at java.base/java.util.concurrent.CompletableFuture.timedGet(CompletableFuture.java:1960)
	at java.base/java.util.concurrent.CompletableFuture.get(CompletableFuture.java:2095)
	at org.asynchttpclient.netty.NettyResponseFuture.get(NettyResponseFuture.java:206)
	at org.openqa.selenium.remote.http.netty.NettyHttpHandler.makeCall(NettyHttpHandler.java:59)
	... 40 more
... Removed 21 stack frames</div></td></tr></table><p class="totop"><a href="#summary">back to summary</a></p>
<h3 id="m63">web_tests.PaymentTests#validate_user_payment_test</h3><table class="result"><tr><th>Exception</th></tr><tr><td><div class="stacktrace">org.openqa.selenium.TimeoutException: java.util.concurrent.TimeoutException
Build info: version: &apos;4.15.0&apos;, revision: &apos;1d14b5521b&apos;
System info: os.name: &apos;Mac OS X&apos;, os.arch: &apos;x86_64&apos;, os.version: &apos;14.0&apos;, java.version: &apos;21.0.1&apos;
Driver info: org.openqa.selenium.remote.RemoteWebDriver
Command: [daf851fb-04aa-4d33-b39a-a00ebdf6d386, findElement {using=id, value=country-arrow}]
Capabilities {acceptInsecureCerts: false, agentName: sgdemo-selmac-01, browserName: firefox, browserVersion: 118.0.2, experitest:testName: validate_user_payment_test, moz:accessibilityChecks: false, moz:buildID: 20231009140911, moz:debuggerAddress: 127.0.0.1:58869, moz:geckodriverVersion: 0.33.0, moz:headless: false, moz:platformVersion: 22.2.0, moz:processID: 79685, moz:profile: /var/folders/xg/___n2mbn5xs..., moz:shutdownTimeout: 60000, moz:webdriverClick: true, moz:windowless: false, pageLoadStrategy: normal, platformName: mac, proxy: Proxy(), reportTestId: 1072, reportUrl: https://uscloud.experitest...., se:cdp: wss://sgregion.experitest.c..., se:cdpVersion: 118.0.2, sessionId: daf851fb-04aa-4d33-b39a-a00..., setWindowRect: true, strictFileInteractability: false, timeouts: {implicit: 0, pageLoad: 300000, script: 30000}, unhandledPromptBehavior: dismiss and notify, viewUrl: https://sgregion.experitest...}
Session ID: daf851fb-04aa-4d33-b39a-a00ebdf6d386
	at org.openqa.selenium.remote.http.netty.NettyHttpHandler.makeCall(NettyHttpHandler.java:65)
	at org.openqa.selenium.remote.http.AddSeleniumUserAgent.lambda$apply$0(AddSeleniumUserAgent.java:42)
	at org.openqa.selenium.remote.http.Filter.lambda$andFinally$1(Filter.java:55)
	at org.openqa.selenium.remote.http.netty.NettyHttpHandler.execute(NettyHttpHandler.java:48)
	at org.openqa.selenium.remote.http.AddSeleniumUserAgent.lambda$apply$0(AddSeleniumUserAgent.java:42)
	at org.openqa.selenium.remote.http.Filter.lambda$andFinally$1(Filter.java:55)
	at org.openqa.selenium.remote.http.netty.NettyClient.execute(NettyClient.java:97)
	at org.openqa.selenium.remote.tracing.TracedHttpClient.execute(TracedHttpClient.java:54)
	at org.openqa.selenium.remote.HttpCommandExecutor.execute(HttpCommandExecutor.java:188)
	at org.openqa.selenium.remote.TracedCommandExecutor.execute(TracedCommandExecutor.java:51)
	at org.openqa.selenium.remote.RemoteWebDriver.execute(RemoteWebDriver.java:531)
	at org.openqa.selenium.remote.ElementLocation$ElementFinder$2.findElement(ElementLocation.java:165)
	at org.openqa.selenium.remote.ElementLocation.findElement(ElementLocation.java:66)
	at org.openqa.selenium.remote.RemoteWebDriver.findElement(RemoteWebDriver.java:350)
	at org.openqa.selenium.remote.RemoteWebDriver.findElement(RemoteWebDriver.java:344)
	at web_tests.PaymentTests.validate_user_payment_test(PaymentTests.java:51)
	at java.base/java.util.ArrayList.forEach(ArrayList.java:1596)
	at java.base/java.util.concurrent.FutureTask.run(FutureTask.java:317)
	at java.base/java.util.concurrent.ThreadPoolExecutor.runWorker(ThreadPoolExecutor.java:1144)
	at java.base/java.util.concurrent.ThreadPoolExecutor$Worker.run(ThreadPoolExecutor.java:642)
	at java.base/java.lang.Thread.run(Thread.java:1583)
Caused by: java.util.concurrent.TimeoutException
	at java.base/java.util.concurrent.CompletableFuture.timedGet(CompletableFuture.java:1960)
	at java.base/java.util.concurrent.CompletableFuture.get(CompletableFuture.java:2095)
	at org.asynchttpclient.netty.NettyResponseFuture.get(NettyResponseFuture.java:206)
	at org.openqa.selenium.remote.http.netty.NettyHttpHandler.makeCall(NettyHttpHandler.java:59)
	... 36 more
... Removed 16 stack frames</div></td></tr></table><p class="totop"><a href="#summary">back to summary</a></p>
<h3 id="m64">web_tests.MainPageTests#validate_title_test</h3><table class="result"><tr><th class="invisible"/></tr></table><p class="totop"><a href="#summary">back to summary</a></p>
</body>
</html>
