<!DOCTYPE html>

<html>
  <head>
  <meta charset='utf-8'>
  <title>TestNG reports</title>

    <link type="text/css" href="testng-reports1.css" rel="stylesheet" id="ultra" />
    <link type="text/css" href="testng-reports.css" rel="stylesheet" id="retro" disabled="false"/>
    <script type="text/javascript" src="jquery.min.js"></script>
    <script type="text/javascript" src="testng-reports.js"></script>
    <script type="text/javascript" src="https://www.google.com/jsapi"></script>
    <script type='text/javascript'>
      google.load('visualization', '1', {packages:['table']});
      google.setOnLoadCallback(drawTable);
      var suiteTableInitFunctions = new Array();
      var suiteTableData = new Array();
    </script>
    <!--
      <script type="text/javascript" src="jquery-ui/js/jquery-ui-1.8.16.custom.min.js"></script>
     -->
  </head>

  <body>
    <div class="top-banner-root">
      <span class="top-banner-title-font">Test results</span>
      <button id="button" class="button">Switch Retro Theme</button> <!-- button -->
      <br/>
      <span class="top-banner-font-1">2 suites, 4 failed tests</span>
    </div> <!-- top-banner-root -->
    <div class="navigator-root">
      <div class="navigator-suite-header">
        <span>All suites</span>
        <a href="#" title="Collapse/expand all the suites" class="collapse-all-link">
          <img src="collapseall.gif" class="collapse-all-icon">
          </img> <!-- collapse-all-icon -->
        </a> <!-- collapse-all-link -->
      </div> <!-- navigator-suite-header -->
      <div class="suite">
        <div class="rounded-window">
          <div class="suite-header light-rounded-window-top">
            <a href="#" panel-name="suite-Test_Automation__0_" class="navigator-link">
              <span class="suite-name border-failed">Test Automation (0)</span>
            </a> <!-- navigator-link -->
          </div> <!-- suite-header light-rounded-window-top -->
          <div class="navigator-suite-content">
            <div class="suite-section-title">
              <span>Info</span>
            </div> <!-- suite-section-title -->
            <div class="suite-section-content">
              <ul>
                <li>
                  <a href="#" panel-name="test-xml-Test_Automation__0_" class="navigator-link ">
                    <span>mobile_tests.xml</span>
                  </a> <!-- navigator-link  -->
                </li>
                <li>
                  <a href="#" panel-name="testlist-Test_Automation__0_" class="navigator-link ">
                    <span class="test-stats">10 tests</span>
                  </a> <!-- navigator-link  -->
                </li>
                <li>
                  <a href="#" panel-name="group-Test_Automation__0_" class="navigator-link ">
                    <span>0 groups</span>
                  </a> <!-- navigator-link  -->
                </li>
                <li>
                  <a href="#" panel-name="times-Test_Automation__0_" class="navigator-link ">
                    <span>Times</span>
                  </a> <!-- navigator-link  -->
                </li>
                <li>
                  <a href="#" panel-name="reporter-Test_Automation__0_" class="navigator-link ">
                    <span>Reporter output</span>
                  </a> <!-- navigator-link  -->
                </li>
                <li>
                  <a href="#" panel-name="ignored-methods-Test_Automation__0_" class="navigator-link ">
                    <span>Ignored methods</span>
                  </a> <!-- navigator-link  -->
                </li>
                <li>
                  <a href="#" panel-name="chronological-Test_Automation__0_" class="navigator-link ">
                    <span>Chronological view</span>
                  </a> <!-- navigator-link  -->
                </li>
              </ul>
            </div> <!-- suite-section-content -->
            <div class="result-section">
              <div class="suite-section-title">
                <span>Results</span>
              </div> <!-- suite-section-title -->
              <div class="suite-section-content">
                <ul>
                  <li>
                    <span class="method-stats">10 methods, 4 failed,  3 skipped,  3 passed</span>
                  </li>
                  <li>
                    <span class="method-list-title failed">Failed methods</span>
                    <span class="show-or-hide-methods failed">
                      <a href="#" panel-name="suite-Test_Automation__0_" class="hide-methods failed suite-Test_Automation__0_"> (hide)</a> <!-- hide-methods failed suite-Test_Automation__0_ -->
                      <a href="#" panel-name="suite-Test_Automation__0_" class="show-methods failed suite-Test_Automation__0_"> (show)</a> <!-- show-methods failed suite-Test_Automation__0_ -->
                    </span>
                    <div class="method-list-content failed suite-Test_Automation__0_">
                      <span>
                        <img src="failed.png" width="3%"/>
                        <a href="#" panel-name="suite-Test_Automation__0_" title="mobile_tests.BankingApplicationPaymentTests" class="method navigator-link" hash-for-method="verify_user_making_payment(android)">verify_user_making_payment(android)</a> <!-- method navigator-link -->
                      </span>
                      <br/>
                      <span>
                        <img src="failed.png" width="3%"/>
                        <a href="#" panel-name="suite-Test_Automation__0_" title="mobile_tests.BankingApplicationPaymentTests" class="method navigator-link" hash-for-method="verify_user_making_payment(ios)">verify_user_making_payment(ios)</a> <!-- method navigator-link -->
                      </span>
                      <br/>
                      <span>
                        <img src="failed.png" width="3%"/>
                        <a href="#" panel-name="suite-Test_Automation__0_" title="mobile_tests.BankingApplicationPaymentTests" class="method navigator-link" hash-for-method="verify_user_making_payment(ios)">verify_user_making_payment(ios)</a> <!-- method navigator-link -->
                      </span>
                      <br/>
                      <span>
                        <img src="failed.png" width="3%"/>
                        <a href="#" panel-name="suite-Test_Automation__0_" title="mobile_tests.BankingApplicationPaymentTests" class="method navigator-link" hash-for-method="verify_user_making_payment(ios)">verify_user_making_payment(ios)</a> <!-- method navigator-link -->
                      </span>
                      <br/>
                    </div> <!-- method-list-content failed suite-Test_Automation__0_ -->
                  </li>
                  <li>
                    <span class="method-list-title skipped">Skipped methods</span>
                    <span class="show-or-hide-methods skipped">
                      <a href="#" panel-name="suite-Test_Automation__0_" class="hide-methods skipped suite-Test_Automation__0_"> (hide)</a> <!-- hide-methods skipped suite-Test_Automation__0_ -->
                      <a href="#" panel-name="suite-Test_Automation__0_" class="show-methods skipped suite-Test_Automation__0_"> (show)</a> <!-- show-methods skipped suite-Test_Automation__0_ -->
                    </span>
                    <div class="method-list-content skipped suite-Test_Automation__0_">
                      <span>
                        <img src="skipped.png" width="3%"/>
                        <a href="#" panel-name="suite-Test_Automation__0_" title="mobile_tests.BankingApplicationPaymentTests" class="method navigator-link" hash-for-method="verify_user_making_payment(ios)">verify_user_making_payment(ios)</a> <!-- method navigator-link -->
                      </span>
                      <br/>
                      <span>
                        <img src="skipped.png" width="3%"/>
                        <a href="#" panel-name="suite-Test_Automation__0_" title="mobile_tests.BankingApplicationPaymentTests" class="method navigator-link" hash-for-method="verify_user_making_payment(android)">verify_user_making_payment(android)</a> <!-- method navigator-link -->
                      </span>
                      <br/>
                      <span>
                        <img src="skipped.png" width="3%"/>
                        <a href="#" panel-name="suite-Test_Automation__0_" title="mobile_tests.BankingApplicationPaymentTests" class="method navigator-link" hash-for-method="verify_user_making_payment(ios)">verify_user_making_payment(ios)</a> <!-- method navigator-link -->
                      </span>
                      <br/>
                    </div> <!-- method-list-content skipped suite-Test_Automation__0_ -->
                  </li>
                  <li>
                    <span class="method-list-title passed">Passed methods</span>
                    <span class="show-or-hide-methods passed">
                      <a href="#" panel-name="suite-Test_Automation__0_" class="hide-methods passed suite-Test_Automation__0_"> (hide)</a> <!-- hide-methods passed suite-Test_Automation__0_ -->
                      <a href="#" panel-name="suite-Test_Automation__0_" class="show-methods passed suite-Test_Automation__0_"> (show)</a> <!-- show-methods passed suite-Test_Automation__0_ -->
                    </span>
                    <div class="method-list-content passed suite-Test_Automation__0_">
                      <span>
                        <img src="passed.png" width="3%"/>
                        <a href="#" panel-name="suite-Test_Automation__0_" title="mobile_tests.BankingApplicationPaymentTests" class="method navigator-link" hash-for-method="verify_user_making_payment(android)">verify_user_making_payment(android)</a> <!-- method navigator-link -->
                      </span>
                      <br/>
                      <span>
                        <img src="passed.png" width="3%"/>
                        <a href="#" panel-name="suite-Test_Automation__0_" title="mobile_tests.BankingApplicationPaymentTests" class="method navigator-link" hash-for-method="verify_user_making_payment(android)">verify_user_making_payment(android)</a> <!-- method navigator-link -->
                      </span>
                      <br/>
                      <span>
                        <img src="passed.png" width="3%"/>
                        <a href="#" panel-name="suite-Test_Automation__0_" title="mobile_tests.BankingApplicationPaymentTests" class="method navigator-link" hash-for-method="verify_user_making_payment(android)">verify_user_making_payment(android)</a> <!-- method navigator-link -->
                      </span>
                      <br/>
                    </div> <!-- method-list-content passed suite-Test_Automation__0_ -->
                  </li>
                </ul>
              </div> <!-- suite-section-content -->
            </div> <!-- result-section -->
          </div> <!-- navigator-suite-content -->
        </div> <!-- rounded-window -->
      </div> <!-- suite -->
      <div class="suite">
        <div class="rounded-window">
          <div class="suite-header light-rounded-window-top">
            <a href="#" panel-name="suite-Test_Automation" class="navigator-link">
              <span class="suite-name border-passed">Test Automation</span>
            </a> <!-- navigator-link -->
          </div> <!-- suite-header light-rounded-window-top -->
          <div class="navigator-suite-content">
            <div class="suite-section-title">
              <span>Info</span>
            </div> <!-- suite-section-title -->
            <div class="suite-section-content">
              <ul>
                <li>
                  <a href="#" panel-name="test-xml-Test_Automation" class="navigator-link ">
                    <span>browser_tests.xml</span>
                  </a> <!-- navigator-link  -->
                </li>
                <li>
                  <a href="#" panel-name="testlist-Test_Automation" class="navigator-link ">
                    <span class="test-stats">20 tests</span>
                  </a> <!-- navigator-link  -->
                </li>
                <li>
                  <a href="#" panel-name="group-Test_Automation" class="navigator-link ">
                    <span>0 groups</span>
                  </a> <!-- navigator-link  -->
                </li>
                <li>
                  <a href="#" panel-name="times-Test_Automation" class="navigator-link ">
                    <span>Times</span>
                  </a> <!-- navigator-link  -->
                </li>
                <li>
                  <a href="#" panel-name="reporter-Test_Automation" class="navigator-link ">
                    <span>Reporter output</span>
                  </a> <!-- navigator-link  -->
                </li>
                <li>
                  <a href="#" panel-name="ignored-methods-Test_Automation" class="navigator-link ">
                    <span>Ignored methods</span>
                  </a> <!-- navigator-link  -->
                </li>
                <li>
                  <a href="#" panel-name="chronological-Test_Automation" class="navigator-link ">
                    <span>Chronological view</span>
                  </a> <!-- navigator-link  -->
                </li>
              </ul>
            </div> <!-- suite-section-content -->
            <div class="result-section">
              <div class="suite-section-title">
                <span>Results</span>
              </div> <!-- suite-section-title -->
              <div class="suite-section-content">
                <ul>
                  <li>
                    <span class="method-stats">20 methods,   20 passed</span>
                  </li>
                  <li>
                    <span class="method-list-title passed">Passed methods</span>
                    <span class="show-or-hide-methods passed">
                      <a href="#" panel-name="suite-Test_Automation" class="hide-methods passed suite-Test_Automation"> (hide)</a> <!-- hide-methods passed suite-Test_Automation -->
                      <a href="#" panel-name="suite-Test_Automation" class="show-methods passed suite-Test_Automation"> (show)</a> <!-- show-methods passed suite-Test_Automation -->
                    </span>
                    <div class="method-list-content passed suite-Test_Automation">
                      <span>
                        <img src="passed.png" width="3%"/>
                        <a href="#" panel-name="suite-Test_Automation" title="web_tests.BankingApplicationPaymentTests" class="method navigator-link" hash-for-method="verify_user_making_payment">verify_user_making_payment</a> <!-- method navigator-link -->
                      </span>
                      <br/>
                      <span>
                        <img src="passed.png" width="3%"/>
                        <a href="#" panel-name="suite-Test_Automation" title="web_tests.BankingApplicationPaymentTests" class="method navigator-link" hash-for-method="verify_user_making_payment">verify_user_making_payment</a> <!-- method navigator-link -->
                      </span>
                      <br/>
                      <span>
                        <img src="passed.png" width="3%"/>
                        <a href="#" panel-name="suite-Test_Automation" title="web_tests.BankingApplicationPaymentTests" class="method navigator-link" hash-for-method="verify_user_making_payment">verify_user_making_payment</a> <!-- method navigator-link -->
                      </span>
                      <br/>
                      <span>
                        <img src="passed.png" width="3%"/>
                        <a href="#" panel-name="suite-Test_Automation" title="web_tests.BankingApplicationPaymentTests" class="method navigator-link" hash-for-method="verify_user_making_payment">verify_user_making_payment</a> <!-- method navigator-link -->
                      </span>
                      <br/>
                      <span>
                        <img src="passed.png" width="3%"/>
                        <a href="#" panel-name="suite-Test_Automation" title="web_tests.BankingApplicationPaymentTests" class="method navigator-link" hash-for-method="verify_user_making_payment">verify_user_making_payment</a> <!-- method navigator-link -->
                      </span>
                      <br/>
                      <span>
                        <img src="passed.png" width="3%"/>
                        <a href="#" panel-name="suite-Test_Automation" title="web_tests.BankingApplicationPaymentTests" class="method navigator-link" hash-for-method="verify_user_making_payment">verify_user_making_payment</a> <!-- method navigator-link -->
                      </span>
                      <br/>
                      <span>
                        <img src="passed.png" width="3%"/>
                        <a href="#" panel-name="suite-Test_Automation" title="web_tests.BankingApplicationPaymentTests" class="method navigator-link" hash-for-method="verify_user_making_payment">verify_user_making_payment</a> <!-- method navigator-link -->
                      </span>
                      <br/>
                      <span>
                        <img src="passed.png" width="3%"/>
                        <a href="#" panel-name="suite-Test_Automation" title="web_tests.BankingApplicationPaymentTests" class="method navigator-link" hash-for-method="verify_user_making_payment">verify_user_making_payment</a> <!-- method navigator-link -->
                      </span>
                      <br/>
                      <span>
                        <img src="passed.png" width="3%"/>
                        <a href="#" panel-name="suite-Test_Automation" title="web_tests.BankingApplicationPaymentTests" class="method navigator-link" hash-for-method="verify_user_making_payment">verify_user_making_payment</a> <!-- method navigator-link -->
                      </span>
                      <br/>
                      <span>
                        <img src="passed.png" width="3%"/>
                        <a href="#" panel-name="suite-Test_Automation" title="web_tests.BankingApplicationPaymentTests" class="method navigator-link" hash-for-method="verify_user_making_payment">verify_user_making_payment</a> <!-- method navigator-link -->
                      </span>
                      <br/>
                      <span>
                        <img src="passed.png" width="3%"/>
                        <a href="#" panel-name="suite-Test_Automation" title="web_tests.BankingApplicationPaymentTests" class="method navigator-link" hash-for-method="verify_user_making_payment">verify_user_making_payment</a> <!-- method navigator-link -->
                      </span>
                      <br/>
                      <span>
                        <img src="passed.png" width="3%"/>
                        <a href="#" panel-name="suite-Test_Automation" title="web_tests.BankingApplicationPaymentTests" class="method navigator-link" hash-for-method="verify_user_making_payment">verify_user_making_payment</a> <!-- method navigator-link -->
                      </span>
                      <br/>
                      <span>
                        <img src="passed.png" width="3%"/>
                        <a href="#" panel-name="suite-Test_Automation" title="web_tests.BankingApplicationPaymentTests" class="method navigator-link" hash-for-method="verify_user_making_payment">verify_user_making_payment</a> <!-- method navigator-link -->
                      </span>
                      <br/>
                      <span>
                        <img src="passed.png" width="3%"/>
                        <a href="#" panel-name="suite-Test_Automation" title="web_tests.BankingApplicationPaymentTests" class="method navigator-link" hash-for-method="verify_user_making_payment">verify_user_making_payment</a> <!-- method navigator-link -->
                      </span>
                      <br/>
                      <span>
                        <img src="passed.png" width="3%"/>
                        <a href="#" panel-name="suite-Test_Automation" title="web_tests.BankingApplicationPaymentTests" class="method navigator-link" hash-for-method="verify_user_making_payment">verify_user_making_payment</a> <!-- method navigator-link -->
                      </span>
                      <br/>
                      <span>
                        <img src="passed.png" width="3%"/>
                        <a href="#" panel-name="suite-Test_Automation" title="web_tests.BankingApplicationPaymentTests" class="method navigator-link" hash-for-method="verify_user_making_payment">verify_user_making_payment</a> <!-- method navigator-link -->
                      </span>
                      <br/>
                      <span>
                        <img src="passed.png" width="3%"/>
                        <a href="#" panel-name="suite-Test_Automation" title="web_tests.BankingApplicationPaymentTests" class="method navigator-link" hash-for-method="verify_user_making_payment">verify_user_making_payment</a> <!-- method navigator-link -->
                      </span>
                      <br/>
                      <span>
                        <img src="passed.png" width="3%"/>
                        <a href="#" panel-name="suite-Test_Automation" title="web_tests.BankingApplicationPaymentTests" class="method navigator-link" hash-for-method="verify_user_making_payment">verify_user_making_payment</a> <!-- method navigator-link -->
                      </span>
                      <br/>
                      <span>
                        <img src="passed.png" width="3%"/>
                        <a href="#" panel-name="suite-Test_Automation" title="web_tests.BankingApplicationPaymentTests" class="method navigator-link" hash-for-method="verify_user_making_payment">verify_user_making_payment</a> <!-- method navigator-link -->
                      </span>
                      <br/>
                      <span>
                        <img src="passed.png" width="3%"/>
                        <a href="#" panel-name="suite-Test_Automation" title="web_tests.BankingApplicationPaymentTests" class="method navigator-link" hash-for-method="verify_user_making_payment">verify_user_making_payment</a> <!-- method navigator-link -->
                      </span>
                      <br/>
                    </div> <!-- method-list-content passed suite-Test_Automation -->
                  </li>
                </ul>
              </div> <!-- suite-section-content -->
            </div> <!-- result-section -->
          </div> <!-- navigator-suite-content -->
        </div> <!-- rounded-window -->
      </div> <!-- suite -->
    </div> <!-- navigator-root -->
    <div class="wrapper">
      <div class="main-panel-root">
        <div panel-name="suite-Test_Automation__0_" class="panel Test_Automation__0_">
          <div class="suite-Test_Automation__0_-class-failed">
            <div class="main-panel-header rounded-window-top">
              <img src="failed.png"/>
              <span class="class-name">mobile_tests.BankingApplicationPaymentTests</span>
            </div> <!-- main-panel-header rounded-window-top -->
            <div class="main-panel-content rounded-window-bottom">
              <div class="method">
                <div class="method-content">
                  <a name="verify_user_making_payment(android)">
                  </a> <!-- verify_user_making_payment(android) -->
                  <span class="method-name">verify_user_making_payment</span>
                  <span class="parameters">(android)</span>
                  <div class="stack-trace">org.openqa.selenium.TimeoutException: Expected condition failed: waiting for element to be clickable: By.xpath: //div[@class=&apos;dx-button-content&apos; and contains(text(), &apos;Login&apos;)] (tried for 10 second(s) with 500 milliseconds interval)
Build info: version: &apos;4.15.0&apos;, revision: &apos;1d14b5521b&apos;
System info: os.name: &apos;Mac OS X&apos;, os.arch: &apos;x86_64&apos;, os.version: &apos;14.0&apos;, java.version: &apos;21.0.1&apos;
Driver info: io.appium.java_client.android.AndroidDriver
Capabilities {appium:appActivity: com.google.android.apps.chr..., appium:appPackage: com.android.chrome, appium:appiumVersion: 1.22.3, appium:automationName: UIAutomator2, appium:chromedriverExecutableDir: /chromedrivers, appium:cloudViewLink: https://us2region.experites..., appium:databaseEnabled: false, appium:desired: {appiumVersion: 1.22.3, automationName: UIAutomator2, browserName: Chrome, chromedriverExecutableDir: /chromedrivers, deviceName: auto, deviceQuery: @os=&apos;android&apos; and @category..., digitalai:appiumVersion: 1.22.3, experitest:client8: true, experitest:originalSkipDeviceInitialization: false, experitestCloudSessionId: CLOUD-SID:2023-11-13_21-41-..., platformName: ANDROID, platformVersion: 11.0, reportTestId: 1015, reportUrl: https://uscloud.experitest...., skipDeviceInitialization: true, skipServerInstallation: true, testName: verify_user_making_payment, udid: RF8M82E3CMN}, appium:deviceApiLevel: 30, appium:deviceManufacturer: samsung, appium:deviceModel: SM-N975U1, appium:deviceName: RF8M82E3CMN, appium:deviceQuery: @os=&apos;android&apos; and @category..., appium:deviceScreenDensity: 420, appium:deviceScreenSize: 1080x2280, appium:deviceUDID: RF8M82E3CMN, appium:ehmPrefixUrl: /agent-10713675, appium:ehmUrl: https://us2region.experites..., appium:experitestCloudSessionId: CLOUD-SID:2023-11-13_21-41-..., appium:javascriptEnabled: true, appium:locationContextEnabled: false, appium:networkConnectionEnabled: true, appium:pixelRatio: 2.625, appium:platformVersion: 11, appium:reportTestId: 1015, appium:reportUrl: https://uscloud.experitest...., appium:skipDeviceInitialization: true, appium:skipServerInstallation: true, appium:statBarHeight: 85, appium:takesScreenshot: true, appium:testName: verify_user_making_payment, appium:udid: RF8M82E3CMN, appium:viewportRect: {height: 1984, left: 0, top: 85, width: 1080}, appium:warnings: {}, appium:webStorageEnabled: false, browserName: Chrome, digitalai:appiumVersion: 1.22.3, experitest:client8: true, experitest:originalSkipDeviceInitialization: false, platformName: ANDROID}
Session ID: 6165a3bd-318b-4989-ad4c-c916ac0d464a
	at org.openqa.selenium.support.ui.WebDriverWait.timeoutException(WebDriverWait.java:84)
	at org.openqa.selenium.support.ui.FluentWait.until(FluentWait.java:230)
	at mobile_tests.BankingApplicationPaymentTests.verify_user_making_payment(BankingApplicationPaymentTests.java:19)
	at java.base/java.util.ArrayList.forEach(ArrayList.java:1596)
	at java.base/java.util.concurrent.FutureTask.run(FutureTask.java:317)
	at java.base/java.util.concurrent.ThreadPoolExecutor.runWorker(ThreadPoolExecutor.java:1144)
	at java.base/java.util.concurrent.ThreadPoolExecutor$Worker.run(ThreadPoolExecutor.java:642)
	at java.base/java.lang.Thread.run(Thread.java:1583)
... Removed 16 stack frames
</div> <!-- stack-trace -->
                </div> <!-- method-content -->
              </div> <!-- method -->
              <div class="method">
                <div class="method-content">
                  <a name="verify_user_making_payment(ios)">
                  </a> <!-- verify_user_making_payment(ios) -->
                  <span class="method-name">verify_user_making_payment</span>
                  <span class="parameters">(ios)</span>
                  <div class="stack-trace">java.lang.AssertionError: Amount has not been deducted. did not expect [35000] but found [35000]
	at mobile_tests.BankingApplicationPaymentTests.verify_user_making_payment(BankingApplicationPaymentTests.java:86)
	at java.base/java.util.ArrayList.forEach(ArrayList.java:1596)
	at java.base/java.util.concurrent.FutureTask.run(FutureTask.java:317)
	at java.base/java.util.concurrent.ThreadPoolExecutor.runWorker(ThreadPoolExecutor.java:1144)
	at java.base/java.util.concurrent.ThreadPoolExecutor$Worker.run(ThreadPoolExecutor.java:642)
	at java.base/java.lang.Thread.run(Thread.java:1583)
... Removed 20 stack frames
</div> <!-- stack-trace -->
                </div> <!-- method-content -->
              </div> <!-- method -->
              <div class="method">
                <div class="method-content">
                  <a name="verify_user_making_payment(ios)">
                  </a> <!-- verify_user_making_payment(ios) -->
                  <span class="method-name">verify_user_making_payment</span>
                  <span class="parameters">(ios)</span>
                  <div class="stack-trace">java.lang.AssertionError: Amount has not been deducted. did not expect [35000] but found [35000]
	at mobile_tests.BankingApplicationPaymentTests.verify_user_making_payment(BankingApplicationPaymentTests.java:86)
	at java.base/java.util.ArrayList.forEach(ArrayList.java:1596)
	at java.base/java.util.concurrent.FutureTask.run(FutureTask.java:317)
	at java.base/java.util.concurrent.ThreadPoolExecutor.runWorker(ThreadPoolExecutor.java:1144)
	at java.base/java.util.concurrent.ThreadPoolExecutor$Worker.run(ThreadPoolExecutor.java:642)
	at java.base/java.lang.Thread.run(Thread.java:1583)
... Removed 20 stack frames
</div> <!-- stack-trace -->
                </div> <!-- method-content -->
              </div> <!-- method -->
              <div class="method">
                <div class="method-content">
                  <a name="verify_user_making_payment(ios)">
                  </a> <!-- verify_user_making_payment(ios) -->
                  <span class="method-name">verify_user_making_payment</span>
                  <span class="parameters">(ios)</span>
                  <div class="stack-trace">java.lang.AssertionError: Amount has not been deducted. did not expect [35000] but found [35000]
	at mobile_tests.BankingApplicationPaymentTests.verify_user_making_payment(BankingApplicationPaymentTests.java:86)
	at java.base/java.util.ArrayList.forEach(ArrayList.java:1596)
	at java.base/java.util.concurrent.FutureTask.run(FutureTask.java:317)
	at java.base/java.util.concurrent.ThreadPoolExecutor.runWorker(ThreadPoolExecutor.java:1144)
	at java.base/java.util.concurrent.ThreadPoolExecutor$Worker.run(ThreadPoolExecutor.java:642)
	at java.base/java.lang.Thread.run(Thread.java:1583)
... Removed 20 stack frames
</div> <!-- stack-trace -->
                </div> <!-- method-content -->
              </div> <!-- method -->
            </div> <!-- main-panel-content rounded-window-bottom -->
          </div> <!-- suite-Test_Automation__0_-class-failed -->
          <div class="suite-Test_Automation__0_-class-skipped">
            <div class="main-panel-header rounded-window-top">
              <img src="skipped.png"/>
              <span class="class-name">mobile_tests.BankingApplicationPaymentTests</span>
            </div> <!-- main-panel-header rounded-window-top -->
            <div class="main-panel-content rounded-window-bottom">
              <div class="method">
                <div class="method-content">
                  <a name="verify_user_making_payment(ios)">
                  </a> <!-- verify_user_making_payment(ios) -->
                  <span class="method-name">verify_user_making_payment</span>
                  <span class="parameters">(ios)</span>
                  <div class="stack-trace">org.openqa.selenium.SessionNotCreatedException: Could not start a new session. Response code 500. Message: An unknown server-side error occurred while processing the command. Original error: java.net.ConnectException: Connection refused 
Host info: host: &apos;Rahee-Khan&apos;, ip: &apos;fd41:8c9d:9153:c210:c8b:2aea:603c:3aaf%en0&apos;
Build info: version: &apos;4.15.0&apos;, revision: &apos;1d14b5521b&apos;
System info: os.name: &apos;Mac OS X&apos;, os.arch: &apos;x86_64&apos;, os.version: &apos;14.0&apos;, java.version: &apos;21.0.1&apos;
Driver info: io.appium.java_client.ios.IOSDriver
Command: [null, newSession {capabilities=[{appium:accessKey=eyJhbGciOiJIUzI1NiJ9.eyJ4cC51Ijo5ODU3OTgwLCJ4cC5wIjoxMDk4NzU5NCwieHAubSI6MTY4OTA4MTQ5ODEzOSwiZXhwIjoyMDEwNTkwNTk4LCJpc3MiOiJjb20uZXhwZXJpdGVzdCJ9.ar3l55jlt470f5fb8CPpkFeJ_UaNQMfpzLEjmfjmyd0, appium:appiumVersion=2.1.3, appium:automationName=XCUITest, browserName=Safari, appium:deviceQuery=@os=&apos;ios&apos; and @category=&apos;PHONE&apos; and contains(@region, &apos;US&apos;), platformName=IOS, appium:testName=verify_user_making_payment}], desiredCapabilities=Capabilities {accessKey: eyJhbGciOiJIUzI1NiJ9.eyJ4cC..., appiumVersion: 2.1.3, automationName: XCUITest, browserName: Safari, deviceQuery: @os=&apos;ios&apos; and @category=&apos;PH..., platformName: IOS, testName: verify_user_making_payment}}]
Capabilities {accessKey: eyJhbGciOiJIUzI1NiJ9.eyJ4cC..., appiumVersion: 2.1.3, automationName: XCUITest, browserName: Safari, deviceQuery: @os=&apos;ios&apos; and @category=&apos;PH..., platformName: IOS, testName: verify_user_making_payment}
	at org.openqa.selenium.remote.ProtocolHandshake.createSession(ProtocolHandshake.java:140)
	at io.appium.java_client.remote.AppiumProtocolHandshake.createSession(AppiumProtocolHandshake.java:133)
	at io.appium.java_client.remote.AppiumProtocolHandshake.createSession(AppiumProtocolHandshake.java:102)
	at io.appium.java_client.remote.AppiumCommandExecutor.createSession(AppiumCommandExecutor.java:194)
	at io.appium.java_client.remote.AppiumCommandExecutor.execute(AppiumCommandExecutor.java:262)
	at org.openqa.selenium.remote.RemoteWebDriver.execute(RemoteWebDriver.java:531)
	at io.appium.java_client.AppiumDriver.startSession(AppiumDriver.java:229)
	at org.openqa.selenium.remote.RemoteWebDriver.&lt;init&gt;(RemoteWebDriver.java:154)
	at io.appium.java_client.AppiumDriver.&lt;init&gt;(AppiumDriver.java:80)
	at io.appium.java_client.AppiumDriver.&lt;init&gt;(AppiumDriver.java:92)
	at io.appium.java_client.ios.IOSDriver.&lt;init&gt;(IOSDriver.java:106)
	at base.MobileDeviceDriver.setUp(MobileDeviceDriver.java:52)
	at java.base/java.util.ArrayList.forEach(ArrayList.java:1596)
	at java.base/java.util.concurrent.FutureTask.run(FutureTask.java:317)
	at java.base/java.util.concurrent.ThreadPoolExecutor.runWorker(ThreadPoolExecutor.java:1144)
	at java.base/java.util.concurrent.ThreadPoolExecutor$Worker.run(ThreadPoolExecutor.java:642)
	at java.base/java.lang.Thread.run(Thread.java:1583)
... Removed 22 stack frames
</div> <!-- stack-trace -->
                </div> <!-- method-content -->
              </div> <!-- method -->
              <div class="method">
                <div class="method-content">
                  <a name="verify_user_making_payment(android)">
                  </a> <!-- verify_user_making_payment(android) -->
                  <span class="method-name">verify_user_making_payment</span>
                  <span class="parameters">(android)</span>
                  <div class="stack-trace">org.openqa.selenium.SessionNotCreatedException: Could not start a new session. Response code 500. Message: An unknown server-side error occurred while processing the command. Original error: No Chromedriver found that can automate Chrome &apos;117.0.5938&apos;. See https://github.com/appium/appium/blob/master/docs/en/writing-running-appium/web/chromedriver.md for more details 
Host info: host: &apos;Rahee-Khan&apos;, ip: &apos;fd41:8c9d:9153:c210:c8b:2aea:603c:3aaf%en0&apos;
Build info: version: &apos;4.15.0&apos;, revision: &apos;1d14b5521b&apos;
System info: os.name: &apos;Mac OS X&apos;, os.arch: &apos;x86_64&apos;, os.version: &apos;14.0&apos;, java.version: &apos;21.0.1&apos;
Driver info: io.appium.java_client.android.AndroidDriver
Command: [null, newSession {capabilities=[{appium:accessKey=eyJhbGciOiJIUzI1NiJ9.eyJ4cC51Ijo5ODU3OTgwLCJ4cC5wIjoxMDk4NzU5NCwieHAubSI6MTY4OTA4MTQ5ODEzOSwiZXhwIjoyMDEwNTkwNTk4LCJpc3MiOiJjb20uZXhwZXJpdGVzdCJ9.ar3l55jlt470f5fb8CPpkFeJ_UaNQMfpzLEjmfjmyd0, appium:appiumVersion=1.22.3, appium:automationName=UIAutomator2, browserName=Chrome, appium:deviceQuery=@os=&apos;android&apos; and @category=&apos;PHONE&apos; and contains(@region, &apos;US&apos;), platformName=ANDROID, appium:testName=verify_user_making_payment}], desiredCapabilities=Capabilities {accessKey: eyJhbGciOiJIUzI1NiJ9.eyJ4cC..., appiumVersion: 1.22.3, automationName: UIAutomator2, browserName: Chrome, deviceQuery: @os=&apos;android&apos; and @category..., platformName: ANDROID, testName: verify_user_making_payment}}]
Capabilities {accessKey: eyJhbGciOiJIUzI1NiJ9.eyJ4cC..., appiumVersion: 1.22.3, automationName: UIAutomator2, browserName: Chrome, deviceQuery: @os=&apos;android&apos; and @category..., platformName: ANDROID, testName: verify_user_making_payment}
	at org.openqa.selenium.remote.ProtocolHandshake.createSession(ProtocolHandshake.java:140)
	at io.appium.java_client.remote.AppiumProtocolHandshake.createSession(AppiumProtocolHandshake.java:133)
	at io.appium.java_client.remote.AppiumProtocolHandshake.createSession(AppiumProtocolHandshake.java:102)
	at io.appium.java_client.remote.AppiumCommandExecutor.createSession(AppiumCommandExecutor.java:194)
	at io.appium.java_client.remote.AppiumCommandExecutor.execute(AppiumCommandExecutor.java:262)
	at org.openqa.selenium.remote.RemoteWebDriver.execute(RemoteWebDriver.java:531)
	at io.appium.java_client.AppiumDriver.startSession(AppiumDriver.java:229)
	at org.openqa.selenium.remote.RemoteWebDriver.&lt;init&gt;(RemoteWebDriver.java:154)
	at io.appium.java_client.AppiumDriver.&lt;init&gt;(AppiumDriver.java:80)
	at io.appium.java_client.AppiumDriver.&lt;init&gt;(AppiumDriver.java:92)
	at io.appium.java_client.android.AndroidDriver.&lt;init&gt;(AndroidDriver.java:117)
	at base.MobileDeviceDriver.setUp(MobileDeviceDriver.java:55)
	at java.base/java.util.ArrayList.forEach(ArrayList.java:1596)
	at java.base/java.util.concurrent.FutureTask.run(FutureTask.java:317)
	at java.base/java.util.concurrent.ThreadPoolExecutor.runWorker(ThreadPoolExecutor.java:1144)
	at java.base/java.util.concurrent.ThreadPoolExecutor$Worker.run(ThreadPoolExecutor.java:642)
	at java.base/java.lang.Thread.run(Thread.java:1583)
... Removed 22 stack frames
</div> <!-- stack-trace -->
                </div> <!-- method-content -->
              </div> <!-- method -->
              <div class="method">
                <div class="method-content">
                  <a name="verify_user_making_payment(ios)">
                  </a> <!-- verify_user_making_payment(ios) -->
                  <span class="method-name">verify_user_making_payment</span>
                  <span class="parameters">(ios)</span>
                  <div class="stack-trace">org.openqa.selenium.SessionNotCreatedException: Could not start a new session. Response code 500. Message: Failed to prepare the Appium OSS Infrastructure: runWDA &gt; Cannot start run_wda after 120 retries : java.util.concurrent.ExecutionException - java.net.ConnectException: Failed to connect - received number 3, link:https://uscloud.experitest.com:443/reporter/#/test/992/project/Art Of Testing - OSS/ 
Host info: host: &apos;Rahee-Khan&apos;, ip: &apos;fd41:8c9d:9153:c210:c8b:2aea:603c:3aaf%en0&apos;
Build info: version: &apos;4.15.0&apos;, revision: &apos;1d14b5521b&apos;
System info: os.name: &apos;Mac OS X&apos;, os.arch: &apos;x86_64&apos;, os.version: &apos;14.0&apos;, java.version: &apos;21.0.1&apos;
Driver info: io.appium.java_client.ios.IOSDriver
Command: [null, newSession {capabilities=[{appium:accessKey=eyJhbGciOiJIUzI1NiJ9.eyJ4cC51Ijo5ODU3OTgwLCJ4cC5wIjoxMDk4NzU5NCwieHAubSI6MTY4OTA4MTQ5ODEzOSwiZXhwIjoyMDEwNTkwNTk4LCJpc3MiOiJjb20uZXhwZXJpdGVzdCJ9.ar3l55jlt470f5fb8CPpkFeJ_UaNQMfpzLEjmfjmyd0, appium:appiumVersion=2.1.3, appium:automationName=XCUITest, browserName=Safari, appium:deviceQuery=@os=&apos;ios&apos; and @category=&apos;PHONE&apos; and contains(@region, &apos;US&apos;), platformName=IOS, appium:testName=verify_user_making_payment}], desiredCapabilities=Capabilities {accessKey: eyJhbGciOiJIUzI1NiJ9.eyJ4cC..., appiumVersion: 2.1.3, automationName: XCUITest, browserName: Safari, deviceQuery: @os=&apos;ios&apos; and @category=&apos;PH..., platformName: IOS, testName: verify_user_making_payment}}]
Capabilities {accessKey: eyJhbGciOiJIUzI1NiJ9.eyJ4cC..., appiumVersion: 2.1.3, automationName: XCUITest, browserName: Safari, deviceQuery: @os=&apos;ios&apos; and @category=&apos;PH..., platformName: IOS, testName: verify_user_making_payment}
	at org.openqa.selenium.remote.ProtocolHandshake.createSession(ProtocolHandshake.java:140)
	at io.appium.java_client.remote.AppiumProtocolHandshake.createSession(AppiumProtocolHandshake.java:133)
	at io.appium.java_client.remote.AppiumProtocolHandshake.createSession(AppiumProtocolHandshake.java:102)
	at io.appium.java_client.remote.AppiumCommandExecutor.createSession(AppiumCommandExecutor.java:194)
	at io.appium.java_client.remote.AppiumCommandExecutor.execute(AppiumCommandExecutor.java:262)
	at org.openqa.selenium.remote.RemoteWebDriver.execute(RemoteWebDriver.java:531)
	at io.appium.java_client.AppiumDriver.startSession(AppiumDriver.java:229)
	at org.openqa.selenium.remote.RemoteWebDriver.&lt;init&gt;(RemoteWebDriver.java:154)
	at io.appium.java_client.AppiumDriver.&lt;init&gt;(AppiumDriver.java:80)
	at io.appium.java_client.AppiumDriver.&lt;init&gt;(AppiumDriver.java:92)
	at io.appium.java_client.ios.IOSDriver.&lt;init&gt;(IOSDriver.java:106)
	at base.MobileDeviceDriver.setUp(MobileDeviceDriver.java:52)
	at java.base/java.util.ArrayList.forEach(ArrayList.java:1596)
	at java.base/java.util.concurrent.FutureTask.run(FutureTask.java:317)
	at java.base/java.util.concurrent.ThreadPoolExecutor.runWorker(ThreadPoolExecutor.java:1144)
	at java.base/java.util.concurrent.ThreadPoolExecutor$Worker.run(ThreadPoolExecutor.java:642)
	at java.base/java.lang.Thread.run(Thread.java:1583)
... Removed 22 stack frames
</div> <!-- stack-trace -->
                </div> <!-- method-content -->
              </div> <!-- method -->
            </div> <!-- main-panel-content rounded-window-bottom -->
          </div> <!-- suite-Test_Automation__0_-class-skipped -->
          <div class="suite-Test_Automation__0_-class-passed">
            <div class="main-panel-header rounded-window-top">
              <img src="passed.png"/>
              <span class="class-name">mobile_tests.BankingApplicationPaymentTests</span>
            </div> <!-- main-panel-header rounded-window-top -->
            <div class="main-panel-content rounded-window-bottom">
              <div class="method">
                <div class="method-content">
                  <a name="verify_user_making_payment(android)">
                  </a> <!-- verify_user_making_payment(android) -->
                  <span class="method-name">verify_user_making_payment</span>
                  <span class="parameters">(android)</span>
                </div> <!-- method-content -->
              </div> <!-- method -->
              <div class="method">
                <div class="method-content">
                  <a name="verify_user_making_payment(android)">
                  </a> <!-- verify_user_making_payment(android) -->
                  <span class="method-name">verify_user_making_payment</span>
                  <span class="parameters">(android)</span>
                </div> <!-- method-content -->
              </div> <!-- method -->
              <div class="method">
                <div class="method-content">
                  <a name="verify_user_making_payment(android)">
                  </a> <!-- verify_user_making_payment(android) -->
                  <span class="method-name">verify_user_making_payment</span>
                  <span class="parameters">(android)</span>
                </div> <!-- method-content -->
              </div> <!-- method -->
            </div> <!-- main-panel-content rounded-window-bottom -->
          </div> <!-- suite-Test_Automation__0_-class-passed -->
        </div> <!-- panel Test_Automation__0_ -->
        <div panel-name="suite-Test_Automation" class="panel Test_Automation">
          <div class="suite-Test_Automation-class-passed">
            <div class="main-panel-header rounded-window-top">
              <img src="passed.png"/>
              <span class="class-name">web_tests.BankingApplicationPaymentTests</span>
            </div> <!-- main-panel-header rounded-window-top -->
            <div class="main-panel-content rounded-window-bottom">
              <div class="method">
                <div class="method-content">
                  <a name="verify_user_making_payment">
                  </a> <!-- verify_user_making_payment -->
                  <span class="method-name">verify_user_making_payment</span>
                </div> <!-- method-content -->
              </div> <!-- method -->
              <div class="method">
                <div class="method-content">
                  <a name="verify_user_making_payment">
                  </a> <!-- verify_user_making_payment -->
                  <span class="method-name">verify_user_making_payment</span>
                </div> <!-- method-content -->
              </div> <!-- method -->
              <div class="method">
                <div class="method-content">
                  <a name="verify_user_making_payment">
                  </a> <!-- verify_user_making_payment -->
                  <span class="method-name">verify_user_making_payment</span>
                </div> <!-- method-content -->
              </div> <!-- method -->
              <div class="method">
                <div class="method-content">
                  <a name="verify_user_making_payment">
                  </a> <!-- verify_user_making_payment -->
                  <span class="method-name">verify_user_making_payment</span>
                </div> <!-- method-content -->
              </div> <!-- method -->
              <div class="method">
                <div class="method-content">
                  <a name="verify_user_making_payment">
                  </a> <!-- verify_user_making_payment -->
                  <span class="method-name">verify_user_making_payment</span>
                </div> <!-- method-content -->
              </div> <!-- method -->
              <div class="method">
                <div class="method-content">
                  <a name="verify_user_making_payment">
                  </a> <!-- verify_user_making_payment -->
                  <span class="method-name">verify_user_making_payment</span>
                </div> <!-- method-content -->
              </div> <!-- method -->
              <div class="method">
                <div class="method-content">
                  <a name="verify_user_making_payment">
                  </a> <!-- verify_user_making_payment -->
                  <span class="method-name">verify_user_making_payment</span>
                </div> <!-- method-content -->
              </div> <!-- method -->
              <div class="method">
                <div class="method-content">
                  <a name="verify_user_making_payment">
                  </a> <!-- verify_user_making_payment -->
                  <span class="method-name">verify_user_making_payment</span>
                </div> <!-- method-content -->
              </div> <!-- method -->
              <div class="method">
                <div class="method-content">
                  <a name="verify_user_making_payment">
                  </a> <!-- verify_user_making_payment -->
                  <span class="method-name">verify_user_making_payment</span>
                </div> <!-- method-content -->
              </div> <!-- method -->
              <div class="method">
                <div class="method-content">
                  <a name="verify_user_making_payment">
                  </a> <!-- verify_user_making_payment -->
                  <span class="method-name">verify_user_making_payment</span>
                </div> <!-- method-content -->
              </div> <!-- method -->
              <div class="method">
                <div class="method-content">
                  <a name="verify_user_making_payment">
                  </a> <!-- verify_user_making_payment -->
                  <span class="method-name">verify_user_making_payment</span>
                </div> <!-- method-content -->
              </div> <!-- method -->
              <div class="method">
                <div class="method-content">
                  <a name="verify_user_making_payment">
                  </a> <!-- verify_user_making_payment -->
                  <span class="method-name">verify_user_making_payment</span>
                </div> <!-- method-content -->
              </div> <!-- method -->
              <div class="method">
                <div class="method-content">
                  <a name="verify_user_making_payment">
                  </a> <!-- verify_user_making_payment -->
                  <span class="method-name">verify_user_making_payment</span>
                </div> <!-- method-content -->
              </div> <!-- method -->
              <div class="method">
                <div class="method-content">
                  <a name="verify_user_making_payment">
                  </a> <!-- verify_user_making_payment -->
                  <span class="method-name">verify_user_making_payment</span>
                </div> <!-- method-content -->
              </div> <!-- method -->
              <div class="method">
                <div class="method-content">
                  <a name="verify_user_making_payment">
                  </a> <!-- verify_user_making_payment -->
                  <span class="method-name">verify_user_making_payment</span>
                </div> <!-- method-content -->
              </div> <!-- method -->
              <div class="method">
                <div class="method-content">
                  <a name="verify_user_making_payment">
                  </a> <!-- verify_user_making_payment -->
                  <span class="method-name">verify_user_making_payment</span>
                </div> <!-- method-content -->
              </div> <!-- method -->
              <div class="method">
                <div class="method-content">
                  <a name="verify_user_making_payment">
                  </a> <!-- verify_user_making_payment -->
                  <span class="method-name">verify_user_making_payment</span>
                </div> <!-- method-content -->
              </div> <!-- method -->
              <div class="method">
                <div class="method-content">
                  <a name="verify_user_making_payment">
                  </a> <!-- verify_user_making_payment -->
                  <span class="method-name">verify_user_making_payment</span>
                </div> <!-- method-content -->
              </div> <!-- method -->
              <div class="method">
                <div class="method-content">
                  <a name="verify_user_making_payment">
                  </a> <!-- verify_user_making_payment -->
                  <span class="method-name">verify_user_making_payment</span>
                </div> <!-- method-content -->
              </div> <!-- method -->
              <div class="method">
                <div class="method-content">
                  <a name="verify_user_making_payment">
                  </a> <!-- verify_user_making_payment -->
                  <span class="method-name">verify_user_making_payment</span>
                </div> <!-- method-content -->
              </div> <!-- method -->
            </div> <!-- main-panel-content rounded-window-bottom -->
          </div> <!-- suite-Test_Automation-class-passed -->
        </div> <!-- panel Test_Automation -->
        <div panel-name="test-xml-Test_Automation__0_" class="panel">
          <div class="main-panel-header rounded-window-top">
            <span class="header-content">/Users/RKhan/IdeaProjects/CT-StoryBoardDemo/mobile_tests.xml</span>
          </div> <!-- main-panel-header rounded-window-top -->
          <div class="main-panel-content rounded-window-bottom">
            <pre>
&lt;?xml version=&quot;1.0&quot; encoding=&quot;UTF-8&quot;?&gt;
&lt;!DOCTYPE suite SYSTEM &quot;https://testng.org/testng-1.0.dtd&quot;&gt;
&lt;suite thread-count=&quot;10&quot; parallel=&quot;tests&quot; name=&quot;Test Automation (0)&quot; guice-stage=&quot;DEVELOPMENT&quot; verbose=&quot;0&quot;&gt;
  &lt;test thread-count=&quot;10&quot; parallel=&quot;tests&quot; name=&quot;Test_E2E_01_Android&quot; verbose=&quot;0&quot;&gt;
    &lt;parameter name=&quot;mobile.os&quot; value=&quot;android&quot;/&gt;
    &lt;classes&gt;
      &lt;class name=&quot;mobile_tests.BankingApplicationPaymentTests&quot;/&gt;
    &lt;/classes&gt;
  &lt;/test&gt; &lt;!-- Test_E2E_01_Android --&gt;
  &lt;test thread-count=&quot;10&quot; parallel=&quot;tests&quot; name=&quot;Test_E2E_02_Android&quot; verbose=&quot;0&quot;&gt;
    &lt;parameter name=&quot;mobile.os&quot; value=&quot;android&quot;/&gt;
    &lt;classes&gt;
      &lt;class name=&quot;mobile_tests.BankingApplicationPaymentTests&quot;/&gt;
    &lt;/classes&gt;
  &lt;/test&gt; &lt;!-- Test_E2E_02_Android --&gt;
  &lt;test thread-count=&quot;10&quot; parallel=&quot;tests&quot; name=&quot;Test_E2E_03_Android&quot; verbose=&quot;0&quot;&gt;
    &lt;parameter name=&quot;mobile.os&quot; value=&quot;android&quot;/&gt;
    &lt;classes&gt;
      &lt;class name=&quot;mobile_tests.BankingApplicationPaymentTests&quot;/&gt;
    &lt;/classes&gt;
  &lt;/test&gt; &lt;!-- Test_E2E_03_Android --&gt;
  &lt;test thread-count=&quot;10&quot; parallel=&quot;tests&quot; name=&quot;Test_E2E_04_Android&quot; verbose=&quot;0&quot;&gt;
    &lt;parameter name=&quot;mobile.os&quot; value=&quot;android&quot;/&gt;
    &lt;classes&gt;
      &lt;class name=&quot;mobile_tests.BankingApplicationPaymentTests&quot;/&gt;
    &lt;/classes&gt;
  &lt;/test&gt; &lt;!-- Test_E2E_04_Android --&gt;
  &lt;test thread-count=&quot;10&quot; parallel=&quot;tests&quot; name=&quot;Test_E2E_05_Android&quot; verbose=&quot;0&quot;&gt;
    &lt;parameter name=&quot;mobile.os&quot; value=&quot;android&quot;/&gt;
    &lt;classes&gt;
      &lt;class name=&quot;mobile_tests.BankingApplicationPaymentTests&quot;/&gt;
    &lt;/classes&gt;
  &lt;/test&gt; &lt;!-- Test_E2E_05_Android --&gt;
  &lt;test thread-count=&quot;10&quot; parallel=&quot;tests&quot; name=&quot;Test_E2E_01_iOS&quot; verbose=&quot;0&quot;&gt;
    &lt;parameter name=&quot;mobile.os&quot; value=&quot;ios&quot;/&gt;
    &lt;classes&gt;
      &lt;class name=&quot;mobile_tests.BankingApplicationPaymentTests&quot;/&gt;
    &lt;/classes&gt;
  &lt;/test&gt; &lt;!-- Test_E2E_01_iOS --&gt;
  &lt;test thread-count=&quot;10&quot; parallel=&quot;tests&quot; name=&quot;Test_E2E_02_iOS&quot; verbose=&quot;0&quot;&gt;
    &lt;parameter name=&quot;mobile.os&quot; value=&quot;ios&quot;/&gt;
    &lt;classes&gt;
      &lt;class name=&quot;mobile_tests.BankingApplicationPaymentTests&quot;/&gt;
    &lt;/classes&gt;
  &lt;/test&gt; &lt;!-- Test_E2E_02_iOS --&gt;
  &lt;test thread-count=&quot;10&quot; parallel=&quot;tests&quot; name=&quot;Test_E2E_03_iOS&quot; verbose=&quot;0&quot;&gt;
    &lt;parameter name=&quot;mobile.os&quot; value=&quot;ios&quot;/&gt;
    &lt;classes&gt;
      &lt;class name=&quot;mobile_tests.BankingApplicationPaymentTests&quot;/&gt;
    &lt;/classes&gt;
  &lt;/test&gt; &lt;!-- Test_E2E_03_iOS --&gt;
  &lt;test thread-count=&quot;10&quot; parallel=&quot;tests&quot; name=&quot;Test_E2E_04_iOS&quot; verbose=&quot;0&quot;&gt;
    &lt;parameter name=&quot;mobile.os&quot; value=&quot;ios&quot;/&gt;
    &lt;classes&gt;
      &lt;class name=&quot;mobile_tests.BankingApplicationPaymentTests&quot;/&gt;
    &lt;/classes&gt;
  &lt;/test&gt; &lt;!-- Test_E2E_04_iOS --&gt;
  &lt;test thread-count=&quot;10&quot; parallel=&quot;tests&quot; name=&quot;Test_E2E_05_iOS&quot; verbose=&quot;0&quot;&gt;
    &lt;parameter name=&quot;mobile.os&quot; value=&quot;ios&quot;/&gt;
    &lt;classes&gt;
      &lt;class name=&quot;mobile_tests.BankingApplicationPaymentTests&quot;/&gt;
    &lt;/classes&gt;
  &lt;/test&gt; &lt;!-- Test_E2E_05_iOS --&gt;
&lt;/suite&gt; &lt;!-- Test Automation (0) --&gt;
            </pre>
          </div> <!-- main-panel-content rounded-window-bottom -->
        </div> <!-- panel -->
        <div panel-name="test-xml-Test_Automation" class="panel">
          <div class="main-panel-header rounded-window-top">
            <span class="header-content">/Users/RKhan/IdeaProjects/CT-StoryBoardDemo/browser_tests.xml</span>
          </div> <!-- main-panel-header rounded-window-top -->
          <div class="main-panel-content rounded-window-bottom">
            <pre>
&lt;?xml version=&quot;1.0&quot; encoding=&quot;UTF-8&quot;?&gt;
&lt;!DOCTYPE suite SYSTEM &quot;https://testng.org/testng-1.0.dtd&quot;&gt;
&lt;suite thread-count=&quot;20&quot; parallel=&quot;tests&quot; name=&quot;Test Automation&quot; guice-stage=&quot;DEVELOPMENT&quot; verbose=&quot;0&quot;&gt;
  &lt;test thread-count=&quot;20&quot; parallel=&quot;tests&quot; name=&quot;Test_E2E_01_Chrome&quot; verbose=&quot;0&quot;&gt;
    &lt;parameter name=&quot;browser.name&quot; value=&quot;chrome&quot;/&gt;
    &lt;classes&gt;
      &lt;class name=&quot;web_tests.BankingApplicationPaymentTests&quot;/&gt;
    &lt;/classes&gt;
  &lt;/test&gt; &lt;!-- Test_E2E_01_Chrome --&gt;
  &lt;test thread-count=&quot;20&quot; parallel=&quot;tests&quot; name=&quot;Test_E2E_02_Chrome&quot; verbose=&quot;0&quot;&gt;
    &lt;parameter name=&quot;browser.name&quot; value=&quot;chrome&quot;/&gt;
    &lt;classes&gt;
      &lt;class name=&quot;web_tests.BankingApplicationPaymentTests&quot;/&gt;
    &lt;/classes&gt;
  &lt;/test&gt; &lt;!-- Test_E2E_02_Chrome --&gt;
  &lt;test thread-count=&quot;20&quot; parallel=&quot;tests&quot; name=&quot;Test_E2E_03_Chrome&quot; verbose=&quot;0&quot;&gt;
    &lt;parameter name=&quot;browser.name&quot; value=&quot;chrome&quot;/&gt;
    &lt;classes&gt;
      &lt;class name=&quot;web_tests.BankingApplicationPaymentTests&quot;/&gt;
    &lt;/classes&gt;
  &lt;/test&gt; &lt;!-- Test_E2E_03_Chrome --&gt;
  &lt;test thread-count=&quot;20&quot; parallel=&quot;tests&quot; name=&quot;Test_E2E_04_Chrome&quot; verbose=&quot;0&quot;&gt;
    &lt;parameter name=&quot;browser.name&quot; value=&quot;chrome&quot;/&gt;
    &lt;classes&gt;
      &lt;class name=&quot;web_tests.BankingApplicationPaymentTests&quot;/&gt;
    &lt;/classes&gt;
  &lt;/test&gt; &lt;!-- Test_E2E_04_Chrome --&gt;
  &lt;test thread-count=&quot;20&quot; parallel=&quot;tests&quot; name=&quot;Test_E2E_05_Chrome&quot; verbose=&quot;0&quot;&gt;
    &lt;parameter name=&quot;browser.name&quot; value=&quot;chrome&quot;/&gt;
    &lt;classes&gt;
      &lt;class name=&quot;web_tests.BankingApplicationPaymentTests&quot;/&gt;
    &lt;/classes&gt;
  &lt;/test&gt; &lt;!-- Test_E2E_05_Chrome --&gt;
  &lt;test thread-count=&quot;20&quot; parallel=&quot;tests&quot; name=&quot;Test_E2E_01_Firefox&quot; verbose=&quot;0&quot;&gt;
    &lt;parameter name=&quot;browser.name&quot; value=&quot;firefox&quot;/&gt;
    &lt;classes&gt;
      &lt;class name=&quot;web_tests.BankingApplicationPaymentTests&quot;/&gt;
    &lt;/classes&gt;
  &lt;/test&gt; &lt;!-- Test_E2E_01_Firefox --&gt;
  &lt;test thread-count=&quot;20&quot; parallel=&quot;tests&quot; name=&quot;Test_E2E_02_Firefox&quot; verbose=&quot;0&quot;&gt;
    &lt;parameter name=&quot;browser.name&quot; value=&quot;firefox&quot;/&gt;
    &lt;classes&gt;
      &lt;class name=&quot;web_tests.BankingApplicationPaymentTests&quot;/&gt;
    &lt;/classes&gt;
  &lt;/test&gt; &lt;!-- Test_E2E_02_Firefox --&gt;
  &lt;test thread-count=&quot;20&quot; parallel=&quot;tests&quot; name=&quot;Test_E2E_03_Firefox&quot; verbose=&quot;0&quot;&gt;
    &lt;parameter name=&quot;browser.name&quot; value=&quot;firefox&quot;/&gt;
    &lt;classes&gt;
      &lt;class name=&quot;web_tests.BankingApplicationPaymentTests&quot;/&gt;
    &lt;/classes&gt;
  &lt;/test&gt; &lt;!-- Test_E2E_03_Firefox --&gt;
  &lt;test thread-count=&quot;20&quot; parallel=&quot;tests&quot; name=&quot;Test_E2E_04_Firefox&quot; verbose=&quot;0&quot;&gt;
    &lt;parameter name=&quot;browser.name&quot; value=&quot;firefox&quot;/&gt;
    &lt;classes&gt;
      &lt;class name=&quot;web_tests.BankingApplicationPaymentTests&quot;/&gt;
    &lt;/classes&gt;
  &lt;/test&gt; &lt;!-- Test_E2E_04_Firefox --&gt;
  &lt;test thread-count=&quot;20&quot; parallel=&quot;tests&quot; name=&quot;Test_E2E_05_Firefox&quot; verbose=&quot;0&quot;&gt;
    &lt;parameter name=&quot;browser.name&quot; value=&quot;firefox&quot;/&gt;
    &lt;classes&gt;
      &lt;class name=&quot;web_tests.BankingApplicationPaymentTests&quot;/&gt;
    &lt;/classes&gt;
  &lt;/test&gt; &lt;!-- Test_E2E_05_Firefox --&gt;
  &lt;test thread-count=&quot;20&quot; parallel=&quot;tests&quot; name=&quot;Test_E2E_01_Edge&quot; verbose=&quot;0&quot;&gt;
    &lt;parameter name=&quot;browser.name&quot; value=&quot;MicrosoftEdge&quot;/&gt;
    &lt;classes&gt;
      &lt;class name=&quot;web_tests.BankingApplicationPaymentTests&quot;/&gt;
    &lt;/classes&gt;
  &lt;/test&gt; &lt;!-- Test_E2E_01_Edge --&gt;
  &lt;test thread-count=&quot;20&quot; parallel=&quot;tests&quot; name=&quot;Test_E2E_02_Edge&quot; verbose=&quot;0&quot;&gt;
    &lt;parameter name=&quot;browser.name&quot; value=&quot;MicrosoftEdge&quot;/&gt;
    &lt;classes&gt;
      &lt;class name=&quot;web_tests.BankingApplicationPaymentTests&quot;/&gt;
    &lt;/classes&gt;
  &lt;/test&gt; &lt;!-- Test_E2E_02_Edge --&gt;
  &lt;test thread-count=&quot;20&quot; parallel=&quot;tests&quot; name=&quot;Test_E2E_03_Edge&quot; verbose=&quot;0&quot;&gt;
    &lt;parameter name=&quot;browser.name&quot; value=&quot;MicrosoftEdge&quot;/&gt;
    &lt;classes&gt;
      &lt;class name=&quot;web_tests.BankingApplicationPaymentTests&quot;/&gt;
    &lt;/classes&gt;
  &lt;/test&gt; &lt;!-- Test_E2E_03_Edge --&gt;
  &lt;test thread-count=&quot;20&quot; parallel=&quot;tests&quot; name=&quot;Test_E2E_04_Edge&quot; verbose=&quot;0&quot;&gt;
    &lt;parameter name=&quot;browser.name&quot; value=&quot;MicrosoftEdge&quot;/&gt;
    &lt;classes&gt;
      &lt;class name=&quot;web_tests.BankingApplicationPaymentTests&quot;/&gt;
    &lt;/classes&gt;
  &lt;/test&gt; &lt;!-- Test_E2E_04_Edge --&gt;
  &lt;test thread-count=&quot;20&quot; parallel=&quot;tests&quot; name=&quot;Test_E2E_05_Edge&quot; verbose=&quot;0&quot;&gt;
    &lt;parameter name=&quot;browser.name&quot; value=&quot;MicrosoftEdge&quot;/&gt;
    &lt;classes&gt;
      &lt;class name=&quot;web_tests.BankingApplicationPaymentTests&quot;/&gt;
    &lt;/classes&gt;
  &lt;/test&gt; &lt;!-- Test_E2E_05_Edge --&gt;
  &lt;test thread-count=&quot;20&quot; parallel=&quot;tests&quot; name=&quot;Test_E2E_01_Safari&quot; verbose=&quot;0&quot;&gt;
    &lt;parameter name=&quot;browser.name&quot; value=&quot;safari&quot;/&gt;
    &lt;classes&gt;
      &lt;class name=&quot;web_tests.BankingApplicationPaymentTests&quot;/&gt;
    &lt;/classes&gt;
  &lt;/test&gt; &lt;!-- Test_E2E_01_Safari --&gt;
  &lt;test thread-count=&quot;20&quot; parallel=&quot;tests&quot; name=&quot;Test_E2E_02_Safari&quot; verbose=&quot;0&quot;&gt;
    &lt;parameter name=&quot;browser.name&quot; value=&quot;safari&quot;/&gt;
    &lt;classes&gt;
      &lt;class name=&quot;web_tests.BankingApplicationPaymentTests&quot;/&gt;
    &lt;/classes&gt;
  &lt;/test&gt; &lt;!-- Test_E2E_02_Safari --&gt;
  &lt;test thread-count=&quot;20&quot; parallel=&quot;tests&quot; name=&quot;Test_E2E_03_Safari&quot; verbose=&quot;0&quot;&gt;
    &lt;parameter name=&quot;browser.name&quot; value=&quot;safari&quot;/&gt;
    &lt;classes&gt;
      &lt;class name=&quot;web_tests.BankingApplicationPaymentTests&quot;/&gt;
    &lt;/classes&gt;
  &lt;/test&gt; &lt;!-- Test_E2E_03_Safari --&gt;
  &lt;test thread-count=&quot;20&quot; parallel=&quot;tests&quot; name=&quot;Test_E2E_04_Safari&quot; verbose=&quot;0&quot;&gt;
    &lt;parameter name=&quot;browser.name&quot; value=&quot;safari&quot;/&gt;
    &lt;classes&gt;
      &lt;class name=&quot;web_tests.BankingApplicationPaymentTests&quot;/&gt;
    &lt;/classes&gt;
  &lt;/test&gt; &lt;!-- Test_E2E_04_Safari --&gt;
  &lt;test thread-count=&quot;20&quot; parallel=&quot;tests&quot; name=&quot;Test_E2E_05_Safari&quot; verbose=&quot;0&quot;&gt;
    &lt;parameter name=&quot;browser.name&quot; value=&quot;safari&quot;/&gt;
    &lt;classes&gt;
      &lt;class name=&quot;web_tests.BankingApplicationPaymentTests&quot;/&gt;
    &lt;/classes&gt;
  &lt;/test&gt; &lt;!-- Test_E2E_05_Safari --&gt;
&lt;/suite&gt; &lt;!-- Test Automation --&gt;
            </pre>
          </div> <!-- main-panel-content rounded-window-bottom -->
        </div> <!-- panel -->
        <div panel-name="testlist-Test_Automation__0_" class="panel">
          <div class="main-panel-header rounded-window-top">
            <span class="header-content">Tests for Test Automation (0)</span>
          </div> <!-- main-panel-header rounded-window-top -->
          <div class="main-panel-content rounded-window-bottom">
            <ul>
              <li>
                <span class="test-name">Test_E2E_01_Android (1 class)</span>
              </li>
              <li>
                <span class="test-name">Test_E2E_02_Android (1 class)</span>
              </li>
              <li>
                <span class="test-name">Test_E2E_03_Android (1 class)</span>
              </li>
              <li>
                <span class="test-name">Test_E2E_04_Android (1 class)</span>
              </li>
              <li>
                <span class="test-name">Test_E2E_05_Android (1 class)</span>
              </li>
              <li>
                <span class="test-name">Test_E2E_01_iOS (1 class)</span>
              </li>
              <li>
                <span class="test-name">Test_E2E_02_iOS (1 class)</span>
              </li>
              <li>
                <span class="test-name">Test_E2E_03_iOS (1 class)</span>
              </li>
              <li>
                <span class="test-name">Test_E2E_04_iOS (1 class)</span>
              </li>
              <li>
                <span class="test-name">Test_E2E_05_iOS (1 class)</span>
              </li>
            </ul>
          </div> <!-- main-panel-content rounded-window-bottom -->
        </div> <!-- panel -->
        <div panel-name="testlist-Test_Automation" class="panel">
          <div class="main-panel-header rounded-window-top">
            <span class="header-content">Tests for Test Automation</span>
          </div> <!-- main-panel-header rounded-window-top -->
          <div class="main-panel-content rounded-window-bottom">
            <ul>
              <li>
                <span class="test-name">Test_E2E_01_Chrome (1 class)</span>
              </li>
              <li>
                <span class="test-name">Test_E2E_02_Chrome (1 class)</span>
              </li>
              <li>
                <span class="test-name">Test_E2E_03_Chrome (1 class)</span>
              </li>
              <li>
                <span class="test-name">Test_E2E_04_Chrome (1 class)</span>
              </li>
              <li>
                <span class="test-name">Test_E2E_05_Chrome (1 class)</span>
              </li>
              <li>
                <span class="test-name">Test_E2E_01_Firefox (1 class)</span>
              </li>
              <li>
                <span class="test-name">Test_E2E_02_Firefox (1 class)</span>
              </li>
              <li>
                <span class="test-name">Test_E2E_03_Firefox (1 class)</span>
              </li>
              <li>
                <span class="test-name">Test_E2E_04_Firefox (1 class)</span>
              </li>
              <li>
                <span class="test-name">Test_E2E_05_Firefox (1 class)</span>
              </li>
              <li>
                <span class="test-name">Test_E2E_01_Edge (1 class)</span>
              </li>
              <li>
                <span class="test-name">Test_E2E_02_Edge (1 class)</span>
              </li>
              <li>
                <span class="test-name">Test_E2E_03_Edge (1 class)</span>
              </li>
              <li>
                <span class="test-name">Test_E2E_04_Edge (1 class)</span>
              </li>
              <li>
                <span class="test-name">Test_E2E_05_Edge (1 class)</span>
              </li>
              <li>
                <span class="test-name">Test_E2E_01_Safari (1 class)</span>
              </li>
              <li>
                <span class="test-name">Test_E2E_02_Safari (1 class)</span>
              </li>
              <li>
                <span class="test-name">Test_E2E_03_Safari (1 class)</span>
              </li>
              <li>
                <span class="test-name">Test_E2E_04_Safari (1 class)</span>
              </li>
              <li>
                <span class="test-name">Test_E2E_05_Safari (1 class)</span>
              </li>
            </ul>
          </div> <!-- main-panel-content rounded-window-bottom -->
        </div> <!-- panel -->
        <div panel-name="group-Test_Automation__0_" class="panel">
          <div class="main-panel-header rounded-window-top">
            <span class="header-content">Groups for Test Automation (0)</span>
          </div> <!-- main-panel-header rounded-window-top -->
          <div class="main-panel-content rounded-window-bottom">
          </div> <!-- main-panel-content rounded-window-bottom -->
        </div> <!-- panel -->
        <div panel-name="group-Test_Automation" class="panel">
          <div class="main-panel-header rounded-window-top">
            <span class="header-content">Groups for Test Automation</span>
          </div> <!-- main-panel-header rounded-window-top -->
          <div class="main-panel-content rounded-window-bottom">
          </div> <!-- main-panel-content rounded-window-bottom -->
        </div> <!-- panel -->
        <div panel-name="times-Test_Automation__0_" class="panel">
          <div class="main-panel-header rounded-window-top">
            <span class="header-content">Times for Test Automation (0)</span>
          </div> <!-- main-panel-header rounded-window-top -->
          <div class="main-panel-content rounded-window-bottom">
            <div class="times-div">
              <script type="text/javascript">
suiteTableInitFunctions.push('tableData_Test_Automation__0_');
function tableData_Test_Automation__0_() {
var data = new google.visualization.DataTable();
data.addColumn('number', 'Number');
data.addColumn('string', 'Method');
data.addColumn('string', 'Class');
data.addColumn('number', 'Time (ms)');
data.addRows(10);
data.setCell(0, 0, 0)
data.setCell(0, 1, 'verify_user_making_payment')
data.setCell(0, 2, 'mobile_tests.BankingApplicationPaymentTests')
data.setCell(0, 3, 35666);
data.setCell(1, 0, 1)
data.setCell(1, 1, 'verify_user_making_payment')
data.setCell(1, 2, 'mobile_tests.BankingApplicationPaymentTests')
data.setCell(1, 3, 35334);
data.setCell(2, 0, 2)
data.setCell(2, 1, 'verify_user_making_payment')
data.setCell(2, 2, 'mobile_tests.BankingApplicationPaymentTests')
data.setCell(2, 3, 27603);
data.setCell(3, 0, 3)
data.setCell(3, 1, 'verify_user_making_payment')
data.setCell(3, 2, 'mobile_tests.BankingApplicationPaymentTests')
data.setCell(3, 3, 19982);
data.setCell(4, 0, 4)
data.setCell(4, 1, 'verify_user_making_payment')
data.setCell(4, 2, 'mobile_tests.BankingApplicationPaymentTests')
data.setCell(4, 3, 19808);
data.setCell(5, 0, 5)
data.setCell(5, 1, 'verify_user_making_payment')
data.setCell(5, 2, 'mobile_tests.BankingApplicationPaymentTests')
data.setCell(5, 3, 19461);
data.setCell(6, 0, 6)
data.setCell(6, 1, 'verify_user_making_payment')
data.setCell(6, 2, 'mobile_tests.BankingApplicationPaymentTests')
data.setCell(6, 3, 11016);
data.setCell(7, 0, 7)
data.setCell(7, 1, 'verify_user_making_payment')
data.setCell(7, 2, 'mobile_tests.BankingApplicationPaymentTests')
data.setCell(7, 3, 0);
data.setCell(8, 0, 8)
data.setCell(8, 1, 'verify_user_making_payment')
data.setCell(8, 2, 'mobile_tests.BankingApplicationPaymentTests')
data.setCell(8, 3, 0);
data.setCell(9, 0, 9)
data.setCell(9, 1, 'verify_user_making_payment')
data.setCell(9, 2, 'mobile_tests.BankingApplicationPaymentTests')
data.setCell(9, 3, 0);
window.suiteTableData['Test_Automation__0_']= { tableData: data, tableDiv: 'times-div-Test_Automation__0_'}
return data;
}
              </script>
              <span class="suite-total-time">Total running time: 4 minutes</span>
              <div id="times-div-Test_Automation__0_">
              </div> <!-- times-div-Test_Automation__0_ -->
            </div> <!-- times-div -->
          </div> <!-- main-panel-content rounded-window-bottom -->
        </div> <!-- panel -->
        <div panel-name="times-Test_Automation" class="panel">
          <div class="main-panel-header rounded-window-top">
            <span class="header-content">Times for Test Automation</span>
          </div> <!-- main-panel-header rounded-window-top -->
          <div class="main-panel-content rounded-window-bottom">
            <div class="times-div">
              <script type="text/javascript">
suiteTableInitFunctions.push('tableData_Test_Automation');
function tableData_Test_Automation() {
var data = new google.visualization.DataTable();
data.addColumn('number', 'Number');
data.addColumn('string', 'Method');
data.addColumn('string', 'Class');
data.addColumn('number', 'Time (ms)');
data.addRows(20);
data.setCell(0, 0, 0)
data.setCell(0, 1, 'verify_user_making_payment')
data.setCell(0, 2, 'web_tests.BankingApplicationPaymentTests')
data.setCell(0, 3, 63817);
data.setCell(1, 0, 1)
data.setCell(1, 1, 'verify_user_making_payment')
data.setCell(1, 2, 'web_tests.BankingApplicationPaymentTests')
data.setCell(1, 3, 61487);
data.setCell(2, 0, 2)
data.setCell(2, 1, 'verify_user_making_payment')
data.setCell(2, 2, 'web_tests.BankingApplicationPaymentTests')
data.setCell(2, 3, 56374);
data.setCell(3, 0, 3)
data.setCell(3, 1, 'verify_user_making_payment')
data.setCell(3, 2, 'web_tests.BankingApplicationPaymentTests')
data.setCell(3, 3, 55655);
data.setCell(4, 0, 4)
data.setCell(4, 1, 'verify_user_making_payment')
data.setCell(4, 2, 'web_tests.BankingApplicationPaymentTests')
data.setCell(4, 3, 55030);
data.setCell(5, 0, 5)
data.setCell(5, 1, 'verify_user_making_payment')
data.setCell(5, 2, 'web_tests.BankingApplicationPaymentTests')
data.setCell(5, 3, 51925);
data.setCell(6, 0, 6)
data.setCell(6, 1, 'verify_user_making_payment')
data.setCell(6, 2, 'web_tests.BankingApplicationPaymentTests')
data.setCell(6, 3, 51876);
data.setCell(7, 0, 7)
data.setCell(7, 1, 'verify_user_making_payment')
data.setCell(7, 2, 'web_tests.BankingApplicationPaymentTests')
data.setCell(7, 3, 50933);
data.setCell(8, 0, 8)
data.setCell(8, 1, 'verify_user_making_payment')
data.setCell(8, 2, 'web_tests.BankingApplicationPaymentTests')
data.setCell(8, 3, 48368);
data.setCell(9, 0, 9)
data.setCell(9, 1, 'verify_user_making_payment')
data.setCell(9, 2, 'web_tests.BankingApplicationPaymentTests')
data.setCell(9, 3, 40143);
data.setCell(10, 0, 10)
data.setCell(10, 1, 'verify_user_making_payment')
data.setCell(10, 2, 'web_tests.BankingApplicationPaymentTests')
data.setCell(10, 3, 39488);
data.setCell(11, 0, 11)
data.setCell(11, 1, 'verify_user_making_payment')
data.setCell(11, 2, 'web_tests.BankingApplicationPaymentTests')
data.setCell(11, 3, 30424);
data.setCell(12, 0, 12)
data.setCell(12, 1, 'verify_user_making_payment')
data.setCell(12, 2, 'web_tests.BankingApplicationPaymentTests')
data.setCell(12, 3, 29079);
data.setCell(13, 0, 13)
data.setCell(13, 1, 'verify_user_making_payment')
data.setCell(13, 2, 'web_tests.BankingApplicationPaymentTests')
data.setCell(13, 3, 28555);
data.setCell(14, 0, 14)
data.setCell(14, 1, 'verify_user_making_payment')
data.setCell(14, 2, 'web_tests.BankingApplicationPaymentTests')
data.setCell(14, 3, 27700);
data.setCell(15, 0, 15)
data.setCell(15, 1, 'verify_user_making_payment')
data.setCell(15, 2, 'web_tests.BankingApplicationPaymentTests')
data.setCell(15, 3, 27569);
data.setCell(16, 0, 16)
data.setCell(16, 1, 'verify_user_making_payment')
data.setCell(16, 2, 'web_tests.BankingApplicationPaymentTests')
data.setCell(16, 3, 27497);
data.setCell(17, 0, 17)
data.setCell(17, 1, 'verify_user_making_payment')
data.setCell(17, 2, 'web_tests.BankingApplicationPaymentTests')
data.setCell(17, 3, 26462);
data.setCell(18, 0, 18)
data.setCell(18, 1, 'verify_user_making_payment')
data.setCell(18, 2, 'web_tests.BankingApplicationPaymentTests')
data.setCell(18, 3, 26434);
data.setCell(19, 0, 19)
data.setCell(19, 1, 'verify_user_making_payment')
data.setCell(19, 2, 'web_tests.BankingApplicationPaymentTests')
data.setCell(19, 3, 11264);
window.suiteTableData['Test_Automation']= { tableData: data, tableDiv: 'times-div-Test_Automation'}
return data;
}
              </script>
              <span class="suite-total-time">Total running time: 1 minutes</span>
              <div id="times-div-Test_Automation">
              </div> <!-- times-div-Test_Automation -->
            </div> <!-- times-div -->
          </div> <!-- main-panel-content rounded-window-bottom -->
        </div> <!-- panel -->
        <div panel-name="reporter-Test_Automation__0_" class="panel">
          <div class="main-panel-header rounded-window-top">
            <span class="header-content">Reporter output for Test Automation (0)</span>
          </div> <!-- main-panel-header rounded-window-top -->
          <div class="main-panel-content rounded-window-bottom">
          </div> <!-- main-panel-content rounded-window-bottom -->
        </div> <!-- panel -->
        <div panel-name="reporter-Test_Automation" class="panel">
          <div class="main-panel-header rounded-window-top">
            <span class="header-content">Reporter output for Test Automation</span>
          </div> <!-- main-panel-header rounded-window-top -->
          <div class="main-panel-content rounded-window-bottom">
          </div> <!-- main-panel-content rounded-window-bottom -->
        </div> <!-- panel -->
        <div panel-name="ignored-methods-Test_Automation__0_" class="panel">
          <div class="main-panel-header rounded-window-top">
            <span class="header-content">0 ignored methods</span>
          </div> <!-- main-panel-header rounded-window-top -->
          <div class="main-panel-content rounded-window-bottom">
          </div> <!-- main-panel-content rounded-window-bottom -->
        </div> <!-- panel -->
        <div panel-name="ignored-methods-Test_Automation" class="panel">
          <div class="main-panel-header rounded-window-top">
            <span class="header-content">0 ignored methods</span>
          </div> <!-- main-panel-header rounded-window-top -->
          <div class="main-panel-content rounded-window-bottom">
          </div> <!-- main-panel-content rounded-window-bottom -->
        </div> <!-- panel -->
        <div panel-name="chronological-Test_Automation__0_" class="panel">
          <div class="main-panel-header rounded-window-top">
            <span class="header-content">Methods in chronological order</span>
          </div> <!-- main-panel-header rounded-window-top -->
          <div class="main-panel-content rounded-window-bottom">
            <div class="chronological-class">
              <div class="chronological-class-name">mobile_tests.BankingApplicationPaymentTests</div> <!-- chronological-class-name -->
              <div class="configuration-method before">
                <span class="method-name">setUp(org.testng.TestRunner@78b66d36, public void mobile_tests.BankingApplicationPaymentTests.verify_user_...)</span>
                <span class="method-start">0 ms</span>
              </div> <!-- configuration-method before -->
              <div class="configuration-method before">
                <span class="method-name">setUp(org.testng.TestRunner@bef2d72, public void mobile_tests.BankingApplicationPaymentTests.verify_user_m...)</span>
                <span class="method-start">0 ms</span>
              </div> <!-- configuration-method before -->
              <div class="configuration-method before">
                <span class="method-name">setUp(org.testng.TestRunner@22a637e7, public void mobile_tests.BankingApplicationPaymentTests.verify_user_...)</span>
                <span class="method-start">0 ms</span>
              </div> <!-- configuration-method before -->
              <div class="configuration-method before">
                <span class="method-name">setUp(org.testng.TestRunner@69b2283a, public void mobile_tests.BankingApplicationPaymentTests.verify_user_...)</span>
                <span class="method-start">0 ms</span>
              </div> <!-- configuration-method before -->
              <div class="configuration-method before">
                <span class="method-name">setUp(org.testng.TestRunner@6fe7aac8, public void mobile_tests.BankingApplicationPaymentTests.verify_user_...)</span>
                <span class="method-start">0 ms</span>
              </div> <!-- configuration-method before -->
              <div class="configuration-method before">
                <span class="method-name">setUp(org.testng.TestRunner@5223e5ee, public void mobile_tests.BankingApplicationPaymentTests.verify_user_...)</span>
                <span class="method-start">0 ms</span>
              </div> <!-- configuration-method before -->
              <div class="configuration-method before">
                <img src="failed.png">
                </img>
                <span class="method-name">setUp(org.testng.TestRunner@707431b5, public void mobile_tests.BankingApplicationPaymentTests.verify_user_...)</span>
                <span class="method-start">1 ms</span>
              </div> <!-- configuration-method before -->
              <div class="configuration-method before">
                <img src="failed.png">
                </img>
                <span class="method-name">setUp(org.testng.TestRunner@3e9351b0, public void mobile_tests.BankingApplicationPaymentTests.verify_user_...)</span>
                <span class="method-start">1 ms</span>
              </div> <!-- configuration-method before -->
              <div class="configuration-method before">
                <span class="method-name">setUp(org.testng.TestRunner@1c93084c, public void mobile_tests.BankingApplicationPaymentTests.verify_user_...)</span>
                <span class="method-start">4 ms</span>
              </div> <!-- configuration-method before -->
              <div class="configuration-method before">
                <img src="failed.png">
                </img>
                <span class="method-name">setUp(org.testng.TestRunner@7f5f74f, public void mobile_tests.BankingApplicationPaymentTests.verify_user_m...)</span>
                <span class="method-start">4 ms</span>
              </div> <!-- configuration-method before -->
              <div class="test-method">
                <span class="method-name">verify_user_making_payment(android)</span>
                <span class="method-start">20056 ms</span>
              </div> <!-- test-method -->
              <div class="test-method">
                <img src="failed.png">
                </img>
                <span class="method-name">verify_user_making_payment(android)</span>
                <span class="method-start">22750 ms</span>
              </div> <!-- test-method -->
              <div class="test-method">
                <span class="method-name">verify_user_making_payment(android)</span>
                <span class="method-start">28314 ms</span>
              </div> <!-- test-method -->
              <div class="test-method">
                <span class="method-name">verify_user_making_payment(android)</span>
                <span class="method-start">32792 ms</span>
              </div> <!-- test-method -->
              <div class="configuration-method after">
                <span class="method-name">tearDown([TestResult name=verify_user_making_payment status=FAILURE method=BankingApplicationPaymentTests.ver...)</span>
                <span class="method-start">33774 ms</span>
              </div> <!-- configuration-method after -->
              <div class="test-method">
                <img src="failed.png">
                </img>
                <span class="method-name">verify_user_making_payment(ios)</span>
                <span class="method-start">36283 ms</span>
              </div> <!-- test-method -->
              <div class="test-method">
                <img src="failed.png">
                </img>
                <span class="method-name">verify_user_making_payment(ios)</span>
                <span class="method-start">43949 ms</span>
              </div> <!-- test-method -->
              <div class="test-method">
                <span class="method-name">verify_user_making_payment(ios)</span>
                <span class="method-start">46254 ms</span>
              </div> <!-- test-method -->
              <div class="configuration-method after">
                <img src="failed.png">
                </img>
                <span class="method-name">tearDown([TestResult name={null} status=CREATED method=BankingApplicationPaymentTests.verify_user_making_paym...)</span>
                <span class="method-start">46255 ms</span>
              </div> <!-- configuration-method after -->
              <div class="configuration-method after">
                <span class="method-name">tearDown([TestResult name=verify_user_making_payment status=SUCCESS method=BankingApplicationPaymentTests.ver...)</span>
                <span class="method-start">47659 ms</span>
              </div> <!-- configuration-method after -->
              <div class="test-method">
                <img src="failed.png">
                </img>
                <span class="method-name">verify_user_making_payment(ios)</span>
                <span class="method-start">51605 ms</span>
              </div> <!-- test-method -->
              <div class="configuration-method after">
                <span class="method-name">tearDown([TestResult name=verify_user_making_payment status=FAILURE method=BankingApplicationPaymentTests.ver...)</span>
                <span class="method-start">56092 ms</span>
              </div> <!-- configuration-method after -->
              <div class="configuration-method after">
                <span class="method-name">tearDown([TestResult name=verify_user_making_payment status=FAILURE method=BankingApplicationPaymentTests.ver...)</span>
                <span class="method-start">63410 ms</span>
              </div> <!-- configuration-method after -->
              <div class="configuration-method after">
                <span class="method-name">tearDown([TestResult name=verify_user_making_payment status=SUCCESS method=BankingApplicationPaymentTests.ver...)</span>
                <span class="method-start">63648 ms</span>
              </div> <!-- configuration-method after -->
              <div class="configuration-method after">
                <span class="method-name">tearDown([TestResult name=verify_user_making_payment status=SUCCESS method=BankingApplicationPaymentTests.ver...)</span>
                <span class="method-start">68458 ms</span>
              </div> <!-- configuration-method after -->
              <div class="configuration-method after">
                <span class="method-name">tearDown([TestResult name=verify_user_making_payment status=FAILURE method=BankingApplicationPaymentTests.ver...)</span>
                <span class="method-start">71588 ms</span>
              </div> <!-- configuration-method after -->
              <div class="test-method">
                <span class="method-name">verify_user_making_payment(android)</span>
                <span class="method-start">84165 ms</span>
              </div> <!-- test-method -->
              <div class="configuration-method after">
                <img src="failed.png">
                </img>
                <span class="method-name">tearDown([TestResult name={null} status=CREATED method=BankingApplicationPaymentTests.verify_user_making_paym...)</span>
                <span class="method-start">84166 ms</span>
              </div> <!-- configuration-method after -->
              <div class="configuration-method after">
                <img src="failed.png">
                </img>
                <span class="method-name">tearDown([TestResult name={null} status=CREATED method=BankingApplicationPaymentTests.verify_user_making_paym...)</span>
                <span class="method-start">242225 ms</span>
              </div> <!-- configuration-method after -->
              <div class="test-method">
                <span class="method-name">verify_user_making_payment(ios)</span>
                <span class="method-start">242225 ms</span>
              </div> <!-- test-method -->
          </div> <!-- main-panel-content rounded-window-bottom -->
        </div> <!-- panel -->
        <div panel-name="chronological-Test_Automation" class="panel">
          <div class="main-panel-header rounded-window-top">
            <span class="header-content">Methods in chronological order</span>
          </div> <!-- main-panel-header rounded-window-top -->
          <div class="main-panel-content rounded-window-bottom">
            <div class="chronological-class">
              <div class="chronological-class-name">web_tests.BankingApplicationPaymentTests</div> <!-- chronological-class-name -->
              <div class="configuration-method before">
                <span class="method-name">setUp(org.testng.TestRunner@418e7838, public void web_tests.BankingApplicationPaymentTests.verify_user_mak...)</span>
                <span class="method-start">0 ms</span>
              </div> <!-- configuration-method before -->
              <div class="configuration-method before">
                <span class="method-name">setUp(org.testng.TestRunner@6f96c77, public void web_tests.BankingApplicationPaymentTests.verify_user_maki...)</span>
                <span class="method-start">0 ms</span>
              </div> <!-- configuration-method before -->
              <div class="configuration-method before">
                <span class="method-name">setUp(org.testng.TestRunner@49d904ec, public void web_tests.BankingApplicationPaymentTests.verify_user_mak...)</span>
                <span class="method-start">0 ms</span>
              </div> <!-- configuration-method before -->
              <div class="configuration-method before">
                <span class="method-name">setUp(org.testng.TestRunner@35047d03, public void web_tests.BankingApplicationPaymentTests.verify_user_mak...)</span>
                <span class="method-start">0 ms</span>
              </div> <!-- configuration-method before -->
              <div class="configuration-method before">
                <span class="method-name">setUp(org.testng.TestRunner@be64738, public void web_tests.BankingApplicationPaymentTests.verify_user_maki...)</span>
                <span class="method-start">0 ms</span>
              </div> <!-- configuration-method before -->
              <div class="configuration-method before">
                <span class="method-name">setUp(org.testng.TestRunner@3c130745, public void web_tests.BankingApplicationPaymentTests.verify_user_mak...)</span>
                <span class="method-start">0 ms</span>
              </div> <!-- configuration-method before -->
              <div class="configuration-method before">
                <span class="method-name">setUp(org.testng.TestRunner@3c419631, public void web_tests.BankingApplicationPaymentTests.verify_user_mak...)</span>
                <span class="method-start">0 ms</span>
              </div> <!-- configuration-method before -->
              <div class="configuration-method before">
                <span class="method-name">setUp(org.testng.TestRunner@61230f6a, public void web_tests.BankingApplicationPaymentTests.verify_user_mak...)</span>
                <span class="method-start">0 ms</span>
              </div> <!-- configuration-method before -->
              <div class="configuration-method before">
                <span class="method-name">setUp(org.testng.TestRunner@1d119efb, public void web_tests.BankingApplicationPaymentTests.verify_user_mak...)</span>
                <span class="method-start">0 ms</span>
              </div> <!-- configuration-method before -->
              <div class="configuration-method before">
                <span class="method-name">setUp(org.testng.TestRunner@3d680b5a, public void web_tests.BankingApplicationPaymentTests.verify_user_mak...)</span>
                <span class="method-start">0 ms</span>
              </div> <!-- configuration-method before -->
              <div class="configuration-method before">
                <span class="method-name">setUp(org.testng.TestRunner@4b5d6a01, public void web_tests.BankingApplicationPaymentTests.verify_user_mak...)</span>
                <span class="method-start">0 ms</span>
              </div> <!-- configuration-method before -->
              <div class="configuration-method before">
                <span class="method-name">setUp(org.testng.TestRunner@76908cc0, public void web_tests.BankingApplicationPaymentTests.verify_user_mak...)</span>
                <span class="method-start">0 ms</span>
              </div> <!-- configuration-method before -->
              <div class="configuration-method before">
                <span class="method-name">setUp(org.testng.TestRunner@48e4374, public void web_tests.BankingApplicationPaymentTests.verify_user_maki...)</span>
                <span class="method-start">1 ms</span>
              </div> <!-- configuration-method before -->
              <div class="configuration-method before">
                <span class="method-name">setUp(org.testng.TestRunner@4a22f9e2, public void web_tests.BankingApplicationPaymentTests.verify_user_mak...)</span>
                <span class="method-start">1 ms</span>
              </div> <!-- configuration-method before -->
              <div class="configuration-method before">
                <span class="method-name">setUp(org.testng.TestRunner@2473d930, public void web_tests.BankingApplicationPaymentTests.verify_user_mak...)</span>
                <span class="method-start">3 ms</span>
              </div> <!-- configuration-method before -->
              <div class="configuration-method before">
                <span class="method-name">setUp(org.testng.TestRunner@3e2e18f2, public void web_tests.BankingApplicationPaymentTests.verify_user_mak...)</span>
                <span class="method-start">3 ms</span>
              </div> <!-- configuration-method before -->
              <div class="configuration-method before">
                <span class="method-name">setUp(org.testng.TestRunner@470f1802, public void web_tests.BankingApplicationPaymentTests.verify_user_mak...)</span>
                <span class="method-start">4 ms</span>
              </div> <!-- configuration-method before -->
              <div class="configuration-method before">
                <span class="method-name">setUp(org.testng.TestRunner@3ba9ad43, public void web_tests.BankingApplicationPaymentTests.verify_user_mak...)</span>
                <span class="method-start">4 ms</span>
              </div> <!-- configuration-method before -->
              <div class="configuration-method before">
                <span class="method-name">setUp(org.testng.TestRunner@cd3fee8, public void web_tests.BankingApplicationPaymentTests.verify_user_maki...)</span>
                <span class="method-start">4 ms</span>
              </div> <!-- configuration-method before -->
              <div class="configuration-method before">
                <span class="method-name">setUp(org.testng.TestRunner@659a969b, public void web_tests.BankingApplicationPaymentTests.verify_user_mak...)</span>
                <span class="method-start">4 ms</span>
              </div> <!-- configuration-method before -->
              <div class="test-method">
                <span class="method-name">verify_user_making_payment</span>
                <span class="method-start">5674 ms</span>
              </div> <!-- test-method -->
              <div class="test-method">
                <span class="method-name">verify_user_making_payment</span>
                <span class="method-start">6808 ms</span>
              </div> <!-- test-method -->
              <div class="test-method">
                <span class="method-name">verify_user_making_payment</span>
                <span class="method-start">7219 ms</span>
              </div> <!-- test-method -->
              <div class="test-method">
                <span class="method-name">verify_user_making_payment</span>
                <span class="method-start">7242 ms</span>
              </div> <!-- test-method -->
              <div class="test-method">
                <span class="method-name">verify_user_making_payment</span>
                <span class="method-start">7476 ms</span>
              </div> <!-- test-method -->
              <div class="test-method">
                <span class="method-name">verify_user_making_payment</span>
                <span class="method-start">7630 ms</span>
              </div> <!-- test-method -->
              <div class="test-method">
                <span class="method-name">verify_user_making_payment</span>
                <span class="method-start">7754 ms</span>
              </div> <!-- test-method -->
              <div class="test-method">
                <span class="method-name">verify_user_making_payment</span>
                <span class="method-start">8494 ms</span>
              </div> <!-- test-method -->
              <div class="test-method">
                <span class="method-name">verify_user_making_payment</span>
                <span class="method-start">8550 ms</span>
              </div> <!-- test-method -->
              <div class="test-method">
                <span class="method-name">verify_user_making_payment</span>
                <span class="method-start">8563 ms</span>
              </div> <!-- test-method -->
              <div class="test-method">
                <span class="method-name">verify_user_making_payment</span>
                <span class="method-start">8707 ms</span>
              </div> <!-- test-method -->
              <div class="test-method">
                <span class="method-name">verify_user_making_payment</span>
                <span class="method-start">8873 ms</span>
              </div> <!-- test-method -->
              <div class="test-method">
                <span class="method-name">verify_user_making_payment</span>
                <span class="method-start">8873 ms</span>
              </div> <!-- test-method -->
              <div class="test-method">
                <span class="method-name">verify_user_making_payment</span>
                <span class="method-start">8951 ms</span>
              </div> <!-- test-method -->
              <div class="test-method">
                <span class="method-name">verify_user_making_payment</span>
                <span class="method-start">9353 ms</span>
              </div> <!-- test-method -->
              <div class="test-method">
                <span class="method-name">verify_user_making_payment</span>
                <span class="method-start">9445 ms</span>
              </div> <!-- test-method -->
              <div class="test-method">
                <span class="method-name">verify_user_making_payment</span>
                <span class="method-start">10189 ms</span>
              </div> <!-- test-method -->
              <div class="test-method">
                <span class="method-name">verify_user_making_payment</span>
                <span class="method-start">10515 ms</span>
              </div> <!-- test-method -->
              <div class="test-method">
                <span class="method-name">verify_user_making_payment</span>
                <span class="method-start">12457 ms</span>
              </div> <!-- test-method -->
              <div class="test-method">
                <span class="method-name">verify_user_making_payment</span>
                <span class="method-start">14972 ms</span>
              </div> <!-- test-method -->
              <div class="configuration-method after">
                <span class="method-name">tearDown([TestResult name=verify_user_making_payment status=SUCCESS method=BankingApplicationPaymentTests.ver...)</span>
                <span class="method-start">18484 ms</span>
              </div> <!-- configuration-method after -->
              <div class="configuration-method after">
                <span class="method-name">tearDown([TestResult name=verify_user_making_payment status=SUCCESS method=BankingApplicationPaymentTests.ver...)</span>
                <span class="method-start">33374 ms</span>
              </div> <!-- configuration-method after -->
              <div class="configuration-method after">
                <span class="method-name">tearDown([TestResult name=verify_user_making_payment status=SUCCESS method=BankingApplicationPaymentTests.ver...)</span>
                <span class="method-start">33911 ms</span>
              </div> <!-- configuration-method after -->
              <div class="configuration-method after">
                <span class="method-name">tearDown([TestResult name=verify_user_making_payment status=SUCCESS method=BankingApplicationPaymentTests.ver...)</span>
                <span class="method-start">34956 ms</span>
              </div> <!-- configuration-method after -->
              <div class="configuration-method after">
                <span class="method-name">tearDown([TestResult name=verify_user_making_payment status=SUCCESS method=BankingApplicationPaymentTests.ver...)</span>
                <span class="method-start">35127 ms</span>
              </div> <!-- configuration-method after -->
              <div class="configuration-method after">
                <span class="method-name">tearDown([TestResult name=verify_user_making_payment status=SUCCESS method=BankingApplicationPaymentTests.ver...)</span>
                <span class="method-start">36321 ms</span>
              </div> <!-- configuration-method after -->
              <div class="configuration-method after">
                <span class="method-name">tearDown([TestResult name=verify_user_making_payment status=SUCCESS method=BankingApplicationPaymentTests.ver...)</span>
                <span class="method-start">37118 ms</span>
              </div> <!-- configuration-method after -->
              <div class="configuration-method after">
                <span class="method-name">tearDown([TestResult name=verify_user_making_payment status=SUCCESS method=BankingApplicationPaymentTests.ver...)</span>
                <span class="method-start">37232 ms</span>
              </div> <!-- configuration-method after -->
              <div class="configuration-method after">
                <span class="method-name">tearDown([TestResult name=verify_user_making_payment status=SUCCESS method=BankingApplicationPaymentTests.ver...)</span>
                <span class="method-start">37759 ms</span>
              </div> <!-- configuration-method after -->
              <div class="configuration-method after">
                <span class="method-name">tearDown([TestResult name=verify_user_making_payment status=SUCCESS method=BankingApplicationPaymentTests.ver...)</span>
                <span class="method-start">48039 ms</span>
              </div> <!-- configuration-method after -->
              <div class="configuration-method after">
                <span class="method-name">tearDown([TestResult name=verify_user_making_payment status=SUCCESS method=BankingApplicationPaymentTests.ver...)</span>
                <span class="method-start">49016 ms</span>
              </div> <!-- configuration-method after -->
              <div class="configuration-method after">
                <span class="method-name">tearDown([TestResult name=verify_user_making_payment status=SUCCESS method=BankingApplicationPaymentTests.ver...)</span>
                <span class="method-start">60749 ms</span>
              </div> <!-- configuration-method after -->
              <div class="configuration-method after">
                <span class="method-name">tearDown([TestResult name=verify_user_making_payment status=SUCCESS method=BankingApplicationPaymentTests.ver...)</span>
                <span class="method-start">61371 ms</span>
              </div> <!-- configuration-method after -->
              <div class="configuration-method after">
                <span class="method-name">tearDown([TestResult name=verify_user_making_payment status=SUCCESS method=BankingApplicationPaymentTests.ver...)</span>
                <span class="method-start">63341 ms</span>
              </div> <!-- configuration-method after -->
              <div class="configuration-method after">
                <span class="method-name">tearDown([TestResult name=verify_user_making_payment status=SUCCESS method=BankingApplicationPaymentTests.ver...)</span>
                <span class="method-start">63390 ms</span>
              </div> <!-- configuration-method after -->
              <div class="configuration-method after">
                <span class="method-name">tearDown([TestResult name=verify_user_making_payment status=SUCCESS method=BankingApplicationPaymentTests.ver...)</span>
                <span class="method-start">63410 ms</span>
              </div> <!-- configuration-method after -->
              <div class="configuration-method after">
                <span class="method-name">tearDown([TestResult name=verify_user_making_payment status=SUCCESS method=BankingApplicationPaymentTests.ver...)</span>
                <span class="method-start">63738 ms</span>
              </div> <!-- configuration-method after -->
              <div class="configuration-method after">
                <span class="method-name">tearDown([TestResult name=verify_user_making_payment status=SUCCESS method=BankingApplicationPaymentTests.ver...)</span>
                <span class="method-start">66890 ms</span>
              </div> <!-- configuration-method after -->
              <div class="configuration-method after">
                <span class="method-name">tearDown([TestResult name=verify_user_making_payment status=SUCCESS method=BankingApplicationPaymentTests.ver...)</span>
                <span class="method-start">70439 ms</span>
              </div> <!-- configuration-method after -->
              <div class="configuration-method after">
                <span class="method-name">tearDown([TestResult name=verify_user_making_payment status=SUCCESS method=BankingApplicationPaymentTests.ver...)</span>
                <span class="method-start">73171 ms</span>
              </div> <!-- configuration-method after -->
          </div> <!-- main-panel-content rounded-window-bottom -->
        </div> <!-- panel -->
      </div> <!-- main-panel-root -->
    </div> <!-- wrapper -->
  </body>
<script type="text/javascript" src="testng-reports2.js"></script>
</html>
