<?xml version="1.0" encoding="UTF-8"?>
<testng-results ignored="0" total="30" passed="23" failed="4" skipped="3">
  <reporter-output>
  </reporter-output>
  <suite started-at="2023-11-13T16:41:35 EST" name="Test Automation (0)" finished-at="2023-11-13T16:45:37 EST" duration-ms="242269">
    <groups>
    </groups>
    <test started-at="2023-11-13T16:41:35 EST" name="Test_E2E_04_Android" finished-at="2023-11-13T16:42:10 EST" duration-ms="35481">
      <class name="mobile_tests.BankingApplicationPaymentTests">
        <test-method is-config="true" signature="setUp(org.testng.ITestContext,java.lang.reflect.Method,java.lang.String)[pri:0, instance:mobile_tests.BankingApplicationPaymentTests@5276e6b0]" started-at="2023-11-13T16:41:35 EST" name="setUp" finished-at="2023-11-13T16:41:58 EST" duration-ms="22746" status="PASS">
          <params>
            <param index="0">
              <value>
                <![CDATA[org.testng.TestRunner@1c93084c]]>
              </value>
            </param>
            <param index="1">
              <value>
                <![CDATA[public void mobile_tests.BankingApplicationPaymentTests.verify_user_making_payment(java.lang.String) throws java.lang.InterruptedException]]>
              </value>
            </param>
            <param index="2">
              <value>
                <![CDATA[android]]>
              </value>
            </param>
          </params>
          <reporter-output>
          </reporter-output>
        </test-method> <!-- setUp -->
        <test-method signature="verify_user_making_payment(java.lang.String)[pri:0, instance:mobile_tests.BankingApplicationPaymentTests@5276e6b0]" started-at="2023-11-13T16:41:58 EST" name="verify_user_making_payment" finished-at="2023-11-13T16:42:09 EST" duration-ms="11016" status="FAIL">
          <params>
            <param index="0">
              <value>
                <![CDATA[android]]>
              </value>
            </param>
          </params>
          <exception class="org.openqa.selenium.TimeoutException">
            <message>
              <![CDATA[Expected condition failed: waiting for element to be clickable: By.xpath: //div[@class='dx-button-content' and contains(text(), 'Login')] (tried for 10 second(s) with 500 milliseconds interval)
Build info: version: '4.15.0', revision: '1d14b5521b'
System info: os.name: 'Mac OS X', os.arch: 'x86_64', os.version: '14.0', java.version: '21.0.1'
Driver info: io.appium.java_client.android.AndroidDriver
Capabilities {appium:appActivity: com.google.android.apps.chr..., appium:appPackage: com.android.chrome, appium:appiumVersion: 1.22.3, appium:automationName: UIAutomator2, appium:chromedriverExecutableDir: /chromedrivers, appium:cloudViewLink: https://us2region.experites..., appium:databaseEnabled: false, appium:desired: {appiumVersion: 1.22.3, automationName: UIAutomator2, browserName: Chrome, chromedriverExecutableDir: /chromedrivers, deviceName: auto, deviceQuery: @os='android' and @category..., digitalai:appiumVersion: 1.22.3, experitest:client8: true, experitest:originalSkipDeviceInitialization: false, experitestCloudSessionId: CLOUD-SID:2023-11-13_21-41-..., platformName: ANDROID, platformVersion: 11.0, reportTestId: 1015, reportUrl: https://uscloud.experitest...., skipDeviceInitialization: true, skipServerInstallation: true, testName: verify_user_making_payment, udid: RF8M82E3CMN}, appium:deviceApiLevel: 30, appium:deviceManufacturer: samsung, appium:deviceModel: SM-N975U1, appium:deviceName: RF8M82E3CMN, appium:deviceQuery: @os='android' and @category..., appium:deviceScreenDensity: 420, appium:deviceScreenSize: 1080x2280, appium:deviceUDID: RF8M82E3CMN, appium:ehmPrefixUrl: /agent-10713675, appium:ehmUrl: https://us2region.experites..., appium:experitestCloudSessionId: CLOUD-SID:2023-11-13_21-41-..., appium:javascriptEnabled: true, appium:locationContextEnabled: false, appium:networkConnectionEnabled: true, appium:pixelRatio: 2.625, appium:platformVersion: 11, appium:reportTestId: 1015, appium:reportUrl: https://uscloud.experitest...., appium:skipDeviceInitialization: true, appium:skipServerInstallation: true, appium:statBarHeight: 85, appium:takesScreenshot: true, appium:testName: verify_user_making_payment, appium:udid: RF8M82E3CMN, appium:viewportRect: {height: 1984, left: 0, top: 85, width: 1080}, appium:warnings: {}, appium:webStorageEnabled: false, browserName: Chrome, digitalai:appiumVersion: 1.22.3, experitest:client8: true, experitest:originalSkipDeviceInitialization: false, platformName: ANDROID}
Session ID: 6165a3bd-318b-4989-ad4c-c916ac0d464a]]>
            </message>
            <full-stacktrace>
              <![CDATA[org.openqa.selenium.TimeoutException: Expected condition failed: waiting for element to be clickable: By.xpath: //div[@class='dx-button-content' and contains(text(), 'Login')] (tried for 10 second(s) with 500 milliseconds interval)
Build info: version: '4.15.0', revision: '1d14b5521b'
System info: os.name: 'Mac OS X', os.arch: 'x86_64', os.version: '14.0', java.version: '21.0.1'
Driver info: io.appium.java_client.android.AndroidDriver
Capabilities {appium:appActivity: com.google.android.apps.chr..., appium:appPackage: com.android.chrome, appium:appiumVersion: 1.22.3, appium:automationName: UIAutomator2, appium:chromedriverExecutableDir: /chromedrivers, appium:cloudViewLink: https://us2region.experites..., appium:databaseEnabled: false, appium:desired: {appiumVersion: 1.22.3, automationName: UIAutomator2, browserName: Chrome, chromedriverExecutableDir: /chromedrivers, deviceName: auto, deviceQuery: @os='android' and @category..., digitalai:appiumVersion: 1.22.3, experitest:client8: true, experitest:originalSkipDeviceInitialization: false, experitestCloudSessionId: CLOUD-SID:2023-11-13_21-41-..., platformName: ANDROID, platformVersion: 11.0, reportTestId: 1015, reportUrl: https://uscloud.experitest...., skipDeviceInitialization: true, skipServerInstallation: true, testName: verify_user_making_payment, udid: RF8M82E3CMN}, appium:deviceApiLevel: 30, appium:deviceManufacturer: samsung, appium:deviceModel: SM-N975U1, appium:deviceName: RF8M82E3CMN, appium:deviceQuery: @os='android' and @category..., appium:deviceScreenDensity: 420, appium:deviceScreenSize: 1080x2280, appium:deviceUDID: RF8M82E3CMN, appium:ehmPrefixUrl: /agent-10713675, appium:ehmUrl: https://us2region.experites..., appium:experitestCloudSessionId: CLOUD-SID:2023-11-13_21-41-..., appium:javascriptEnabled: true, appium:locationContextEnabled: false, appium:networkConnectionEnabled: true, appium:pixelRatio: 2.625, appium:platformVersion: 11, appium:reportTestId: 1015, appium:reportUrl: https://uscloud.experitest...., appium:skipDeviceInitialization: true, appium:skipServerInstallation: true, appium:statBarHeight: 85, appium:takesScreenshot: true, appium:testName: verify_user_making_payment, appium:udid: RF8M82E3CMN, appium:viewportRect: {height: 1984, left: 0, top: 85, width: 1080}, appium:warnings: {}, appium:webStorageEnabled: false, browserName: Chrome, digitalai:appiumVersion: 1.22.3, experitest:client8: true, experitest:originalSkipDeviceInitialization: false, platformName: ANDROID}
Session ID: 6165a3bd-318b-4989-ad4c-c916ac0d464a
at org.openqa.selenium.support.ui.WebDriverWait.timeoutException(WebDriverWait.java:84)
at org.openqa.selenium.support.ui.FluentWait.until(FluentWait.java:230)
at mobile_tests.BankingApplicationPaymentTests.verify_user_making_payment(BankingApplicationPaymentTests.java:19)
at java.base/jdk.internal.reflect.DirectMethodHandleAccessor.invoke(DirectMethodHandleAccessor.java:103)
at java.base/java.lang.reflect.Method.invoke(Method.java:580)
at org.testng.internal.MethodInvocationHelper.invokeMethod(MethodInvocationHelper.java:133)
at org.testng.internal.TestInvoker.invokeMethod(TestInvoker.java:598)
at org.testng.internal.TestInvoker.invokeTestMethod(TestInvoker.java:173)
at org.testng.internal.MethodRunner.runInSequence(MethodRunner.java:46)
at org.testng.internal.TestInvoker$MethodInvocationAgent.invoke(TestInvoker.java:824)
at org.testng.internal.TestInvoker.invokeTestMethods(TestInvoker.java:146)
at org.testng.internal.TestMethodWorker.invokeTestMethods(TestMethodWorker.java:146)
at org.testng.internal.TestMethodWorker.run(TestMethodWorker.java:128)
at java.base/java.util.ArrayList.forEach(ArrayList.java:1596)
at org.testng.TestRunner.privateRun(TestRunner.java:794)
at org.testng.TestRunner.run(TestRunner.java:596)
at org.testng.SuiteRunner.runTest(SuiteRunner.java:377)
at org.testng.SuiteRunner.access$000(SuiteRunner.java:28)
at org.testng.SuiteRunner$SuiteWorker.run(SuiteRunner.java:418)
at org.testng.internal.thread.ThreadUtil.lambda$execute$0(ThreadUtil.java:64)
at java.base/java.util.concurrent.FutureTask.run(FutureTask.java:317)
at java.base/java.util.concurrent.ThreadPoolExecutor.runWorker(ThreadPoolExecutor.java:1144)
at java.base/java.util.concurrent.ThreadPoolExecutor$Worker.run(ThreadPoolExecutor.java:642)
at java.base/java.lang.Thread.run(Thread.java:1583)
]]>
            </full-stacktrace>
          </exception> <!-- org.openqa.selenium.TimeoutException -->
          <reporter-output>
          </reporter-output>
        </test-method> <!-- verify_user_making_payment -->
        <test-method is-config="true" signature="tearDown(org.testng.ITestResult,java.lang.String)[pri:0, instance:mobile_tests.BankingApplicationPaymentTests@5276e6b0]" started-at="2023-11-13T16:42:09 EST" name="tearDown" finished-at="2023-11-13T16:42:10 EST" duration-ms="1664" status="PASS">
          <params>
            <param index="0">
              <value>
                <![CDATA[[TestResult name=verify_user_making_payment status=FAILURE method=BankingApplicationPaymentTests.verify_user_making_payment(java.lang.String)[pri:0, instance:mobile_tests.BankingApplicationPaymentTests@5276e6b0] output={null}]]]>
              </value>
            </param>
            <param index="1">
              <value>
                <![CDATA[android]]>
              </value>
            </param>
          </params>
          <reporter-output>
          </reporter-output>
        </test-method> <!-- tearDown -->
      </class> <!-- mobile_tests.BankingApplicationPaymentTests -->
    </test> <!-- Test_E2E_04_Android -->
    <test started-at="2023-11-13T16:41:35 EST" name="Test_E2E_03_iOS" finished-at="2023-11-13T16:42:21 EST" duration-ms="46297">
      <class name="mobile_tests.BankingApplicationPaymentTests">
        <test-method is-config="true" signature="setUp(org.testng.ITestContext,java.lang.reflect.Method,java.lang.String)[pri:0, instance:mobile_tests.BankingApplicationPaymentTests@6d2a209c]" started-at="2023-11-13T16:41:35 EST" name="setUp" finished-at="2023-11-13T16:42:21 EST" duration-ms="46251" status="FAIL">
          <params>
            <param index="0">
              <value>
                <![CDATA[org.testng.TestRunner@3e9351b0]]>
              </value>
            </param>
            <param index="1">
              <value>
                <![CDATA[public void mobile_tests.BankingApplicationPaymentTests.verify_user_making_payment(java.lang.String) throws java.lang.InterruptedException]]>
              </value>
            </param>
            <param index="2">
              <value>
                <![CDATA[ios]]>
              </value>
            </param>
          </params>
          <exception class="org.openqa.selenium.SessionNotCreatedException">
            <message>
              <![CDATA[Could not start a new session. Response code 500. Message: An unknown server-side error occurred while processing the command. Original error: java.net.ConnectException: Connection refused 
Host info: host: 'Rahee-Khan', ip: 'fd41:8c9d:9153:c210:c8b:2aea:603c:3aaf%en0'
Build info: version: '4.15.0', revision: '1d14b5521b'
System info: os.name: 'Mac OS X', os.arch: 'x86_64', os.version: '14.0', java.version: '21.0.1'
Driver info: io.appium.java_client.ios.IOSDriver
Command: [null, newSession {capabilities=[{appium:accessKey=eyJhbGciOiJIUzI1NiJ9.eyJ4cC51Ijo5ODU3OTgwLCJ4cC5wIjoxMDk4NzU5NCwieHAubSI6MTY4OTA4MTQ5ODEzOSwiZXhwIjoyMDEwNTkwNTk4LCJpc3MiOiJjb20uZXhwZXJpdGVzdCJ9.ar3l55jlt470f5fb8CPpkFeJ_UaNQMfpzLEjmfjmyd0, appium:appiumVersion=2.1.3, appium:automationName=XCUITest, browserName=Safari, appium:deviceQuery=@os='ios' and @category='PHONE' and contains(@region, 'US'), platformName=IOS, appium:testName=verify_user_making_payment}], desiredCapabilities=Capabilities {accessKey: eyJhbGciOiJIUzI1NiJ9.eyJ4cC..., appiumVersion: 2.1.3, automationName: XCUITest, browserName: Safari, deviceQuery: @os='ios' and @category='PH..., platformName: IOS, testName: verify_user_making_payment}}]
Capabilities {accessKey: eyJhbGciOiJIUzI1NiJ9.eyJ4cC..., appiumVersion: 2.1.3, automationName: XCUITest, browserName: Safari, deviceQuery: @os='ios' and @category='PH..., platformName: IOS, testName: verify_user_making_payment}]]>
            </message>
            <full-stacktrace>
              <![CDATA[org.openqa.selenium.SessionNotCreatedException: Could not start a new session. Response code 500. Message: An unknown server-side error occurred while processing the command. Original error: java.net.ConnectException: Connection refused 
Host info: host: 'Rahee-Khan', ip: 'fd41:8c9d:9153:c210:c8b:2aea:603c:3aaf%en0'
Build info: version: '4.15.0', revision: '1d14b5521b'
System info: os.name: 'Mac OS X', os.arch: 'x86_64', os.version: '14.0', java.version: '21.0.1'
Driver info: io.appium.java_client.ios.IOSDriver
Command: [null, newSession {capabilities=[{appium:accessKey=eyJhbGciOiJIUzI1NiJ9.eyJ4cC51Ijo5ODU3OTgwLCJ4cC5wIjoxMDk4NzU5NCwieHAubSI6MTY4OTA4MTQ5ODEzOSwiZXhwIjoyMDEwNTkwNTk4LCJpc3MiOiJjb20uZXhwZXJpdGVzdCJ9.ar3l55jlt470f5fb8CPpkFeJ_UaNQMfpzLEjmfjmyd0, appium:appiumVersion=2.1.3, appium:automationName=XCUITest, browserName=Safari, appium:deviceQuery=@os='ios' and @category='PHONE' and contains(@region, 'US'), platformName=IOS, appium:testName=verify_user_making_payment}], desiredCapabilities=Capabilities {accessKey: eyJhbGciOiJIUzI1NiJ9.eyJ4cC..., appiumVersion: 2.1.3, automationName: XCUITest, browserName: Safari, deviceQuery: @os='ios' and @category='PH..., platformName: IOS, testName: verify_user_making_payment}}]
Capabilities {accessKey: eyJhbGciOiJIUzI1NiJ9.eyJ4cC..., appiumVersion: 2.1.3, automationName: XCUITest, browserName: Safari, deviceQuery: @os='ios' and @category='PH..., platformName: IOS, testName: verify_user_making_payment}
at org.openqa.selenium.remote.ProtocolHandshake.createSession(ProtocolHandshake.java:140)
at java.base/jdk.internal.reflect.DirectMethodHandleAccessor.invoke(DirectMethodHandleAccessor.java:103)
at java.base/java.lang.reflect.Method.invoke(Method.java:580)
at io.appium.java_client.remote.AppiumProtocolHandshake.createSession(AppiumProtocolHandshake.java:133)
at io.appium.java_client.remote.AppiumProtocolHandshake.createSession(AppiumProtocolHandshake.java:102)
at io.appium.java_client.remote.AppiumCommandExecutor.createSession(AppiumCommandExecutor.java:194)
at io.appium.java_client.remote.AppiumCommandExecutor.execute(AppiumCommandExecutor.java:262)
at org.openqa.selenium.remote.RemoteWebDriver.execute(RemoteWebDriver.java:531)
at io.appium.java_client.AppiumDriver.startSession(AppiumDriver.java:229)
at org.openqa.selenium.remote.RemoteWebDriver.<init>(RemoteWebDriver.java:154)
at io.appium.java_client.AppiumDriver.<init>(AppiumDriver.java:80)
at io.appium.java_client.AppiumDriver.<init>(AppiumDriver.java:92)
at io.appium.java_client.ios.IOSDriver.<init>(IOSDriver.java:106)
at base.MobileDeviceDriver.setUp(MobileDeviceDriver.java:52)
at java.base/jdk.internal.reflect.DirectMethodHandleAccessor.invoke(DirectMethodHandleAccessor.java:103)
at java.base/java.lang.reflect.Method.invoke(Method.java:580)
at org.testng.internal.MethodInvocationHelper.invokeMethod(MethodInvocationHelper.java:133)
at org.testng.internal.MethodInvocationHelper.invokeMethodConsideringTimeout(MethodInvocationHelper.java:62)
at org.testng.internal.ConfigInvoker.invokeConfigurationMethod(ConfigInvoker.java:385)
at org.testng.internal.ConfigInvoker.invokeConfigurations(ConfigInvoker.java:321)
at org.testng.internal.TestInvoker.runConfigMethods(TestInvoker.java:700)
at org.testng.internal.TestInvoker.invokeMethod(TestInvoker.java:527)
at org.testng.internal.TestInvoker.invokeTestMethod(TestInvoker.java:173)
at org.testng.internal.MethodRunner.runInSequence(MethodRunner.java:46)
at org.testng.internal.TestInvoker$MethodInvocationAgent.invoke(TestInvoker.java:824)
at org.testng.internal.TestInvoker.invokeTestMethods(TestInvoker.java:146)
at org.testng.internal.TestMethodWorker.invokeTestMethods(TestMethodWorker.java:146)
at org.testng.internal.TestMethodWorker.run(TestMethodWorker.java:128)
at java.base/java.util.ArrayList.forEach(ArrayList.java:1596)
at org.testng.TestRunner.privateRun(TestRunner.java:794)
at org.testng.TestRunner.run(TestRunner.java:596)
at org.testng.SuiteRunner.runTest(SuiteRunner.java:377)
at org.testng.SuiteRunner.access$000(SuiteRunner.java:28)
at org.testng.SuiteRunner$SuiteWorker.run(SuiteRunner.java:418)
at org.testng.internal.thread.ThreadUtil.lambda$execute$0(ThreadUtil.java:64)
at java.base/java.util.concurrent.FutureTask.run(FutureTask.java:317)
at java.base/java.util.concurrent.ThreadPoolExecutor.runWorker(ThreadPoolExecutor.java:1144)
at java.base/java.util.concurrent.ThreadPoolExecutor$Worker.run(ThreadPoolExecutor.java:642)
at java.base/java.lang.Thread.run(Thread.java:1583)
]]>
            </full-stacktrace>
          </exception> <!-- org.openqa.selenium.SessionNotCreatedException -->
          <reporter-output>
          </reporter-output>
        </test-method> <!-- setUp -->
        <test-method signature="verify_user_making_payment(java.lang.String)[pri:0, instance:mobile_tests.BankingApplicationPaymentTests@6d2a209c]" started-at="2023-11-13T16:42:21 EST" name="verify_user_making_payment" finished-at="2023-11-13T16:42:21 EST" duration-ms="0" status="SKIP">
          <params>
            <param index="0">
              <value>
                <![CDATA[ios]]>
              </value>
            </param>
          </params>
          <exception class="org.openqa.selenium.SessionNotCreatedException">
            <message>
              <![CDATA[Could not start a new session. Response code 500. Message: An unknown server-side error occurred while processing the command. Original error: java.net.ConnectException: Connection refused 
Host info: host: 'Rahee-Khan', ip: 'fd41:8c9d:9153:c210:c8b:2aea:603c:3aaf%en0'
Build info: version: '4.15.0', revision: '1d14b5521b'
System info: os.name: 'Mac OS X', os.arch: 'x86_64', os.version: '14.0', java.version: '21.0.1'
Driver info: io.appium.java_client.ios.IOSDriver
Command: [null, newSession {capabilities=[{appium:accessKey=eyJhbGciOiJIUzI1NiJ9.eyJ4cC51Ijo5ODU3OTgwLCJ4cC5wIjoxMDk4NzU5NCwieHAubSI6MTY4OTA4MTQ5ODEzOSwiZXhwIjoyMDEwNTkwNTk4LCJpc3MiOiJjb20uZXhwZXJpdGVzdCJ9.ar3l55jlt470f5fb8CPpkFeJ_UaNQMfpzLEjmfjmyd0, appium:appiumVersion=2.1.3, appium:automationName=XCUITest, browserName=Safari, appium:deviceQuery=@os='ios' and @category='PHONE' and contains(@region, 'US'), platformName=IOS, appium:testName=verify_user_making_payment}], desiredCapabilities=Capabilities {accessKey: eyJhbGciOiJIUzI1NiJ9.eyJ4cC..., appiumVersion: 2.1.3, automationName: XCUITest, browserName: Safari, deviceQuery: @os='ios' and @category='PH..., platformName: IOS, testName: verify_user_making_payment}}]
Capabilities {accessKey: eyJhbGciOiJIUzI1NiJ9.eyJ4cC..., appiumVersion: 2.1.3, automationName: XCUITest, browserName: Safari, deviceQuery: @os='ios' and @category='PH..., platformName: IOS, testName: verify_user_making_payment}]]>
            </message>
            <full-stacktrace>
              <![CDATA[org.openqa.selenium.SessionNotCreatedException: Could not start a new session. Response code 500. Message: An unknown server-side error occurred while processing the command. Original error: java.net.ConnectException: Connection refused 
Host info: host: 'Rahee-Khan', ip: 'fd41:8c9d:9153:c210:c8b:2aea:603c:3aaf%en0'
Build info: version: '4.15.0', revision: '1d14b5521b'
System info: os.name: 'Mac OS X', os.arch: 'x86_64', os.version: '14.0', java.version: '21.0.1'
Driver info: io.appium.java_client.ios.IOSDriver
Command: [null, newSession {capabilities=[{appium:accessKey=eyJhbGciOiJIUzI1NiJ9.eyJ4cC51Ijo5ODU3OTgwLCJ4cC5wIjoxMDk4NzU5NCwieHAubSI6MTY4OTA4MTQ5ODEzOSwiZXhwIjoyMDEwNTkwNTk4LCJpc3MiOiJjb20uZXhwZXJpdGVzdCJ9.ar3l55jlt470f5fb8CPpkFeJ_UaNQMfpzLEjmfjmyd0, appium:appiumVersion=2.1.3, appium:automationName=XCUITest, browserName=Safari, appium:deviceQuery=@os='ios' and @category='PHONE' and contains(@region, 'US'), platformName=IOS, appium:testName=verify_user_making_payment}], desiredCapabilities=Capabilities {accessKey: eyJhbGciOiJIUzI1NiJ9.eyJ4cC..., appiumVersion: 2.1.3, automationName: XCUITest, browserName: Safari, deviceQuery: @os='ios' and @category='PH..., platformName: IOS, testName: verify_user_making_payment}}]
Capabilities {accessKey: eyJhbGciOiJIUzI1NiJ9.eyJ4cC..., appiumVersion: 2.1.3, automationName: XCUITest, browserName: Safari, deviceQuery: @os='ios' and @category='PH..., platformName: IOS, testName: verify_user_making_payment}
at org.openqa.selenium.remote.ProtocolHandshake.createSession(ProtocolHandshake.java:140)
at java.base/jdk.internal.reflect.DirectMethodHandleAccessor.invoke(DirectMethodHandleAccessor.java:103)
at java.base/java.lang.reflect.Method.invoke(Method.java:580)
at io.appium.java_client.remote.AppiumProtocolHandshake.createSession(AppiumProtocolHandshake.java:133)
at io.appium.java_client.remote.AppiumProtocolHandshake.createSession(AppiumProtocolHandshake.java:102)
at io.appium.java_client.remote.AppiumCommandExecutor.createSession(AppiumCommandExecutor.java:194)
at io.appium.java_client.remote.AppiumCommandExecutor.execute(AppiumCommandExecutor.java:262)
at org.openqa.selenium.remote.RemoteWebDriver.execute(RemoteWebDriver.java:531)
at io.appium.java_client.AppiumDriver.startSession(AppiumDriver.java:229)
at org.openqa.selenium.remote.RemoteWebDriver.<init>(RemoteWebDriver.java:154)
at io.appium.java_client.AppiumDriver.<init>(AppiumDriver.java:80)
at io.appium.java_client.AppiumDriver.<init>(AppiumDriver.java:92)
at io.appium.java_client.ios.IOSDriver.<init>(IOSDriver.java:106)
at base.MobileDeviceDriver.setUp(MobileDeviceDriver.java:52)
at java.base/jdk.internal.reflect.DirectMethodHandleAccessor.invoke(DirectMethodHandleAccessor.java:103)
at java.base/java.lang.reflect.Method.invoke(Method.java:580)
at org.testng.internal.MethodInvocationHelper.invokeMethod(MethodInvocationHelper.java:133)
at org.testng.internal.MethodInvocationHelper.invokeMethodConsideringTimeout(MethodInvocationHelper.java:62)
at org.testng.internal.ConfigInvoker.invokeConfigurationMethod(ConfigInvoker.java:385)
at org.testng.internal.ConfigInvoker.invokeConfigurations(ConfigInvoker.java:321)
at org.testng.internal.TestInvoker.runConfigMethods(TestInvoker.java:700)
at org.testng.internal.TestInvoker.invokeMethod(TestInvoker.java:527)
at org.testng.internal.TestInvoker.invokeTestMethod(TestInvoker.java:173)
at org.testng.internal.MethodRunner.runInSequence(MethodRunner.java:46)
at org.testng.internal.TestInvoker$MethodInvocationAgent.invoke(TestInvoker.java:824)
at org.testng.internal.TestInvoker.invokeTestMethods(TestInvoker.java:146)
at org.testng.internal.TestMethodWorker.invokeTestMethods(TestMethodWorker.java:146)
at org.testng.internal.TestMethodWorker.run(TestMethodWorker.java:128)
at java.base/java.util.ArrayList.forEach(ArrayList.java:1596)
at org.testng.TestRunner.privateRun(TestRunner.java:794)
at org.testng.TestRunner.run(TestRunner.java:596)
at org.testng.SuiteRunner.runTest(SuiteRunner.java:377)
at org.testng.SuiteRunner.access$000(SuiteRunner.java:28)
at org.testng.SuiteRunner$SuiteWorker.run(SuiteRunner.java:418)
at org.testng.internal.thread.ThreadUtil.lambda$execute$0(ThreadUtil.java:64)
at java.base/java.util.concurrent.FutureTask.run(FutureTask.java:317)
at java.base/java.util.concurrent.ThreadPoolExecutor.runWorker(ThreadPoolExecutor.java:1144)
at java.base/java.util.concurrent.ThreadPoolExecutor$Worker.run(ThreadPoolExecutor.java:642)
at java.base/java.lang.Thread.run(Thread.java:1583)
]]>
            </full-stacktrace>
          </exception> <!-- org.openqa.selenium.SessionNotCreatedException -->
          <reporter-output>
          </reporter-output>
        </test-method> <!-- verify_user_making_payment -->
        <test-method is-config="true" signature="tearDown(org.testng.ITestResult,java.lang.String)[pri:0, instance:mobile_tests.BankingApplicationPaymentTests@6d2a209c]" started-at="2023-11-13T16:42:21 EST" name="tearDown" finished-at="2023-11-13T16:42:21 EST" duration-ms="1" status="FAIL">
          <params>
            <param index="0">
              <value>
                <![CDATA[[TestResult name={null} status=CREATED method=BankingApplicationPaymentTests.verify_user_making_payment(java.lang.String)[pri:0, instance:mobile_tests.BankingApplicationPaymentTests@6d2a209c] output={null}]]]>
              </value>
            </param>
            <param index="1">
              <value>
                <![CDATA[ios]]>
              </value>
            </param>
          </params>
          <exception class="java.lang.NullPointerException">
            <message>
              <![CDATA[Cannot invoke "org.openqa.selenium.remote.RemoteWebDriver.quit()" because the return value of "base.MobileDeviceDriver.getDriver()" is null]]>
            </message>
            <full-stacktrace>
              <![CDATA[java.lang.NullPointerException: Cannot invoke "org.openqa.selenium.remote.RemoteWebDriver.quit()" because the return value of "base.MobileDeviceDriver.getDriver()" is null
at base.MobileDeviceDriver.tearDown(MobileDeviceDriver.java:82)
at java.base/jdk.internal.reflect.DirectMethodHandleAccessor.invoke(DirectMethodHandleAccessor.java:103)
at java.base/java.lang.reflect.Method.invoke(Method.java:580)
at org.testng.internal.MethodInvocationHelper.invokeMethod(MethodInvocationHelper.java:133)
at org.testng.internal.MethodInvocationHelper.invokeMethodConsideringTimeout(MethodInvocationHelper.java:62)
at org.testng.internal.ConfigInvoker.invokeConfigurationMethod(ConfigInvoker.java:385)
at org.testng.internal.ConfigInvoker.invokeConfigurations(ConfigInvoker.java:321)
at org.testng.internal.TestInvoker.runConfigMethods(TestInvoker.java:700)
at org.testng.internal.TestInvoker.runAfterGroupsConfigurations(TestInvoker.java:676)
at org.testng.internal.TestInvoker.invokeMethod(TestInvoker.java:546)
at org.testng.internal.TestInvoker.invokeTestMethod(TestInvoker.java:173)
at org.testng.internal.MethodRunner.runInSequence(MethodRunner.java:46)
at org.testng.internal.TestInvoker$MethodInvocationAgent.invoke(TestInvoker.java:824)
at org.testng.internal.TestInvoker.invokeTestMethods(TestInvoker.java:146)
at org.testng.internal.TestMethodWorker.invokeTestMethods(TestMethodWorker.java:146)
at org.testng.internal.TestMethodWorker.run(TestMethodWorker.java:128)
at java.base/java.util.ArrayList.forEach(ArrayList.java:1596)
at org.testng.TestRunner.privateRun(TestRunner.java:794)
at org.testng.TestRunner.run(TestRunner.java:596)
at org.testng.SuiteRunner.runTest(SuiteRunner.java:377)
at org.testng.SuiteRunner.access$000(SuiteRunner.java:28)
at org.testng.SuiteRunner$SuiteWorker.run(SuiteRunner.java:418)
at org.testng.internal.thread.ThreadUtil.lambda$execute$0(ThreadUtil.java:64)
at java.base/java.util.concurrent.FutureTask.run(FutureTask.java:317)
at java.base/java.util.concurrent.ThreadPoolExecutor.runWorker(ThreadPoolExecutor.java:1144)
at java.base/java.util.concurrent.ThreadPoolExecutor$Worker.run(ThreadPoolExecutor.java:642)
at java.base/java.lang.Thread.run(Thread.java:1583)
]]>
            </full-stacktrace>
          </exception> <!-- java.lang.NullPointerException -->
          <reporter-output>
          </reporter-output>
        </test-method> <!-- tearDown -->
      </class> <!-- mobile_tests.BankingApplicationPaymentTests -->
    </test> <!-- Test_E2E_03_iOS -->
    <test started-at="2023-11-13T16:41:35 EST" name="Test_E2E_01_Android" finished-at="2023-11-13T16:42:24 EST" duration-ms="49153">
      <class name="mobile_tests.BankingApplicationPaymentTests">
        <test-method is-config="true" signature="setUp(org.testng.ITestContext,java.lang.reflect.Method,java.lang.String)[pri:0, instance:mobile_tests.BankingApplicationPaymentTests@3c9d0b9d]" started-at="2023-11-13T16:41:35 EST" name="setUp" finished-at="2023-11-13T16:41:55 EST" duration-ms="20056" status="PASS">
          <params>
            <param index="0">
              <value>
                <![CDATA[org.testng.TestRunner@78b66d36]]>
              </value>
            </param>
            <param index="1">
              <value>
                <![CDATA[public void mobile_tests.BankingApplicationPaymentTests.verify_user_making_payment(java.lang.String) throws java.lang.InterruptedException]]>
              </value>
            </param>
            <param index="2">
              <value>
                <![CDATA[android]]>
              </value>
            </param>
          </params>
          <reporter-output>
          </reporter-output>
        </test-method> <!-- setUp -->
        <test-method signature="verify_user_making_payment(java.lang.String)[pri:0, instance:mobile_tests.BankingApplicationPaymentTests@3c9d0b9d]" started-at="2023-11-13T16:41:55 EST" name="verify_user_making_payment" finished-at="2023-11-13T16:42:23 EST" duration-ms="27603" status="PASS">
          <params>
            <param index="0">
              <value>
                <![CDATA[android]]>
              </value>
            </param>
          </params>
          <reporter-output>
          </reporter-output>
        </test-method> <!-- verify_user_making_payment -->
        <test-method is-config="true" signature="tearDown(org.testng.ITestResult,java.lang.String)[pri:0, instance:mobile_tests.BankingApplicationPaymentTests@3c9d0b9d]" started-at="2023-11-13T16:42:23 EST" name="tearDown" finished-at="2023-11-13T16:42:24 EST" duration-ms="1451" status="PASS">
          <params>
            <param index="0">
              <value>
                <![CDATA[[TestResult name=verify_user_making_payment status=SUCCESS method=BankingApplicationPaymentTests.verify_user_making_payment(java.lang.String)[pri:0, instance:mobile_tests.BankingApplicationPaymentTests@3c9d0b9d] output={null}]]]>
              </value>
            </param>
            <param index="1">
              <value>
                <![CDATA[android]]>
              </value>
            </param>
          </params>
          <reporter-output>
          </reporter-output>
        </test-method> <!-- tearDown -->
      </class> <!-- mobile_tests.BankingApplicationPaymentTests -->
    </test> <!-- Test_E2E_01_Android -->
    <test started-at="2023-11-13T16:41:35 EST" name="Test_E2E_04_iOS" finished-at="2023-11-13T16:42:34 EST" duration-ms="59441">
      <class name="mobile_tests.BankingApplicationPaymentTests">
        <test-method is-config="true" signature="setUp(org.testng.ITestContext,java.lang.reflect.Method,java.lang.String)[pri:0, instance:mobile_tests.BankingApplicationPaymentTests@7f010382]" started-at="2023-11-13T16:41:35 EST" name="setUp" finished-at="2023-11-13T16:42:11 EST" duration-ms="36283" status="PASS">
          <params>
            <param index="0">
              <value>
                <![CDATA[org.testng.TestRunner@5223e5ee]]>
              </value>
            </param>
            <param index="1">
              <value>
                <![CDATA[public void mobile_tests.BankingApplicationPaymentTests.verify_user_making_payment(java.lang.String) throws java.lang.InterruptedException]]>
              </value>
            </param>
            <param index="2">
              <value>
                <![CDATA[ios]]>
              </value>
            </param>
          </params>
          <reporter-output>
          </reporter-output>
        </test-method> <!-- setUp -->
        <test-method signature="verify_user_making_payment(java.lang.String)[pri:0, instance:mobile_tests.BankingApplicationPaymentTests@7f010382]" started-at="2023-11-13T16:42:11 EST" name="verify_user_making_payment" finished-at="2023-11-13T16:42:31 EST" duration-ms="19808" status="FAIL">
          <params>
            <param index="0">
              <value>
                <![CDATA[ios]]>
              </value>
            </param>
          </params>
          <exception class="java.lang.AssertionError">
            <message>
              <![CDATA[Amount has not been deducted. did not expect [35000] but found [35000]]]>
            </message>
            <full-stacktrace>
              <![CDATA[java.lang.AssertionError: Amount has not been deducted. did not expect [35000] but found [35000]
at org.testng.Assert.fail(Assert.java:99)
at org.testng.Assert.failEquals(Assert.java:1041)
at org.testng.Assert.assertNotEqualsImpl(Assert.java:147)
at org.testng.Assert.assertNotEquals(Assert.java:1531)
at mobile_tests.BankingApplicationPaymentTests.verify_user_making_payment(BankingApplicationPaymentTests.java:86)
at java.base/jdk.internal.reflect.DirectMethodHandleAccessor.invoke(DirectMethodHandleAccessor.java:103)
at java.base/java.lang.reflect.Method.invoke(Method.java:580)
at org.testng.internal.MethodInvocationHelper.invokeMethod(MethodInvocationHelper.java:133)
at org.testng.internal.TestInvoker.invokeMethod(TestInvoker.java:598)
at org.testng.internal.TestInvoker.invokeTestMethod(TestInvoker.java:173)
at org.testng.internal.MethodRunner.runInSequence(MethodRunner.java:46)
at org.testng.internal.TestInvoker$MethodInvocationAgent.invoke(TestInvoker.java:824)
at org.testng.internal.TestInvoker.invokeTestMethods(TestInvoker.java:146)
at org.testng.internal.TestMethodWorker.invokeTestMethods(TestMethodWorker.java:146)
at org.testng.internal.TestMethodWorker.run(TestMethodWorker.java:128)
at java.base/java.util.ArrayList.forEach(ArrayList.java:1596)
at org.testng.TestRunner.privateRun(TestRunner.java:794)
at org.testng.TestRunner.run(TestRunner.java:596)
at org.testng.SuiteRunner.runTest(SuiteRunner.java:377)
at org.testng.SuiteRunner.access$000(SuiteRunner.java:28)
at org.testng.SuiteRunner$SuiteWorker.run(SuiteRunner.java:418)
at org.testng.internal.thread.ThreadUtil.lambda$execute$0(ThreadUtil.java:64)
at java.base/java.util.concurrent.FutureTask.run(FutureTask.java:317)
at java.base/java.util.concurrent.ThreadPoolExecutor.runWorker(ThreadPoolExecutor.java:1144)
at java.base/java.util.concurrent.ThreadPoolExecutor$Worker.run(ThreadPoolExecutor.java:642)
at java.base/java.lang.Thread.run(Thread.java:1583)
]]>
            </full-stacktrace>
          </exception> <!-- java.lang.AssertionError -->
          <reporter-output>
          </reporter-output>
        </test-method> <!-- verify_user_making_payment -->
        <test-method is-config="true" signature="tearDown(org.testng.ITestResult,java.lang.String)[pri:0, instance:mobile_tests.BankingApplicationPaymentTests@7f010382]" started-at="2023-11-13T16:42:31 EST" name="tearDown" finished-at="2023-11-13T16:42:34 EST" duration-ms="3309" status="PASS">
          <params>
            <param index="0">
              <value>
                <![CDATA[[TestResult name=verify_user_making_payment status=FAILURE method=BankingApplicationPaymentTests.verify_user_making_payment(java.lang.String)[pri:0, instance:mobile_tests.BankingApplicationPaymentTests@7f010382] output={null}]]]>
              </value>
            </param>
            <param index="1">
              <value>
                <![CDATA[ios]]>
              </value>
            </param>
          </params>
          <reporter-output>
          </reporter-output>
        </test-method> <!-- tearDown -->
      </class> <!-- mobile_tests.BankingApplicationPaymentTests -->
    </test> <!-- Test_E2E_04_iOS -->
    <test started-at="2023-11-13T16:41:35 EST" name="Test_E2E_02_Android" finished-at="2023-11-13T16:42:40 EST" duration-ms="65046">
      <class name="mobile_tests.BankingApplicationPaymentTests">
        <test-method is-config="true" signature="setUp(org.testng.ITestContext,java.lang.reflect.Method,java.lang.String)[pri:0, instance:mobile_tests.BankingApplicationPaymentTests@4e91d63f]" started-at="2023-11-13T16:41:35 EST" name="setUp" finished-at="2023-11-13T16:42:03 EST" duration-ms="28314" status="PASS">
          <params>
            <param index="0">
              <value>
                <![CDATA[org.testng.TestRunner@bef2d72]]>
              </value>
            </param>
            <param index="1">
              <value>
                <![CDATA[public void mobile_tests.BankingApplicationPaymentTests.verify_user_making_payment(java.lang.String) throws java.lang.InterruptedException]]>
              </value>
            </param>
            <param index="2">
              <value>
                <![CDATA[android]]>
              </value>
            </param>
          </params>
          <reporter-output>
          </reporter-output>
        </test-method> <!-- setUp -->
        <test-method signature="verify_user_making_payment(java.lang.String)[pri:0, instance:mobile_tests.BankingApplicationPaymentTests@4e91d63f]" started-at="2023-11-13T16:42:03 EST" name="verify_user_making_payment" finished-at="2023-11-13T16:42:39 EST" duration-ms="35334" status="PASS">
          <params>
            <param index="0">
              <value>
                <![CDATA[android]]>
              </value>
            </param>
          </params>
          <reporter-output>
          </reporter-output>
        </test-method> <!-- verify_user_making_payment -->
        <test-method is-config="true" signature="tearDown(org.testng.ITestResult,java.lang.String)[pri:0, instance:mobile_tests.BankingApplicationPaymentTests@4e91d63f]" started-at="2023-11-13T16:42:39 EST" name="tearDown" finished-at="2023-11-13T16:42:40 EST" duration-ms="1354" status="PASS">
          <params>
            <param index="0">
              <value>
                <![CDATA[[TestResult name=verify_user_making_payment status=SUCCESS method=BankingApplicationPaymentTests.verify_user_making_payment(java.lang.String)[pri:0, instance:mobile_tests.BankingApplicationPaymentTests@4e91d63f] output={null}]]]>
              </value>
            </param>
            <param index="1">
              <value>
                <![CDATA[android]]>
              </value>
            </param>
          </params>
          <reporter-output>
          </reporter-output>
        </test-method> <!-- tearDown -->
      </class> <!-- mobile_tests.BankingApplicationPaymentTests -->
    </test> <!-- Test_E2E_02_Android -->
    <test started-at="2023-11-13T16:41:35 EST" name="Test_E2E_01_iOS" finished-at="2023-11-13T16:42:42 EST" duration-ms="67298">
      <class name="mobile_tests.BankingApplicationPaymentTests">
        <test-method is-config="true" signature="setUp(org.testng.ITestContext,java.lang.reflect.Method,java.lang.String)[pri:0, instance:mobile_tests.BankingApplicationPaymentTests@51e5fc98]" started-at="2023-11-13T16:41:35 EST" name="setUp" finished-at="2023-11-13T16:42:19 EST" duration-ms="43949" status="PASS">
          <params>
            <param index="0">
              <value>
                <![CDATA[org.testng.TestRunner@69b2283a]]>
              </value>
            </param>
            <param index="1">
              <value>
                <![CDATA[public void mobile_tests.BankingApplicationPaymentTests.verify_user_making_payment(java.lang.String) throws java.lang.InterruptedException]]>
              </value>
            </param>
            <param index="2">
              <value>
                <![CDATA[ios]]>
              </value>
            </param>
          </params>
          <reporter-output>
          </reporter-output>
        </test-method> <!-- setUp -->
        <test-method signature="verify_user_making_payment(java.lang.String)[pri:0, instance:mobile_tests.BankingApplicationPaymentTests@51e5fc98]" started-at="2023-11-13T16:42:19 EST" name="verify_user_making_payment" finished-at="2023-11-13T16:42:38 EST" duration-ms="19461" status="FAIL">
          <params>
            <param index="0">
              <value>
                <![CDATA[ios]]>
              </value>
            </param>
          </params>
          <exception class="java.lang.AssertionError">
            <message>
              <![CDATA[Amount has not been deducted. did not expect [35000] but found [35000]]]>
            </message>
            <full-stacktrace>
              <![CDATA[java.lang.AssertionError: Amount has not been deducted. did not expect [35000] but found [35000]
at org.testng.Assert.fail(Assert.java:99)
at org.testng.Assert.failEquals(Assert.java:1041)
at org.testng.Assert.assertNotEqualsImpl(Assert.java:147)
at org.testng.Assert.assertNotEquals(Assert.java:1531)
at mobile_tests.BankingApplicationPaymentTests.verify_user_making_payment(BankingApplicationPaymentTests.java:86)
at java.base/jdk.internal.reflect.DirectMethodHandleAccessor.invoke(DirectMethodHandleAccessor.java:103)
at java.base/java.lang.reflect.Method.invoke(Method.java:580)
at org.testng.internal.MethodInvocationHelper.invokeMethod(MethodInvocationHelper.java:133)
at org.testng.internal.TestInvoker.invokeMethod(TestInvoker.java:598)
at org.testng.internal.TestInvoker.invokeTestMethod(TestInvoker.java:173)
at org.testng.internal.MethodRunner.runInSequence(MethodRunner.java:46)
at org.testng.internal.TestInvoker$MethodInvocationAgent.invoke(TestInvoker.java:824)
at org.testng.internal.TestInvoker.invokeTestMethods(TestInvoker.java:146)
at org.testng.internal.TestMethodWorker.invokeTestMethods(TestMethodWorker.java:146)
at org.testng.internal.TestMethodWorker.run(TestMethodWorker.java:128)
at java.base/java.util.ArrayList.forEach(ArrayList.java:1596)
at org.testng.TestRunner.privateRun(TestRunner.java:794)
at org.testng.TestRunner.run(TestRunner.java:596)
at org.testng.SuiteRunner.runTest(SuiteRunner.java:377)
at org.testng.SuiteRunner.access$000(SuiteRunner.java:28)
at org.testng.SuiteRunner$SuiteWorker.run(SuiteRunner.java:418)
at org.testng.internal.thread.ThreadUtil.lambda$execute$0(ThreadUtil.java:64)
at java.base/java.util.concurrent.FutureTask.run(FutureTask.java:317)
at java.base/java.util.concurrent.ThreadPoolExecutor.runWorker(ThreadPoolExecutor.java:1144)
at java.base/java.util.concurrent.ThreadPoolExecutor$Worker.run(ThreadPoolExecutor.java:642)
at java.base/java.lang.Thread.run(Thread.java:1583)
]]>
            </full-stacktrace>
          </exception> <!-- java.lang.AssertionError -->
          <reporter-output>
          </reporter-output>
        </test-method> <!-- verify_user_making_payment -->
        <test-method is-config="true" signature="tearDown(org.testng.ITestResult,java.lang.String)[pri:0, instance:mobile_tests.BankingApplicationPaymentTests@51e5fc98]" started-at="2023-11-13T16:42:38 EST" name="tearDown" finished-at="2023-11-13T16:42:42 EST" duration-ms="3845" status="PASS">
          <params>
            <param index="0">
              <value>
                <![CDATA[[TestResult name=verify_user_making_payment status=FAILURE method=BankingApplicationPaymentTests.verify_user_making_payment(java.lang.String)[pri:0, instance:mobile_tests.BankingApplicationPaymentTests@51e5fc98] output={null}]]]>
              </value>
            </param>
            <param index="1">
              <value>
                <![CDATA[ios]]>
              </value>
            </param>
          </params>
          <reporter-output>
          </reporter-output>
        </test-method> <!-- tearDown -->
      </class> <!-- mobile_tests.BankingApplicationPaymentTests -->
    </test> <!-- Test_E2E_01_iOS -->
    <test started-at="2023-11-13T16:41:35 EST" name="Test_E2E_05_Android" finished-at="2023-11-13T16:42:45 EST" duration-ms="69970">
      <class name="mobile_tests.BankingApplicationPaymentTests">
        <test-method is-config="true" signature="setUp(org.testng.ITestContext,java.lang.reflect.Method,java.lang.String)[pri:0, instance:mobile_tests.BankingApplicationPaymentTests@159f197]" started-at="2023-11-13T16:41:35 EST" name="setUp" finished-at="2023-11-13T16:42:08 EST" duration-ms="32792" status="PASS">
          <params>
            <param index="0">
              <value>
                <![CDATA[org.testng.TestRunner@22a637e7]]>
              </value>
            </param>
            <param index="1">
              <value>
                <![CDATA[public void mobile_tests.BankingApplicationPaymentTests.verify_user_making_payment(java.lang.String) throws java.lang.InterruptedException]]>
              </value>
            </param>
            <param index="2">
              <value>
                <![CDATA[android]]>
              </value>
            </param>
          </params>
          <reporter-output>
          </reporter-output>
        </test-method> <!-- setUp -->
        <test-method signature="verify_user_making_payment(java.lang.String)[pri:0, instance:mobile_tests.BankingApplicationPaymentTests@159f197]" started-at="2023-11-13T16:42:08 EST" name="verify_user_making_payment" finished-at="2023-11-13T16:42:43 EST" duration-ms="35666" status="PASS">
          <params>
            <param index="0">
              <value>
                <![CDATA[android]]>
              </value>
            </param>
          </params>
          <reporter-output>
          </reporter-output>
        </test-method> <!-- verify_user_making_payment -->
        <test-method is-config="true" signature="tearDown(org.testng.ITestResult,java.lang.String)[pri:0, instance:mobile_tests.BankingApplicationPaymentTests@159f197]" started-at="2023-11-13T16:42:43 EST" name="tearDown" finished-at="2023-11-13T16:42:45 EST" duration-ms="1469" status="PASS">
          <params>
            <param index="0">
              <value>
                <![CDATA[[TestResult name=verify_user_making_payment status=SUCCESS method=BankingApplicationPaymentTests.verify_user_making_payment(java.lang.String)[pri:0, instance:mobile_tests.BankingApplicationPaymentTests@159f197] output={null}]]]>
              </value>
            </param>
            <param index="1">
              <value>
                <![CDATA[android]]>
              </value>
            </param>
          </params>
          <reporter-output>
          </reporter-output>
        </test-method> <!-- tearDown -->
      </class> <!-- mobile_tests.BankingApplicationPaymentTests -->
    </test> <!-- Test_E2E_05_Android -->
    <test started-at="2023-11-13T16:41:35 EST" name="Test_E2E_02_iOS" finished-at="2023-11-13T16:42:53 EST" duration-ms="77945">
      <class name="mobile_tests.BankingApplicationPaymentTests">
        <test-method is-config="true" signature="setUp(org.testng.ITestContext,java.lang.reflect.Method,java.lang.String)[pri:0, instance:mobile_tests.BankingApplicationPaymentTests@1677d1]" started-at="2023-11-13T16:41:35 EST" name="setUp" finished-at="2023-11-13T16:42:27 EST" duration-ms="51605" status="PASS">
          <params>
            <param index="0">
              <value>
                <![CDATA[org.testng.TestRunner@6fe7aac8]]>
              </value>
            </param>
            <param index="1">
              <value>
                <![CDATA[public void mobile_tests.BankingApplicationPaymentTests.verify_user_making_payment(java.lang.String) throws java.lang.InterruptedException]]>
              </value>
            </param>
            <param index="2">
              <value>
                <![CDATA[ios]]>
              </value>
            </param>
          </params>
          <reporter-output>
          </reporter-output>
        </test-method> <!-- setUp -->
        <test-method signature="verify_user_making_payment(java.lang.String)[pri:0, instance:mobile_tests.BankingApplicationPaymentTests@1677d1]" started-at="2023-11-13T16:42:27 EST" name="verify_user_making_payment" finished-at="2023-11-13T16:42:47 EST" duration-ms="19982" status="FAIL">
          <params>
            <param index="0">
              <value>
                <![CDATA[ios]]>
              </value>
            </param>
          </params>
          <exception class="java.lang.AssertionError">
            <message>
              <![CDATA[Amount has not been deducted. did not expect [35000] but found [35000]]]>
            </message>
            <full-stacktrace>
              <![CDATA[java.lang.AssertionError: Amount has not been deducted. did not expect [35000] but found [35000]
at org.testng.Assert.fail(Assert.java:99)
at org.testng.Assert.failEquals(Assert.java:1041)
at org.testng.Assert.assertNotEqualsImpl(Assert.java:147)
at org.testng.Assert.assertNotEquals(Assert.java:1531)
at mobile_tests.BankingApplicationPaymentTests.verify_user_making_payment(BankingApplicationPaymentTests.java:86)
at java.base/jdk.internal.reflect.DirectMethodHandleAccessor.invoke(DirectMethodHandleAccessor.java:103)
at java.base/java.lang.reflect.Method.invoke(Method.java:580)
at org.testng.internal.MethodInvocationHelper.invokeMethod(MethodInvocationHelper.java:133)
at org.testng.internal.TestInvoker.invokeMethod(TestInvoker.java:598)
at org.testng.internal.TestInvoker.invokeTestMethod(TestInvoker.java:173)
at org.testng.internal.MethodRunner.runInSequence(MethodRunner.java:46)
at org.testng.internal.TestInvoker$MethodInvocationAgent.invoke(TestInvoker.java:824)
at org.testng.internal.TestInvoker.invokeTestMethods(TestInvoker.java:146)
at org.testng.internal.TestMethodWorker.invokeTestMethods(TestMethodWorker.java:146)
at org.testng.internal.TestMethodWorker.run(TestMethodWorker.java:128)
at java.base/java.util.ArrayList.forEach(ArrayList.java:1596)
at org.testng.TestRunner.privateRun(TestRunner.java:794)
at org.testng.TestRunner.run(TestRunner.java:596)
at org.testng.SuiteRunner.runTest(SuiteRunner.java:377)
at org.testng.SuiteRunner.access$000(SuiteRunner.java:28)
at org.testng.SuiteRunner$SuiteWorker.run(SuiteRunner.java:418)
at org.testng.internal.thread.ThreadUtil.lambda$execute$0(ThreadUtil.java:64)
at java.base/java.util.concurrent.FutureTask.run(FutureTask.java:317)
at java.base/java.util.concurrent.ThreadPoolExecutor.runWorker(ThreadPoolExecutor.java:1144)
at java.base/java.util.concurrent.ThreadPoolExecutor$Worker.run(ThreadPoolExecutor.java:642)
at java.base/java.lang.Thread.run(Thread.java:1583)
]]>
            </full-stacktrace>
          </exception> <!-- java.lang.AssertionError -->
          <reporter-output>
          </reporter-output>
        </test-method> <!-- verify_user_making_payment -->
        <test-method is-config="true" signature="tearDown(org.testng.ITestResult,java.lang.String)[pri:0, instance:mobile_tests.BankingApplicationPaymentTests@1677d1]" started-at="2023-11-13T16:42:47 EST" name="tearDown" finished-at="2023-11-13T16:42:53 EST" duration-ms="6314" status="PASS">
          <params>
            <param index="0">
              <value>
                <![CDATA[[TestResult name=verify_user_making_payment status=FAILURE method=BankingApplicationPaymentTests.verify_user_making_payment(java.lang.String)[pri:0, instance:mobile_tests.BankingApplicationPaymentTests@1677d1] output={null}]]]>
              </value>
            </param>
            <param index="1">
              <value>
                <![CDATA[ios]]>
              </value>
            </param>
          </params>
          <reporter-output>
          </reporter-output>
        </test-method> <!-- tearDown -->
      </class> <!-- mobile_tests.BankingApplicationPaymentTests -->
    </test> <!-- Test_E2E_02_iOS -->
    <test started-at="2023-11-13T16:41:35 EST" name="Test_E2E_03_Android" finished-at="2023-11-13T16:42:59 EST" duration-ms="84210">
      <class name="mobile_tests.BankingApplicationPaymentTests">
        <test-method is-config="true" signature="setUp(org.testng.ITestContext,java.lang.reflect.Method,java.lang.String)[pri:0, instance:mobile_tests.BankingApplicationPaymentTests@56de5251]" started-at="2023-11-13T16:41:35 EST" name="setUp" finished-at="2023-11-13T16:42:59 EST" duration-ms="84162" status="FAIL">
          <params>
            <param index="0">
              <value>
                <![CDATA[org.testng.TestRunner@707431b5]]>
              </value>
            </param>
            <param index="1">
              <value>
                <![CDATA[public void mobile_tests.BankingApplicationPaymentTests.verify_user_making_payment(java.lang.String) throws java.lang.InterruptedException]]>
              </value>
            </param>
            <param index="2">
              <value>
                <![CDATA[android]]>
              </value>
            </param>
          </params>
          <exception class="org.openqa.selenium.SessionNotCreatedException">
            <message>
              <![CDATA[Could not start a new session. Response code 500. Message: An unknown server-side error occurred while processing the command. Original error: No Chromedriver found that can automate Chrome '117.0.5938'. See https://github.com/appium/appium/blob/master/docs/en/writing-running-appium/web/chromedriver.md for more details 
Host info: host: 'Rahee-Khan', ip: 'fd41:8c9d:9153:c210:c8b:2aea:603c:3aaf%en0'
Build info: version: '4.15.0', revision: '1d14b5521b'
System info: os.name: 'Mac OS X', os.arch: 'x86_64', os.version: '14.0', java.version: '21.0.1'
Driver info: io.appium.java_client.android.AndroidDriver
Command: [null, newSession {capabilities=[{appium:accessKey=eyJhbGciOiJIUzI1NiJ9.eyJ4cC51Ijo5ODU3OTgwLCJ4cC5wIjoxMDk4NzU5NCwieHAubSI6MTY4OTA4MTQ5ODEzOSwiZXhwIjoyMDEwNTkwNTk4LCJpc3MiOiJjb20uZXhwZXJpdGVzdCJ9.ar3l55jlt470f5fb8CPpkFeJ_UaNQMfpzLEjmfjmyd0, appium:appiumVersion=1.22.3, appium:automationName=UIAutomator2, browserName=Chrome, appium:deviceQuery=@os='android' and @category='PHONE' and contains(@region, 'US'), platformName=ANDROID, appium:testName=verify_user_making_payment}], desiredCapabilities=Capabilities {accessKey: eyJhbGciOiJIUzI1NiJ9.eyJ4cC..., appiumVersion: 1.22.3, automationName: UIAutomator2, browserName: Chrome, deviceQuery: @os='android' and @category..., platformName: ANDROID, testName: verify_user_making_payment}}]
Capabilities {accessKey: eyJhbGciOiJIUzI1NiJ9.eyJ4cC..., appiumVersion: 1.22.3, automationName: UIAutomator2, browserName: Chrome, deviceQuery: @os='android' and @category..., platformName: ANDROID, testName: verify_user_making_payment}]]>
            </message>
            <full-stacktrace>
              <![CDATA[org.openqa.selenium.SessionNotCreatedException: Could not start a new session. Response code 500. Message: An unknown server-side error occurred while processing the command. Original error: No Chromedriver found that can automate Chrome '117.0.5938'. See https://github.com/appium/appium/blob/master/docs/en/writing-running-appium/web/chromedriver.md for more details 
Host info: host: 'Rahee-Khan', ip: 'fd41:8c9d:9153:c210:c8b:2aea:603c:3aaf%en0'
Build info: version: '4.15.0', revision: '1d14b5521b'
System info: os.name: 'Mac OS X', os.arch: 'x86_64', os.version: '14.0', java.version: '21.0.1'
Driver info: io.appium.java_client.android.AndroidDriver
Command: [null, newSession {capabilities=[{appium:accessKey=eyJhbGciOiJIUzI1NiJ9.eyJ4cC51Ijo5ODU3OTgwLCJ4cC5wIjoxMDk4NzU5NCwieHAubSI6MTY4OTA4MTQ5ODEzOSwiZXhwIjoyMDEwNTkwNTk4LCJpc3MiOiJjb20uZXhwZXJpdGVzdCJ9.ar3l55jlt470f5fb8CPpkFeJ_UaNQMfpzLEjmfjmyd0, appium:appiumVersion=1.22.3, appium:automationName=UIAutomator2, browserName=Chrome, appium:deviceQuery=@os='android' and @category='PHONE' and contains(@region, 'US'), platformName=ANDROID, appium:testName=verify_user_making_payment}], desiredCapabilities=Capabilities {accessKey: eyJhbGciOiJIUzI1NiJ9.eyJ4cC..., appiumVersion: 1.22.3, automationName: UIAutomator2, browserName: Chrome, deviceQuery: @os='android' and @category..., platformName: ANDROID, testName: verify_user_making_payment}}]
Capabilities {accessKey: eyJhbGciOiJIUzI1NiJ9.eyJ4cC..., appiumVersion: 1.22.3, automationName: UIAutomator2, browserName: Chrome, deviceQuery: @os='android' and @category..., platformName: ANDROID, testName: verify_user_making_payment}
at org.openqa.selenium.remote.ProtocolHandshake.createSession(ProtocolHandshake.java:140)
at java.base/jdk.internal.reflect.DirectMethodHandleAccessor.invoke(DirectMethodHandleAccessor.java:103)
at java.base/java.lang.reflect.Method.invoke(Method.java:580)
at io.appium.java_client.remote.AppiumProtocolHandshake.createSession(AppiumProtocolHandshake.java:133)
at io.appium.java_client.remote.AppiumProtocolHandshake.createSession(AppiumProtocolHandshake.java:102)
at io.appium.java_client.remote.AppiumCommandExecutor.createSession(AppiumCommandExecutor.java:194)
at io.appium.java_client.remote.AppiumCommandExecutor.execute(AppiumCommandExecutor.java:262)
at org.openqa.selenium.remote.RemoteWebDriver.execute(RemoteWebDriver.java:531)
at io.appium.java_client.AppiumDriver.startSession(AppiumDriver.java:229)
at org.openqa.selenium.remote.RemoteWebDriver.<init>(RemoteWebDriver.java:154)
at io.appium.java_client.AppiumDriver.<init>(AppiumDriver.java:80)
at io.appium.java_client.AppiumDriver.<init>(AppiumDriver.java:92)
at io.appium.java_client.android.AndroidDriver.<init>(AndroidDriver.java:117)
at base.MobileDeviceDriver.setUp(MobileDeviceDriver.java:55)
at java.base/jdk.internal.reflect.DirectMethodHandleAccessor.invoke(DirectMethodHandleAccessor.java:103)
at java.base/java.lang.reflect.Method.invoke(Method.java:580)
at org.testng.internal.MethodInvocationHelper.invokeMethod(MethodInvocationHelper.java:133)
at org.testng.internal.MethodInvocationHelper.invokeMethodConsideringTimeout(MethodInvocationHelper.java:62)
at org.testng.internal.ConfigInvoker.invokeConfigurationMethod(ConfigInvoker.java:385)
at org.testng.internal.ConfigInvoker.invokeConfigurations(ConfigInvoker.java:321)
at org.testng.internal.TestInvoker.runConfigMethods(TestInvoker.java:700)
at org.testng.internal.TestInvoker.invokeMethod(TestInvoker.java:527)
at org.testng.internal.TestInvoker.invokeTestMethod(TestInvoker.java:173)
at org.testng.internal.MethodRunner.runInSequence(MethodRunner.java:46)
at org.testng.internal.TestInvoker$MethodInvocationAgent.invoke(TestInvoker.java:824)
at org.testng.internal.TestInvoker.invokeTestMethods(TestInvoker.java:146)
at org.testng.internal.TestMethodWorker.invokeTestMethods(TestMethodWorker.java:146)
at org.testng.internal.TestMethodWorker.run(TestMethodWorker.java:128)
at java.base/java.util.ArrayList.forEach(ArrayList.java:1596)
at org.testng.TestRunner.privateRun(TestRunner.java:794)
at org.testng.TestRunner.run(TestRunner.java:596)
at org.testng.SuiteRunner.runTest(SuiteRunner.java:377)
at org.testng.SuiteRunner.access$000(SuiteRunner.java:28)
at org.testng.SuiteRunner$SuiteWorker.run(SuiteRunner.java:418)
at org.testng.internal.thread.ThreadUtil.lambda$execute$0(ThreadUtil.java:64)
at java.base/java.util.concurrent.FutureTask.run(FutureTask.java:317)
at java.base/java.util.concurrent.ThreadPoolExecutor.runWorker(ThreadPoolExecutor.java:1144)
at java.base/java.util.concurrent.ThreadPoolExecutor$Worker.run(ThreadPoolExecutor.java:642)
at java.base/java.lang.Thread.run(Thread.java:1583)
]]>
            </full-stacktrace>
          </exception> <!-- org.openqa.selenium.SessionNotCreatedException -->
          <reporter-output>
          </reporter-output>
        </test-method> <!-- setUp -->
        <test-method signature="verify_user_making_payment(java.lang.String)[pri:0, instance:mobile_tests.BankingApplicationPaymentTests@56de5251]" started-at="2023-11-13T16:42:59 EST" name="verify_user_making_payment" finished-at="2023-11-13T16:42:59 EST" duration-ms="0" status="SKIP">
          <params>
            <param index="0">
              <value>
                <![CDATA[android]]>
              </value>
            </param>
          </params>
          <exception class="org.openqa.selenium.SessionNotCreatedException">
            <message>
              <![CDATA[Could not start a new session. Response code 500. Message: An unknown server-side error occurred while processing the command. Original error: No Chromedriver found that can automate Chrome '117.0.5938'. See https://github.com/appium/appium/blob/master/docs/en/writing-running-appium/web/chromedriver.md for more details 
Host info: host: 'Rahee-Khan', ip: 'fd41:8c9d:9153:c210:c8b:2aea:603c:3aaf%en0'
Build info: version: '4.15.0', revision: '1d14b5521b'
System info: os.name: 'Mac OS X', os.arch: 'x86_64', os.version: '14.0', java.version: '21.0.1'
Driver info: io.appium.java_client.android.AndroidDriver
Command: [null, newSession {capabilities=[{appium:accessKey=eyJhbGciOiJIUzI1NiJ9.eyJ4cC51Ijo5ODU3OTgwLCJ4cC5wIjoxMDk4NzU5NCwieHAubSI6MTY4OTA4MTQ5ODEzOSwiZXhwIjoyMDEwNTkwNTk4LCJpc3MiOiJjb20uZXhwZXJpdGVzdCJ9.ar3l55jlt470f5fb8CPpkFeJ_UaNQMfpzLEjmfjmyd0, appium:appiumVersion=1.22.3, appium:automationName=UIAutomator2, browserName=Chrome, appium:deviceQuery=@os='android' and @category='PHONE' and contains(@region, 'US'), platformName=ANDROID, appium:testName=verify_user_making_payment}], desiredCapabilities=Capabilities {accessKey: eyJhbGciOiJIUzI1NiJ9.eyJ4cC..., appiumVersion: 1.22.3, automationName: UIAutomator2, browserName: Chrome, deviceQuery: @os='android' and @category..., platformName: ANDROID, testName: verify_user_making_payment}}]
Capabilities {accessKey: eyJhbGciOiJIUzI1NiJ9.eyJ4cC..., appiumVersion: 1.22.3, automationName: UIAutomator2, browserName: Chrome, deviceQuery: @os='android' and @category..., platformName: ANDROID, testName: verify_user_making_payment}]]>
            </message>
            <full-stacktrace>
              <![CDATA[org.openqa.selenium.SessionNotCreatedException: Could not start a new session. Response code 500. Message: An unknown server-side error occurred while processing the command. Original error: No Chromedriver found that can automate Chrome '117.0.5938'. See https://github.com/appium/appium/blob/master/docs/en/writing-running-appium/web/chromedriver.md for more details 
Host info: host: 'Rahee-Khan', ip: 'fd41:8c9d:9153:c210:c8b:2aea:603c:3aaf%en0'
Build info: version: '4.15.0', revision: '1d14b5521b'
System info: os.name: 'Mac OS X', os.arch: 'x86_64', os.version: '14.0', java.version: '21.0.1'
Driver info: io.appium.java_client.android.AndroidDriver
Command: [null, newSession {capabilities=[{appium:accessKey=eyJhbGciOiJIUzI1NiJ9.eyJ4cC51Ijo5ODU3OTgwLCJ4cC5wIjoxMDk4NzU5NCwieHAubSI6MTY4OTA4MTQ5ODEzOSwiZXhwIjoyMDEwNTkwNTk4LCJpc3MiOiJjb20uZXhwZXJpdGVzdCJ9.ar3l55jlt470f5fb8CPpkFeJ_UaNQMfpzLEjmfjmyd0, appium:appiumVersion=1.22.3, appium:automationName=UIAutomator2, browserName=Chrome, appium:deviceQuery=@os='android' and @category='PHONE' and contains(@region, 'US'), platformName=ANDROID, appium:testName=verify_user_making_payment}], desiredCapabilities=Capabilities {accessKey: eyJhbGciOiJIUzI1NiJ9.eyJ4cC..., appiumVersion: 1.22.3, automationName: UIAutomator2, browserName: Chrome, deviceQuery: @os='android' and @category..., platformName: ANDROID, testName: verify_user_making_payment}}]
Capabilities {accessKey: eyJhbGciOiJIUzI1NiJ9.eyJ4cC..., appiumVersion: 1.22.3, automationName: UIAutomator2, browserName: Chrome, deviceQuery: @os='android' and @category..., platformName: ANDROID, testName: verify_user_making_payment}
at org.openqa.selenium.remote.ProtocolHandshake.createSession(ProtocolHandshake.java:140)
at java.base/jdk.internal.reflect.DirectMethodHandleAccessor.invoke(DirectMethodHandleAccessor.java:103)
at java.base/java.lang.reflect.Method.invoke(Method.java:580)
at io.appium.java_client.remote.AppiumProtocolHandshake.createSession(AppiumProtocolHandshake.java:133)
at io.appium.java_client.remote.AppiumProtocolHandshake.createSession(AppiumProtocolHandshake.java:102)
at io.appium.java_client.remote.AppiumCommandExecutor.createSession(AppiumCommandExecutor.java:194)
at io.appium.java_client.remote.AppiumCommandExecutor.execute(AppiumCommandExecutor.java:262)
at org.openqa.selenium.remote.RemoteWebDriver.execute(RemoteWebDriver.java:531)
at io.appium.java_client.AppiumDriver.startSession(AppiumDriver.java:229)
at org.openqa.selenium.remote.RemoteWebDriver.<init>(RemoteWebDriver.java:154)
at io.appium.java_client.AppiumDriver.<init>(AppiumDriver.java:80)
at io.appium.java_client.AppiumDriver.<init>(AppiumDriver.java:92)
at io.appium.java_client.android.AndroidDriver.<init>(AndroidDriver.java:117)
at base.MobileDeviceDriver.setUp(MobileDeviceDriver.java:55)
at java.base/jdk.internal.reflect.DirectMethodHandleAccessor.invoke(DirectMethodHandleAccessor.java:103)
at java.base/java.lang.reflect.Method.invoke(Method.java:580)
at org.testng.internal.MethodInvocationHelper.invokeMethod(MethodInvocationHelper.java:133)
at org.testng.internal.MethodInvocationHelper.invokeMethodConsideringTimeout(MethodInvocationHelper.java:62)
at org.testng.internal.ConfigInvoker.invokeConfigurationMethod(ConfigInvoker.java:385)
at org.testng.internal.ConfigInvoker.invokeConfigurations(ConfigInvoker.java:321)
at org.testng.internal.TestInvoker.runConfigMethods(TestInvoker.java:700)
at org.testng.internal.TestInvoker.invokeMethod(TestInvoker.java:527)
at org.testng.internal.TestInvoker.invokeTestMethod(TestInvoker.java:173)
at org.testng.internal.MethodRunner.runInSequence(MethodRunner.java:46)
at org.testng.internal.TestInvoker$MethodInvocationAgent.invoke(TestInvoker.java:824)
at org.testng.internal.TestInvoker.invokeTestMethods(TestInvoker.java:146)
at org.testng.internal.TestMethodWorker.invokeTestMethods(TestMethodWorker.java:146)
at org.testng.internal.TestMethodWorker.run(TestMethodWorker.java:128)
at java.base/java.util.ArrayList.forEach(ArrayList.java:1596)
at org.testng.TestRunner.privateRun(TestRunner.java:794)
at org.testng.TestRunner.run(TestRunner.java:596)
at org.testng.SuiteRunner.runTest(SuiteRunner.java:377)
at org.testng.SuiteRunner.access$000(SuiteRunner.java:28)
at org.testng.SuiteRunner$SuiteWorker.run(SuiteRunner.java:418)
at org.testng.internal.thread.ThreadUtil.lambda$execute$0(ThreadUtil.java:64)
at java.base/java.util.concurrent.FutureTask.run(FutureTask.java:317)
at java.base/java.util.concurrent.ThreadPoolExecutor.runWorker(ThreadPoolExecutor.java:1144)
at java.base/java.util.concurrent.ThreadPoolExecutor$Worker.run(ThreadPoolExecutor.java:642)
at java.base/java.lang.Thread.run(Thread.java:1583)
]]>
            </full-stacktrace>
          </exception> <!-- org.openqa.selenium.SessionNotCreatedException -->
          <reporter-output>
          </reporter-output>
        </test-method> <!-- verify_user_making_payment -->
        <test-method is-config="true" signature="tearDown(org.testng.ITestResult,java.lang.String)[pri:0, instance:mobile_tests.BankingApplicationPaymentTests@56de5251]" started-at="2023-11-13T16:42:59 EST" name="tearDown" finished-at="2023-11-13T16:42:59 EST" duration-ms="1" status="FAIL">
          <params>
            <param index="0">
              <value>
                <![CDATA[[TestResult name={null} status=CREATED method=BankingApplicationPaymentTests.verify_user_making_payment(java.lang.String)[pri:0, instance:mobile_tests.BankingApplicationPaymentTests@56de5251] output={null}]]]>
              </value>
            </param>
            <param index="1">
              <value>
                <![CDATA[android]]>
              </value>
            </param>
          </params>
          <exception class="java.lang.NullPointerException">
            <message>
              <![CDATA[Cannot invoke "org.openqa.selenium.remote.RemoteWebDriver.quit()" because the return value of "base.MobileDeviceDriver.getDriver()" is null]]>
            </message>
            <full-stacktrace>
              <![CDATA[java.lang.NullPointerException: Cannot invoke "org.openqa.selenium.remote.RemoteWebDriver.quit()" because the return value of "base.MobileDeviceDriver.getDriver()" is null
at base.MobileDeviceDriver.tearDown(MobileDeviceDriver.java:82)
at java.base/jdk.internal.reflect.DirectMethodHandleAccessor.invoke(DirectMethodHandleAccessor.java:103)
at java.base/java.lang.reflect.Method.invoke(Method.java:580)
at org.testng.internal.MethodInvocationHelper.invokeMethod(MethodInvocationHelper.java:133)
at org.testng.internal.MethodInvocationHelper.invokeMethodConsideringTimeout(MethodInvocationHelper.java:62)
at org.testng.internal.ConfigInvoker.invokeConfigurationMethod(ConfigInvoker.java:385)
at org.testng.internal.ConfigInvoker.invokeConfigurations(ConfigInvoker.java:321)
at org.testng.internal.TestInvoker.runConfigMethods(TestInvoker.java:700)
at org.testng.internal.TestInvoker.runAfterGroupsConfigurations(TestInvoker.java:676)
at org.testng.internal.TestInvoker.invokeMethod(TestInvoker.java:546)
at org.testng.internal.TestInvoker.invokeTestMethod(TestInvoker.java:173)
at org.testng.internal.MethodRunner.runInSequence(MethodRunner.java:46)
at org.testng.internal.TestInvoker$MethodInvocationAgent.invoke(TestInvoker.java:824)
at org.testng.internal.TestInvoker.invokeTestMethods(TestInvoker.java:146)
at org.testng.internal.TestMethodWorker.invokeTestMethods(TestMethodWorker.java:146)
at org.testng.internal.TestMethodWorker.run(TestMethodWorker.java:128)
at java.base/java.util.ArrayList.forEach(ArrayList.java:1596)
at org.testng.TestRunner.privateRun(TestRunner.java:794)
at org.testng.TestRunner.run(TestRunner.java:596)
at org.testng.SuiteRunner.runTest(SuiteRunner.java:377)
at org.testng.SuiteRunner.access$000(SuiteRunner.java:28)
at org.testng.SuiteRunner$SuiteWorker.run(SuiteRunner.java:418)
at org.testng.internal.thread.ThreadUtil.lambda$execute$0(ThreadUtil.java:64)
at java.base/java.util.concurrent.FutureTask.run(FutureTask.java:317)
at java.base/java.util.concurrent.ThreadPoolExecutor.runWorker(ThreadPoolExecutor.java:1144)
at java.base/java.util.concurrent.ThreadPoolExecutor$Worker.run(ThreadPoolExecutor.java:642)
at java.base/java.lang.Thread.run(Thread.java:1583)
]]>
            </full-stacktrace>
          </exception> <!-- java.lang.NullPointerException -->
          <reporter-output>
          </reporter-output>
        </test-method> <!-- tearDown -->
      </class> <!-- mobile_tests.BankingApplicationPaymentTests -->
    </test> <!-- Test_E2E_03_Android -->
    <test started-at="2023-11-13T16:41:35 EST" name="Test_E2E_05_iOS" finished-at="2023-11-13T16:45:37 EST" duration-ms="242266">
      <class name="mobile_tests.BankingApplicationPaymentTests">
        <test-method is-config="true" signature="setUp(org.testng.ITestContext,java.lang.reflect.Method,java.lang.String)[pri:0, instance:mobile_tests.BankingApplicationPaymentTests@670002]" started-at="2023-11-13T16:41:35 EST" name="setUp" finished-at="2023-11-13T16:45:37 EST" duration-ms="242220" status="FAIL">
          <params>
            <param index="0">
              <value>
                <![CDATA[org.testng.TestRunner@7f5f74f]]>
              </value>
            </param>
            <param index="1">
              <value>
                <![CDATA[public void mobile_tests.BankingApplicationPaymentTests.verify_user_making_payment(java.lang.String) throws java.lang.InterruptedException]]>
              </value>
            </param>
            <param index="2">
              <value>
                <![CDATA[ios]]>
              </value>
            </param>
          </params>
          <exception class="org.openqa.selenium.SessionNotCreatedException">
            <message>
              <![CDATA[Could not start a new session. Response code 500. Message: Failed to prepare the Appium OSS Infrastructure: runWDA > Cannot start run_wda after 120 retries : java.util.concurrent.ExecutionException - java.net.ConnectException: Failed to connect - received number 3, link:https://uscloud.experitest.com:443/reporter/#/test/992/project/Art Of Testing - OSS/ 
Host info: host: 'Rahee-Khan', ip: 'fd41:8c9d:9153:c210:c8b:2aea:603c:3aaf%en0'
Build info: version: '4.15.0', revision: '1d14b5521b'
System info: os.name: 'Mac OS X', os.arch: 'x86_64', os.version: '14.0', java.version: '21.0.1'
Driver info: io.appium.java_client.ios.IOSDriver
Command: [null, newSession {capabilities=[{appium:accessKey=eyJhbGciOiJIUzI1NiJ9.eyJ4cC51Ijo5ODU3OTgwLCJ4cC5wIjoxMDk4NzU5NCwieHAubSI6MTY4OTA4MTQ5ODEzOSwiZXhwIjoyMDEwNTkwNTk4LCJpc3MiOiJjb20uZXhwZXJpdGVzdCJ9.ar3l55jlt470f5fb8CPpkFeJ_UaNQMfpzLEjmfjmyd0, appium:appiumVersion=2.1.3, appium:automationName=XCUITest, browserName=Safari, appium:deviceQuery=@os='ios' and @category='PHONE' and contains(@region, 'US'), platformName=IOS, appium:testName=verify_user_making_payment}], desiredCapabilities=Capabilities {accessKey: eyJhbGciOiJIUzI1NiJ9.eyJ4cC..., appiumVersion: 2.1.3, automationName: XCUITest, browserName: Safari, deviceQuery: @os='ios' and @category='PH..., platformName: IOS, testName: verify_user_making_payment}}]
Capabilities {accessKey: eyJhbGciOiJIUzI1NiJ9.eyJ4cC..., appiumVersion: 2.1.3, automationName: XCUITest, browserName: Safari, deviceQuery: @os='ios' and @category='PH..., platformName: IOS, testName: verify_user_making_payment}]]>
            </message>
            <full-stacktrace>
              <![CDATA[org.openqa.selenium.SessionNotCreatedException: Could not start a new session. Response code 500. Message: Failed to prepare the Appium OSS Infrastructure: runWDA > Cannot start run_wda after 120 retries : java.util.concurrent.ExecutionException - java.net.ConnectException: Failed to connect - received number 3, link:https://uscloud.experitest.com:443/reporter/#/test/992/project/Art Of Testing - OSS/ 
Host info: host: 'Rahee-Khan', ip: 'fd41:8c9d:9153:c210:c8b:2aea:603c:3aaf%en0'
Build info: version: '4.15.0', revision: '1d14b5521b'
System info: os.name: 'Mac OS X', os.arch: 'x86_64', os.version: '14.0', java.version: '21.0.1'
Driver info: io.appium.java_client.ios.IOSDriver
Command: [null, newSession {capabilities=[{appium:accessKey=eyJhbGciOiJIUzI1NiJ9.eyJ4cC51Ijo5ODU3OTgwLCJ4cC5wIjoxMDk4NzU5NCwieHAubSI6MTY4OTA4MTQ5ODEzOSwiZXhwIjoyMDEwNTkwNTk4LCJpc3MiOiJjb20uZXhwZXJpdGVzdCJ9.ar3l55jlt470f5fb8CPpkFeJ_UaNQMfpzLEjmfjmyd0, appium:appiumVersion=2.1.3, appium:automationName=XCUITest, browserName=Safari, appium:deviceQuery=@os='ios' and @category='PHONE' and contains(@region, 'US'), platformName=IOS, appium:testName=verify_user_making_payment}], desiredCapabilities=Capabilities {accessKey: eyJhbGciOiJIUzI1NiJ9.eyJ4cC..., appiumVersion: 2.1.3, automationName: XCUITest, browserName: Safari, deviceQuery: @os='ios' and @category='PH..., platformName: IOS, testName: verify_user_making_payment}}]
Capabilities {accessKey: eyJhbGciOiJIUzI1NiJ9.eyJ4cC..., appiumVersion: 2.1.3, automationName: XCUITest, browserName: Safari, deviceQuery: @os='ios' and @category='PH..., platformName: IOS, testName: verify_user_making_payment}
at org.openqa.selenium.remote.ProtocolHandshake.createSession(ProtocolHandshake.java:140)
at java.base/jdk.internal.reflect.DirectMethodHandleAccessor.invoke(DirectMethodHandleAccessor.java:103)
at java.base/java.lang.reflect.Method.invoke(Method.java:580)
at io.appium.java_client.remote.AppiumProtocolHandshake.createSession(AppiumProtocolHandshake.java:133)
at io.appium.java_client.remote.AppiumProtocolHandshake.createSession(AppiumProtocolHandshake.java:102)
at io.appium.java_client.remote.AppiumCommandExecutor.createSession(AppiumCommandExecutor.java:194)
at io.appium.java_client.remote.AppiumCommandExecutor.execute(AppiumCommandExecutor.java:262)
at org.openqa.selenium.remote.RemoteWebDriver.execute(RemoteWebDriver.java:531)
at io.appium.java_client.AppiumDriver.startSession(AppiumDriver.java:229)
at org.openqa.selenium.remote.RemoteWebDriver.<init>(RemoteWebDriver.java:154)
at io.appium.java_client.AppiumDriver.<init>(AppiumDriver.java:80)
at io.appium.java_client.AppiumDriver.<init>(AppiumDriver.java:92)
at io.appium.java_client.ios.IOSDriver.<init>(IOSDriver.java:106)
at base.MobileDeviceDriver.setUp(MobileDeviceDriver.java:52)
at java.base/jdk.internal.reflect.DirectMethodHandleAccessor.invoke(DirectMethodHandleAccessor.java:103)
at java.base/java.lang.reflect.Method.invoke(Method.java:580)
at org.testng.internal.MethodInvocationHelper.invokeMethod(MethodInvocationHelper.java:133)
at org.testng.internal.MethodInvocationHelper.invokeMethodConsideringTimeout(MethodInvocationHelper.java:62)
at org.testng.internal.ConfigInvoker.invokeConfigurationMethod(ConfigInvoker.java:385)
at org.testng.internal.ConfigInvoker.invokeConfigurations(ConfigInvoker.java:321)
at org.testng.internal.TestInvoker.runConfigMethods(TestInvoker.java:700)
at org.testng.internal.TestInvoker.invokeMethod(TestInvoker.java:527)
at org.testng.internal.TestInvoker.invokeTestMethod(TestInvoker.java:173)
at org.testng.internal.MethodRunner.runInSequence(MethodRunner.java:46)
at org.testng.internal.TestInvoker$MethodInvocationAgent.invoke(TestInvoker.java:824)
at org.testng.internal.TestInvoker.invokeTestMethods(TestInvoker.java:146)
at org.testng.internal.TestMethodWorker.invokeTestMethods(TestMethodWorker.java:146)
at org.testng.internal.TestMethodWorker.run(TestMethodWorker.java:128)
at java.base/java.util.ArrayList.forEach(ArrayList.java:1596)
at org.testng.TestRunner.privateRun(TestRunner.java:794)
at org.testng.TestRunner.run(TestRunner.java:596)
at org.testng.SuiteRunner.runTest(SuiteRunner.java:377)
at org.testng.SuiteRunner.access$000(SuiteRunner.java:28)
at org.testng.SuiteRunner$SuiteWorker.run(SuiteRunner.java:418)
at org.testng.internal.thread.ThreadUtil.lambda$execute$0(ThreadUtil.java:64)
at java.base/java.util.concurrent.FutureTask.run(FutureTask.java:317)
at java.base/java.util.concurrent.ThreadPoolExecutor.runWorker(ThreadPoolExecutor.java:1144)
at java.base/java.util.concurrent.ThreadPoolExecutor$Worker.run(ThreadPoolExecutor.java:642)
at java.base/java.lang.Thread.run(Thread.java:1583)
]]>
            </full-stacktrace>
          </exception> <!-- org.openqa.selenium.SessionNotCreatedException -->
          <reporter-output>
          </reporter-output>
        </test-method> <!-- setUp -->
        <test-method is-config="true" signature="tearDown(org.testng.ITestResult,java.lang.String)[pri:0, instance:mobile_tests.BankingApplicationPaymentTests@670002]" started-at="2023-11-13T16:45:37 EST" name="tearDown" finished-at="2023-11-13T16:45:37 EST" duration-ms="1" status="FAIL">
          <params>
            <param index="0">
              <value>
                <![CDATA[[TestResult name={null} status=CREATED method=BankingApplicationPaymentTests.verify_user_making_payment(java.lang.String)[pri:0, instance:mobile_tests.BankingApplicationPaymentTests@670002] output={null}]]]>
              </value>
            </param>
            <param index="1">
              <value>
                <![CDATA[ios]]>
              </value>
            </param>
          </params>
          <exception class="java.lang.NullPointerException">
            <message>
              <![CDATA[Cannot invoke "org.openqa.selenium.remote.RemoteWebDriver.quit()" because the return value of "base.MobileDeviceDriver.getDriver()" is null]]>
            </message>
            <full-stacktrace>
              <![CDATA[java.lang.NullPointerException: Cannot invoke "org.openqa.selenium.remote.RemoteWebDriver.quit()" because the return value of "base.MobileDeviceDriver.getDriver()" is null
at base.MobileDeviceDriver.tearDown(MobileDeviceDriver.java:82)
at java.base/jdk.internal.reflect.DirectMethodHandleAccessor.invoke(DirectMethodHandleAccessor.java:103)
at java.base/java.lang.reflect.Method.invoke(Method.java:580)
at org.testng.internal.MethodInvocationHelper.invokeMethod(MethodInvocationHelper.java:133)
at org.testng.internal.MethodInvocationHelper.invokeMethodConsideringTimeout(MethodInvocationHelper.java:62)
at org.testng.internal.ConfigInvoker.invokeConfigurationMethod(ConfigInvoker.java:385)
at org.testng.internal.ConfigInvoker.invokeConfigurations(ConfigInvoker.java:321)
at org.testng.internal.TestInvoker.runConfigMethods(TestInvoker.java:700)
at org.testng.internal.TestInvoker.runAfterGroupsConfigurations(TestInvoker.java:676)
at org.testng.internal.TestInvoker.invokeMethod(TestInvoker.java:546)
at org.testng.internal.TestInvoker.invokeTestMethod(TestInvoker.java:173)
at org.testng.internal.MethodRunner.runInSequence(MethodRunner.java:46)
at org.testng.internal.TestInvoker$MethodInvocationAgent.invoke(TestInvoker.java:824)
at org.testng.internal.TestInvoker.invokeTestMethods(TestInvoker.java:146)
at org.testng.internal.TestMethodWorker.invokeTestMethods(TestMethodWorker.java:146)
at org.testng.internal.TestMethodWorker.run(TestMethodWorker.java:128)
at java.base/java.util.ArrayList.forEach(ArrayList.java:1596)
at org.testng.TestRunner.privateRun(TestRunner.java:794)
at org.testng.TestRunner.run(TestRunner.java:596)
at org.testng.SuiteRunner.runTest(SuiteRunner.java:377)
at org.testng.SuiteRunner.access$000(SuiteRunner.java:28)
at org.testng.SuiteRunner$SuiteWorker.run(SuiteRunner.java:418)
at org.testng.internal.thread.ThreadUtil.lambda$execute$0(ThreadUtil.java:64)
at java.base/java.util.concurrent.FutureTask.run(FutureTask.java:317)
at java.base/java.util.concurrent.ThreadPoolExecutor.runWorker(ThreadPoolExecutor.java:1144)
at java.base/java.util.concurrent.ThreadPoolExecutor$Worker.run(ThreadPoolExecutor.java:642)
at java.base/java.lang.Thread.run(Thread.java:1583)
]]>
            </full-stacktrace>
          </exception> <!-- java.lang.NullPointerException -->
          <reporter-output>
          </reporter-output>
        </test-method> <!-- tearDown -->
        <test-method signature="verify_user_making_payment(java.lang.String)[pri:0, instance:mobile_tests.BankingApplicationPaymentTests@670002]" started-at="2023-11-13T16:45:37 EST" name="verify_user_making_payment" finished-at="2023-11-13T16:45:37 EST" duration-ms="0" status="SKIP">
          <params>
            <param index="0">
              <value>
                <![CDATA[ios]]>
              </value>
            </param>
          </params>
          <exception class="org.openqa.selenium.SessionNotCreatedException">
            <message>
              <![CDATA[Could not start a new session. Response code 500. Message: Failed to prepare the Appium OSS Infrastructure: runWDA > Cannot start run_wda after 120 retries : java.util.concurrent.ExecutionException - java.net.ConnectException: Failed to connect - received number 3, link:https://uscloud.experitest.com:443/reporter/#/test/992/project/Art Of Testing - OSS/ 
Host info: host: 'Rahee-Khan', ip: 'fd41:8c9d:9153:c210:c8b:2aea:603c:3aaf%en0'
Build info: version: '4.15.0', revision: '1d14b5521b'
System info: os.name: 'Mac OS X', os.arch: 'x86_64', os.version: '14.0', java.version: '21.0.1'
Driver info: io.appium.java_client.ios.IOSDriver
Command: [null, newSession {capabilities=[{appium:accessKey=eyJhbGciOiJIUzI1NiJ9.eyJ4cC51Ijo5ODU3OTgwLCJ4cC5wIjoxMDk4NzU5NCwieHAubSI6MTY4OTA4MTQ5ODEzOSwiZXhwIjoyMDEwNTkwNTk4LCJpc3MiOiJjb20uZXhwZXJpdGVzdCJ9.ar3l55jlt470f5fb8CPpkFeJ_UaNQMfpzLEjmfjmyd0, appium:appiumVersion=2.1.3, appium:automationName=XCUITest, browserName=Safari, appium:deviceQuery=@os='ios' and @category='PHONE' and contains(@region, 'US'), platformName=IOS, appium:testName=verify_user_making_payment}], desiredCapabilities=Capabilities {accessKey: eyJhbGciOiJIUzI1NiJ9.eyJ4cC..., appiumVersion: 2.1.3, automationName: XCUITest, browserName: Safari, deviceQuery: @os='ios' and @category='PH..., platformName: IOS, testName: verify_user_making_payment}}]
Capabilities {accessKey: eyJhbGciOiJIUzI1NiJ9.eyJ4cC..., appiumVersion: 2.1.3, automationName: XCUITest, browserName: Safari, deviceQuery: @os='ios' and @category='PH..., platformName: IOS, testName: verify_user_making_payment}]]>
            </message>
            <full-stacktrace>
              <![CDATA[org.openqa.selenium.SessionNotCreatedException: Could not start a new session. Response code 500. Message: Failed to prepare the Appium OSS Infrastructure: runWDA > Cannot start run_wda after 120 retries : java.util.concurrent.ExecutionException - java.net.ConnectException: Failed to connect - received number 3, link:https://uscloud.experitest.com:443/reporter/#/test/992/project/Art Of Testing - OSS/ 
Host info: host: 'Rahee-Khan', ip: 'fd41:8c9d:9153:c210:c8b:2aea:603c:3aaf%en0'
Build info: version: '4.15.0', revision: '1d14b5521b'
System info: os.name: 'Mac OS X', os.arch: 'x86_64', os.version: '14.0', java.version: '21.0.1'
Driver info: io.appium.java_client.ios.IOSDriver
Command: [null, newSession {capabilities=[{appium:accessKey=eyJhbGciOiJIUzI1NiJ9.eyJ4cC51Ijo5ODU3OTgwLCJ4cC5wIjoxMDk4NzU5NCwieHAubSI6MTY4OTA4MTQ5ODEzOSwiZXhwIjoyMDEwNTkwNTk4LCJpc3MiOiJjb20uZXhwZXJpdGVzdCJ9.ar3l55jlt470f5fb8CPpkFeJ_UaNQMfpzLEjmfjmyd0, appium:appiumVersion=2.1.3, appium:automationName=XCUITest, browserName=Safari, appium:deviceQuery=@os='ios' and @category='PHONE' and contains(@region, 'US'), platformName=IOS, appium:testName=verify_user_making_payment}], desiredCapabilities=Capabilities {accessKey: eyJhbGciOiJIUzI1NiJ9.eyJ4cC..., appiumVersion: 2.1.3, automationName: XCUITest, browserName: Safari, deviceQuery: @os='ios' and @category='PH..., platformName: IOS, testName: verify_user_making_payment}}]
Capabilities {accessKey: eyJhbGciOiJIUzI1NiJ9.eyJ4cC..., appiumVersion: 2.1.3, automationName: XCUITest, browserName: Safari, deviceQuery: @os='ios' and @category='PH..., platformName: IOS, testName: verify_user_making_payment}
at org.openqa.selenium.remote.ProtocolHandshake.createSession(ProtocolHandshake.java:140)
at java.base/jdk.internal.reflect.DirectMethodHandleAccessor.invoke(DirectMethodHandleAccessor.java:103)
at java.base/java.lang.reflect.Method.invoke(Method.java:580)
at io.appium.java_client.remote.AppiumProtocolHandshake.createSession(AppiumProtocolHandshake.java:133)
at io.appium.java_client.remote.AppiumProtocolHandshake.createSession(AppiumProtocolHandshake.java:102)
at io.appium.java_client.remote.AppiumCommandExecutor.createSession(AppiumCommandExecutor.java:194)
at io.appium.java_client.remote.AppiumCommandExecutor.execute(AppiumCommandExecutor.java:262)
at org.openqa.selenium.remote.RemoteWebDriver.execute(RemoteWebDriver.java:531)
at io.appium.java_client.AppiumDriver.startSession(AppiumDriver.java:229)
at org.openqa.selenium.remote.RemoteWebDriver.<init>(RemoteWebDriver.java:154)
at io.appium.java_client.AppiumDriver.<init>(AppiumDriver.java:80)
at io.appium.java_client.AppiumDriver.<init>(AppiumDriver.java:92)
at io.appium.java_client.ios.IOSDriver.<init>(IOSDriver.java:106)
at base.MobileDeviceDriver.setUp(MobileDeviceDriver.java:52)
at java.base/jdk.internal.reflect.DirectMethodHandleAccessor.invoke(DirectMethodHandleAccessor.java:103)
at java.base/java.lang.reflect.Method.invoke(Method.java:580)
at org.testng.internal.MethodInvocationHelper.invokeMethod(MethodInvocationHelper.java:133)
at org.testng.internal.MethodInvocationHelper.invokeMethodConsideringTimeout(MethodInvocationHelper.java:62)
at org.testng.internal.ConfigInvoker.invokeConfigurationMethod(ConfigInvoker.java:385)
at org.testng.internal.ConfigInvoker.invokeConfigurations(ConfigInvoker.java:321)
at org.testng.internal.TestInvoker.runConfigMethods(TestInvoker.java:700)
at org.testng.internal.TestInvoker.invokeMethod(TestInvoker.java:527)
at org.testng.internal.TestInvoker.invokeTestMethod(TestInvoker.java:173)
at org.testng.internal.MethodRunner.runInSequence(MethodRunner.java:46)
at org.testng.internal.TestInvoker$MethodInvocationAgent.invoke(TestInvoker.java:824)
at org.testng.internal.TestInvoker.invokeTestMethods(TestInvoker.java:146)
at org.testng.internal.TestMethodWorker.invokeTestMethods(TestMethodWorker.java:146)
at org.testng.internal.TestMethodWorker.run(TestMethodWorker.java:128)
at java.base/java.util.ArrayList.forEach(ArrayList.java:1596)
at org.testng.TestRunner.privateRun(TestRunner.java:794)
at org.testng.TestRunner.run(TestRunner.java:596)
at org.testng.SuiteRunner.runTest(SuiteRunner.java:377)
at org.testng.SuiteRunner.access$000(SuiteRunner.java:28)
at org.testng.SuiteRunner$SuiteWorker.run(SuiteRunner.java:418)
at org.testng.internal.thread.ThreadUtil.lambda$execute$0(ThreadUtil.java:64)
at java.base/java.util.concurrent.FutureTask.run(FutureTask.java:317)
at java.base/java.util.concurrent.ThreadPoolExecutor.runWorker(ThreadPoolExecutor.java:1144)
at java.base/java.util.concurrent.ThreadPoolExecutor$Worker.run(ThreadPoolExecutor.java:642)
at java.base/java.lang.Thread.run(Thread.java:1583)
]]>
            </full-stacktrace>
          </exception> <!-- org.openqa.selenium.SessionNotCreatedException -->
          <reporter-output>
          </reporter-output>
        </test-method> <!-- verify_user_making_payment -->
      </class> <!-- mobile_tests.BankingApplicationPaymentTests -->
    </test> <!-- Test_E2E_05_iOS -->
  </suite> <!-- Test Automation (0) -->
  <suite started-at="2023-11-13T16:41:35 EST" name="Test Automation" finished-at="2023-11-13T16:42:57 EST" duration-ms="82464">
    <groups>
    </groups>
    <test started-at="2023-11-13T16:41:35 EST" name="Test_E2E_03_Edge" finished-at="2023-11-13T16:41:59 EST" duration-ms="24034">
      <class name="web_tests.BankingApplicationPaymentTests">
        <test-method is-config="true" signature="setUp(org.testng.ITestContext,java.lang.reflect.Method,java.lang.String)[pri:0, instance:web_tests.BankingApplicationPaymentTests@7219ec67]" started-at="2023-11-13T16:41:35 EST" name="setUp" finished-at="2023-11-13T16:41:42 EST" duration-ms="7219" status="PASS">
          <params>
            <param index="0">
              <value>
                <![CDATA[org.testng.TestRunner@1d119efb]]>
              </value>
            </param>
            <param index="1">
              <value>
                <![CDATA[public void web_tests.BankingApplicationPaymentTests.verify_user_making_payment()]]>
              </value>
            </param>
            <param index="2">
              <value>
                <![CDATA[MicrosoftEdge]]>
              </value>
            </param>
          </params>
          <reporter-output>
          </reporter-output>
        </test-method> <!-- setUp -->
        <test-method signature="verify_user_making_payment()[pri:0, instance:web_tests.BankingApplicationPaymentTests@7219ec67]" started-at="2023-11-13T16:41:42 EST" name="verify_user_making_payment" finished-at="2023-11-13T16:41:53 EST" duration-ms="11264" status="PASS">
          <reporter-output>
          </reporter-output>
        </test-method> <!-- verify_user_making_payment -->
        <test-method is-config="true" signature="tearDown(org.testng.ITestResult,java.lang.String)[pri:0, instance:web_tests.BankingApplicationPaymentTests@7219ec67]" started-at="2023-11-13T16:41:53 EST" name="tearDown" finished-at="2023-11-13T16:41:59 EST" duration-ms="5510" status="PASS">
          <params>
            <param index="0">
              <value>
                <![CDATA[[TestResult name=verify_user_making_payment status=SUCCESS method=BankingApplicationPaymentTests.verify_user_making_payment()[pri:0, instance:web_tests.BankingApplicationPaymentTests@7219ec67] output={null}]]]>
              </value>
            </param>
            <param index="1">
              <value>
                <![CDATA[MicrosoftEdge]]>
              </value>
            </param>
          </params>
          <reporter-output>
          </reporter-output>
        </test-method> <!-- tearDown -->
      </class> <!-- web_tests.BankingApplicationPaymentTests -->
    </test> <!-- Test_E2E_03_Edge -->
    <test started-at="2023-11-13T16:41:35 EST" name="Test_E2E_04_Safari" finished-at="2023-11-13T16:42:10 EST" duration-ms="35347">
      <class name="web_tests.BankingApplicationPaymentTests">
        <test-method is-config="true" signature="setUp(org.testng.ITestContext,java.lang.reflect.Method,java.lang.String)[pri:0, instance:web_tests.BankingApplicationPaymentTests@309e345f]" started-at="2023-11-13T16:41:35 EST" name="setUp" finished-at="2023-11-13T16:41:42 EST" duration-ms="7472" status="PASS">
          <params>
            <param index="0">
              <value>
                <![CDATA[org.testng.TestRunner@659a969b]]>
              </value>
            </param>
            <param index="1">
              <value>
                <![CDATA[public void web_tests.BankingApplicationPaymentTests.verify_user_making_payment()]]>
              </value>
            </param>
            <param index="2">
              <value>
                <![CDATA[safari]]>
              </value>
            </param>
          </params>
          <reporter-output>
          </reporter-output>
        </test-method> <!-- setUp -->
        <test-method signature="verify_user_making_payment()[pri:0, instance:web_tests.BankingApplicationPaymentTests@309e345f]" started-at="2023-11-13T16:41:42 EST" name="verify_user_making_payment" finished-at="2023-11-13T16:42:09 EST" duration-ms="26434" status="PASS">
          <reporter-output>
          </reporter-output>
        </test-method> <!-- verify_user_making_payment -->
        <test-method is-config="true" signature="tearDown(org.testng.ITestResult,java.lang.String)[pri:0, instance:web_tests.BankingApplicationPaymentTests@309e345f]" started-at="2023-11-13T16:42:09 EST" name="tearDown" finished-at="2023-11-13T16:42:10 EST" duration-ms="1402" status="PASS">
          <params>
            <param index="0">
              <value>
                <![CDATA[[TestResult name=verify_user_making_payment status=SUCCESS method=BankingApplicationPaymentTests.verify_user_making_payment()[pri:0, instance:web_tests.BankingApplicationPaymentTests@309e345f] output={null}]]]>
              </value>
            </param>
            <param index="1">
              <value>
                <![CDATA[safari]]>
              </value>
            </param>
          </params>
          <reporter-output>
          </reporter-output>
        </test-method> <!-- tearDown -->
      </class> <!-- web_tests.BankingApplicationPaymentTests -->
    </test> <!-- Test_E2E_04_Safari -->
    <test started-at="2023-11-13T16:41:35 EST" name="Test_E2E_03_Safari" finished-at="2023-11-13T16:42:12 EST" duration-ms="36833">
      <class name="web_tests.BankingApplicationPaymentTests">
        <test-method is-config="true" signature="setUp(org.testng.ITestContext,java.lang.reflect.Method,java.lang.String)[pri:0, instance:web_tests.BankingApplicationPaymentTests@229d10bd]" started-at="2023-11-13T16:41:35 EST" name="setUp" finished-at="2023-11-13T16:41:43 EST" duration-ms="7630" status="PASS">
          <params>
            <param index="0">
              <value>
                <![CDATA[org.testng.TestRunner@76908cc0]]>
              </value>
            </param>
            <param index="1">
              <value>
                <![CDATA[public void web_tests.BankingApplicationPaymentTests.verify_user_making_payment()]]>
              </value>
            </param>
            <param index="2">
              <value>
                <![CDATA[safari]]>
              </value>
            </param>
          </params>
          <reporter-output>
          </reporter-output>
        </test-method> <!-- setUp -->
        <test-method signature="verify_user_making_payment()[pri:0, instance:web_tests.BankingApplicationPaymentTests@229d10bd]" started-at="2023-11-13T16:41:43 EST" name="verify_user_making_payment" finished-at="2023-11-13T16:42:10 EST" duration-ms="27497" status="PASS">
          <reporter-output>
          </reporter-output>
        </test-method> <!-- verify_user_making_payment -->
        <test-method is-config="true" signature="tearDown(org.testng.ITestResult,java.lang.String)[pri:0, instance:web_tests.BankingApplicationPaymentTests@229d10bd]" started-at="2023-11-13T16:42:10 EST" name="tearDown" finished-at="2023-11-13T16:42:12 EST" duration-ms="1671" status="PASS">
          <params>
            <param index="0">
              <value>
                <![CDATA[[TestResult name=verify_user_making_payment status=SUCCESS method=BankingApplicationPaymentTests.verify_user_making_payment()[pri:0, instance:web_tests.BankingApplicationPaymentTests@229d10bd] output={null}]]]>
              </value>
            </param>
            <param index="1">
              <value>
                <![CDATA[safari]]>
              </value>
            </param>
          </params>
          <reporter-output>
          </reporter-output>
        </test-method> <!-- tearDown -->
      </class> <!-- web_tests.BankingApplicationPaymentTests -->
    </test> <!-- Test_E2E_03_Safari -->
    <test started-at="2023-11-13T16:41:35 EST" name="Test_E2E_01_Edge" finished-at="2023-11-13T16:42:17 EST" duration-ms="41815">
      <class name="web_tests.BankingApplicationPaymentTests">
        <test-method is-config="true" signature="setUp(org.testng.ITestContext,java.lang.reflect.Method,java.lang.String)[pri:0, instance:web_tests.BankingApplicationPaymentTests@3d121db3]" started-at="2023-11-13T16:41:35 EST" name="setUp" finished-at="2023-11-13T16:41:41 EST" duration-ms="5670" status="PASS">
          <params>
            <param index="0">
              <value>
                <![CDATA[org.testng.TestRunner@2473d930]]>
              </value>
            </param>
            <param index="1">
              <value>
                <![CDATA[public void web_tests.BankingApplicationPaymentTests.verify_user_making_payment()]]>
              </value>
            </param>
            <param index="2">
              <value>
                <![CDATA[MicrosoftEdge]]>
              </value>
            </param>
          </params>
          <reporter-output>
          </reporter-output>
        </test-method> <!-- setUp -->
        <test-method signature="verify_user_making_payment()[pri:0, instance:web_tests.BankingApplicationPaymentTests@3d121db3]" started-at="2023-11-13T16:41:41 EST" name="verify_user_making_payment" finished-at="2023-11-13T16:42:08 EST" duration-ms="27700" status="PASS">
          <reporter-output>
          </reporter-output>
        </test-method> <!-- verify_user_making_payment -->
        <test-method is-config="true" signature="tearDown(org.testng.ITestResult,java.lang.String)[pri:0, instance:web_tests.BankingApplicationPaymentTests@3d121db3]" started-at="2023-11-13T16:42:08 EST" name="tearDown" finished-at="2023-11-13T16:42:17 EST" duration-ms="8402" status="PASS">
          <params>
            <param index="0">
              <value>
                <![CDATA[[TestResult name=verify_user_making_payment status=SUCCESS method=BankingApplicationPaymentTests.verify_user_making_payment()[pri:0, instance:web_tests.BankingApplicationPaymentTests@3d121db3] output={null}]]]>
              </value>
            </param>
            <param index="1">
              <value>
                <![CDATA[MicrosoftEdge]]>
              </value>
            </param>
          </params>
          <reporter-output>
          </reporter-output>
        </test-method> <!-- tearDown -->
      </class> <!-- web_tests.BankingApplicationPaymentTests -->
    </test> <!-- Test_E2E_01_Edge -->
    <test started-at="2023-11-13T16:41:35 EST" name="Test_E2E_05_Chrome" finished-at="2023-11-13T16:42:18 EST" duration-ms="42648">
      <class name="web_tests.BankingApplicationPaymentTests">
        <test-method is-config="true" signature="setUp(org.testng.ITestContext,java.lang.reflect.Method,java.lang.String)[pri:0, instance:web_tests.BankingApplicationPaymentTests@6b19b79]" started-at="2023-11-13T16:41:35 EST" name="setUp" finished-at="2023-11-13T16:41:43 EST" duration-ms="8494" status="PASS">
          <params>
            <param index="0">
              <value>
                <![CDATA[org.testng.TestRunner@35047d03]]>
              </value>
            </param>
            <param index="1">
              <value>
                <![CDATA[public void web_tests.BankingApplicationPaymentTests.verify_user_making_payment()]]>
              </value>
            </param>
            <param index="2">
              <value>
                <![CDATA[chrome]]>
              </value>
            </param>
          </params>
          <reporter-output>
          </reporter-output>
        </test-method> <!-- setUp -->
        <test-method signature="verify_user_making_payment()[pri:0, instance:web_tests.BankingApplicationPaymentTests@6b19b79]" started-at="2023-11-13T16:41:43 EST" name="verify_user_making_payment" finished-at="2023-11-13T16:42:10 EST" duration-ms="26462" status="PASS">
          <reporter-output>
          </reporter-output>
        </test-method> <!-- verify_user_making_payment -->
        <test-method is-config="true" signature="tearDown(org.testng.ITestResult,java.lang.String)[pri:0, instance:web_tests.BankingApplicationPaymentTests@6b19b79]" started-at="2023-11-13T16:42:10 EST" name="tearDown" finished-at="2023-11-13T16:42:18 EST" duration-ms="7649" status="PASS">
          <params>
            <param index="0">
              <value>
                <![CDATA[[TestResult name=verify_user_making_payment status=SUCCESS method=BankingApplicationPaymentTests.verify_user_making_payment()[pri:0, instance:web_tests.BankingApplicationPaymentTests@6b19b79] output={null}]]]>
              </value>
            </param>
            <param index="1">
              <value>
                <![CDATA[chrome]]>
              </value>
            </param>
          </params>
          <reporter-output>
          </reporter-output>
        </test-method> <!-- tearDown -->
      </class> <!-- web_tests.BankingApplicationPaymentTests -->
    </test> <!-- Test_E2E_05_Chrome -->
    <test started-at="2023-11-13T16:41:35 EST" name="Test_E2E_02_Chrome" finished-at="2023-11-13T16:42:18 EST" duration-ms="42680">
      <class name="web_tests.BankingApplicationPaymentTests">
        <test-method is-config="true" signature="setUp(org.testng.ITestContext,java.lang.reflect.Method,java.lang.String)[pri:0, instance:web_tests.BankingApplicationPaymentTests@7995092a]" started-at="2023-11-13T16:41:35 EST" name="setUp" finished-at="2023-11-13T16:41:42 EST" duration-ms="7242" status="PASS">
          <params>
            <param index="0">
              <value>
                <![CDATA[org.testng.TestRunner@6f96c77]]>
              </value>
            </param>
            <param index="1">
              <value>
                <![CDATA[public void web_tests.BankingApplicationPaymentTests.verify_user_making_payment()]]>
              </value>
            </param>
            <param index="2">
              <value>
                <![CDATA[chrome]]>
              </value>
            </param>
          </params>
          <reporter-output>
          </reporter-output>
        </test-method> <!-- setUp -->
        <test-method signature="verify_user_making_payment()[pri:0, instance:web_tests.BankingApplicationPaymentTests@7995092a]" started-at="2023-11-13T16:41:42 EST" name="verify_user_making_payment" finished-at="2023-11-13T16:42:11 EST" duration-ms="29079" status="PASS">
          <reporter-output>
          </reporter-output>
        </test-method> <!-- verify_user_making_payment -->
        <test-method is-config="true" signature="tearDown(org.testng.ITestResult,java.lang.String)[pri:0, instance:web_tests.BankingApplicationPaymentTests@7995092a]" started-at="2023-11-13T16:42:11 EST" name="tearDown" finished-at="2023-11-13T16:42:18 EST" duration-ms="6316" status="PASS">
          <params>
            <param index="0">
              <value>
                <![CDATA[[TestResult name=verify_user_making_payment status=SUCCESS method=BankingApplicationPaymentTests.verify_user_making_payment()[pri:0, instance:web_tests.BankingApplicationPaymentTests@7995092a] output={null}]]]>
              </value>
            </param>
            <param index="1">
              <value>
                <![CDATA[chrome]]>
              </value>
            </param>
          </params>
          <reporter-output>
          </reporter-output>
        </test-method> <!-- tearDown -->
      </class> <!-- web_tests.BankingApplicationPaymentTests -->
    </test> <!-- Test_E2E_02_Chrome -->
    <test started-at="2023-11-13T16:41:35 EST" name="Test_E2E_03_Firefox" finished-at="2023-11-13T16:42:20 EST" duration-ms="44879">
      <class name="web_tests.BankingApplicationPaymentTests">
        <test-method is-config="true" signature="setUp(org.testng.ITestContext,java.lang.reflect.Method,java.lang.String)[pri:0, instance:web_tests.BankingApplicationPaymentTests@5db250b4]" started-at="2023-11-13T16:41:35 EST" name="setUp" finished-at="2023-11-13T16:41:45 EST" duration-ms="10189" status="PASS">
          <params>
            <param index="0">
              <value>
                <![CDATA[org.testng.TestRunner@be64738]]>
              </value>
            </param>
            <param index="1">
              <value>
                <![CDATA[public void web_tests.BankingApplicationPaymentTests.verify_user_making_payment()]]>
              </value>
            </param>
            <param index="2">
              <value>
                <![CDATA[firefox]]>
              </value>
            </param>
          </params>
          <reporter-output>
          </reporter-output>
        </test-method> <!-- setUp -->
        <test-method signature="verify_user_making_payment()[pri:0, instance:web_tests.BankingApplicationPaymentTests@5db250b4]" started-at="2023-11-13T16:41:45 EST" name="verify_user_making_payment" finished-at="2023-11-13T16:42:13 EST" duration-ms="27569" status="PASS">
          <reporter-output>
          </reporter-output>
        </test-method> <!-- verify_user_making_payment -->
        <test-method is-config="true" signature="tearDown(org.testng.ITestResult,java.lang.String)[pri:0, instance:web_tests.BankingApplicationPaymentTests@5db250b4]" started-at="2023-11-13T16:42:13 EST" name="tearDown" finished-at="2023-11-13T16:42:20 EST" duration-ms="7079" status="PASS">
          <params>
            <param index="0">
              <value>
                <![CDATA[[TestResult name=verify_user_making_payment status=SUCCESS method=BankingApplicationPaymentTests.verify_user_making_payment()[pri:0, instance:web_tests.BankingApplicationPaymentTests@5db250b4] output={null}]]]>
              </value>
            </param>
            <param index="1">
              <value>
                <![CDATA[firefox]]>
              </value>
            </param>
          </params>
          <reporter-output>
          </reporter-output>
        </test-method> <!-- tearDown -->
      </class> <!-- web_tests.BankingApplicationPaymentTests -->
    </test> <!-- Test_E2E_03_Firefox -->
    <test started-at="2023-11-13T16:41:35 EST" name="Test_E2E_01_Firefox" finished-at="2023-11-13T16:42:20 EST" duration-ms="44966">
      <class name="web_tests.BankingApplicationPaymentTests">
        <test-method is-config="true" signature="setUp(org.testng.ITestContext,java.lang.reflect.Method,java.lang.String)[pri:0, instance:web_tests.BankingApplicationPaymentTests@7f1302d6]" started-at="2023-11-13T16:41:35 EST" name="setUp" finished-at="2023-11-13T16:41:43 EST" duration-ms="8559" status="PASS">
          <params>
            <param index="0">
              <value>
                <![CDATA[org.testng.TestRunner@3ba9ad43]]>
              </value>
            </param>
            <param index="1">
              <value>
                <![CDATA[public void web_tests.BankingApplicationPaymentTests.verify_user_making_payment()]]>
              </value>
            </param>
            <param index="2">
              <value>
                <![CDATA[firefox]]>
              </value>
            </param>
          </params>
          <reporter-output>
          </reporter-output>
        </test-method> <!-- setUp -->
        <test-method signature="verify_user_making_payment()[pri:0, instance:web_tests.BankingApplicationPaymentTests@7f1302d6]" started-at="2023-11-13T16:41:43 EST" name="verify_user_making_payment" finished-at="2023-11-13T16:42:12 EST" duration-ms="28555" status="PASS">
          <reporter-output>
          </reporter-output>
        </test-method> <!-- verify_user_making_payment -->
        <test-method is-config="true" signature="tearDown(org.testng.ITestResult,java.lang.String)[pri:0, instance:web_tests.BankingApplicationPaymentTests@7f1302d6]" started-at="2023-11-13T16:42:12 EST" name="tearDown" finished-at="2023-11-13T16:42:20 EST" duration-ms="7806" status="PASS">
          <params>
            <param index="0">
              <value>
                <![CDATA[[TestResult name=verify_user_making_payment status=SUCCESS method=BankingApplicationPaymentTests.verify_user_making_payment()[pri:0, instance:web_tests.BankingApplicationPaymentTests@7f1302d6] output={null}]]]>
              </value>
            </param>
            <param index="1">
              <value>
                <![CDATA[firefox]]>
              </value>
            </param>
          </params>
          <reporter-output>
          </reporter-output>
        </test-method> <!-- tearDown -->
      </class> <!-- web_tests.BankingApplicationPaymentTests -->
    </test> <!-- Test_E2E_01_Firefox -->
    <test started-at="2023-11-13T16:41:35 EST" name="Test_E2E_04_Chrome" finished-at="2023-11-13T16:42:20 EST" duration-ms="45604">
      <class name="web_tests.BankingApplicationPaymentTests">
        <test-method is-config="true" signature="setUp(org.testng.ITestContext,java.lang.reflect.Method,java.lang.String)[pri:0, instance:web_tests.BankingApplicationPaymentTests@1e730495]" started-at="2023-11-13T16:41:35 EST" name="setUp" finished-at="2023-11-13T16:41:42 EST" duration-ms="6808" status="PASS">
          <params>
            <param index="0">
              <value>
                <![CDATA[org.testng.TestRunner@49d904ec]]>
              </value>
            </param>
            <param index="1">
              <value>
                <![CDATA[public void web_tests.BankingApplicationPaymentTests.verify_user_making_payment()]]>
              </value>
            </param>
            <param index="2">
              <value>
                <![CDATA[chrome]]>
              </value>
            </param>
          </params>
          <reporter-output>
          </reporter-output>
        </test-method> <!-- setUp -->
        <test-method signature="verify_user_making_payment()[pri:0, instance:web_tests.BankingApplicationPaymentTests@1e730495]" started-at="2023-11-13T16:41:42 EST" name="verify_user_making_payment" finished-at="2023-11-13T16:42:12 EST" duration-ms="30424" status="PASS">
          <reporter-output>
          </reporter-output>
        </test-method> <!-- verify_user_making_payment -->
        <test-method is-config="true" signature="tearDown(org.testng.ITestResult,java.lang.String)[pri:0, instance:web_tests.BankingApplicationPaymentTests@1e730495]" started-at="2023-11-13T16:42:12 EST" name="tearDown" finished-at="2023-11-13T16:42:20 EST" duration-ms="8328" status="PASS">
          <params>
            <param index="0">
              <value>
                <![CDATA[[TestResult name=verify_user_making_payment status=SUCCESS method=BankingApplicationPaymentTests.verify_user_making_payment()[pri:0, instance:web_tests.BankingApplicationPaymentTests@1e730495] output={null}]]]>
              </value>
            </param>
            <param index="1">
              <value>
                <![CDATA[chrome]]>
              </value>
            </param>
          </params>
          <reporter-output>
          </reporter-output>
        </test-method> <!-- tearDown -->
      </class> <!-- web_tests.BankingApplicationPaymentTests -->
    </test> <!-- Test_E2E_04_Chrome -->
    <test started-at="2023-11-13T16:41:35 EST" name="Test_E2E_01_Safari" finished-at="2023-11-13T16:42:26 EST" duration-ms="51034">
      <class name="web_tests.BankingApplicationPaymentTests">
        <test-method is-config="true" signature="setUp(org.testng.ITestContext,java.lang.reflect.Method,java.lang.String)[pri:0, instance:web_tests.BankingApplicationPaymentTests@61dd025]" started-at="2023-11-13T16:41:35 EST" name="setUp" finished-at="2023-11-13T16:41:44 EST" duration-ms="8872" status="PASS">
          <params>
            <param index="0">
              <value>
                <![CDATA[org.testng.TestRunner@48e4374]]>
              </value>
            </param>
            <param index="1">
              <value>
                <![CDATA[public void web_tests.BankingApplicationPaymentTests.verify_user_making_payment()]]>
              </value>
            </param>
            <param index="2">
              <value>
                <![CDATA[safari]]>
              </value>
            </param>
          </params>
          <reporter-output>
          </reporter-output>
        </test-method> <!-- setUp -->
        <test-method signature="verify_user_making_payment()[pri:0, instance:web_tests.BankingApplicationPaymentTests@61dd025]" started-at="2023-11-13T16:41:44 EST" name="verify_user_making_payment" finished-at="2023-11-13T16:42:24 EST" duration-ms="40143" status="PASS">
          <reporter-output>
          </reporter-output>
        </test-method> <!-- verify_user_making_payment -->
        <test-method is-config="true" signature="tearDown(org.testng.ITestResult,java.lang.String)[pri:0, instance:web_tests.BankingApplicationPaymentTests@61dd025]" started-at="2023-11-13T16:42:24 EST" name="tearDown" finished-at="2023-11-13T16:42:26 EST" duration-ms="1982" status="PASS">
          <params>
            <param index="0">
              <value>
                <![CDATA[[TestResult name=verify_user_making_payment status=SUCCESS method=BankingApplicationPaymentTests.verify_user_making_payment()[pri:0, instance:web_tests.BankingApplicationPaymentTests@61dd025] output={null}]]]>
              </value>
            </param>
            <param index="1">
              <value>
                <![CDATA[safari]]>
              </value>
            </param>
          </params>
          <reporter-output>
          </reporter-output>
        </test-method> <!-- tearDown -->
      </class> <!-- web_tests.BankingApplicationPaymentTests -->
    </test> <!-- Test_E2E_01_Safari -->
    <test started-at="2023-11-13T16:41:35 EST" name="Test_E2E_04_Edge" finished-at="2023-11-13T16:42:30 EST" duration-ms="55151">
      <class name="web_tests.BankingApplicationPaymentTests">
        <test-method is-config="true" signature="setUp(org.testng.ITestContext,java.lang.reflect.Method,java.lang.String)[pri:0, instance:web_tests.BankingApplicationPaymentTests@30b7c004]" started-at="2023-11-13T16:41:35 EST" name="setUp" finished-at="2023-11-13T16:41:43 EST" duration-ms="8550" status="PASS">
          <params>
            <param index="0">
              <value>
                <![CDATA[org.testng.TestRunner@3d680b5a]]>
              </value>
            </param>
            <param index="1">
              <value>
                <![CDATA[public void web_tests.BankingApplicationPaymentTests.verify_user_making_payment()]]>
              </value>
            </param>
            <param index="2">
              <value>
                <![CDATA[MicrosoftEdge]]>
              </value>
            </param>
          </params>
          <reporter-output>
          </reporter-output>
        </test-method> <!-- setUp -->
        <test-method signature="verify_user_making_payment()[pri:0, instance:web_tests.BankingApplicationPaymentTests@30b7c004]" started-at="2023-11-13T16:41:43 EST" name="verify_user_making_payment" finished-at="2023-11-13T16:42:23 EST" duration-ms="39488" status="PASS">
          <reporter-output>
          </reporter-output>
        </test-method> <!-- verify_user_making_payment -->
        <test-method is-config="true" signature="tearDown(org.testng.ITestResult,java.lang.String)[pri:0, instance:web_tests.BankingApplicationPaymentTests@30b7c004]" started-at="2023-11-13T16:42:23 EST" name="tearDown" finished-at="2023-11-13T16:42:30 EST" duration-ms="7073" status="PASS">
          <params>
            <param index="0">
              <value>
                <![CDATA[[TestResult name=verify_user_making_payment status=SUCCESS method=BankingApplicationPaymentTests.verify_user_making_payment()[pri:0, instance:web_tests.BankingApplicationPaymentTests@30b7c004] output={null}]]]>
              </value>
            </param>
            <param index="1">
              <value>
                <![CDATA[MicrosoftEdge]]>
              </value>
            </param>
          </params>
          <reporter-output>
          </reporter-output>
        </test-method> <!-- tearDown -->
      </class> <!-- web_tests.BankingApplicationPaymentTests -->
    </test> <!-- Test_E2E_04_Edge -->
    <test started-at="2023-11-13T16:41:35 EST" name="Test_E2E_02_Safari" finished-at="2023-11-13T16:42:38 EST" duration-ms="63088">
      <class name="web_tests.BankingApplicationPaymentTests">
        <test-method is-config="true" signature="setUp(org.testng.ITestContext,java.lang.reflect.Method,java.lang.String)[pri:0, instance:web_tests.BankingApplicationPaymentTests@1fe20588]" started-at="2023-11-13T16:41:35 EST" name="setUp" finished-at="2023-11-13T16:41:44 EST" duration-ms="8873" status="PASS">
          <params>
            <param index="0">
              <value>
                <![CDATA[org.testng.TestRunner@4b5d6a01]]>
              </value>
            </param>
            <param index="1">
              <value>
                <![CDATA[public void web_tests.BankingApplicationPaymentTests.verify_user_making_payment()]]>
              </value>
            </param>
            <param index="2">
              <value>
                <![CDATA[safari]]>
              </value>
            </param>
          </params>
          <reporter-output>
          </reporter-output>
        </test-method> <!-- setUp -->
        <test-method signature="verify_user_making_payment()[pri:0, instance:web_tests.BankingApplicationPaymentTests@1fe20588]" started-at="2023-11-13T16:41:44 EST" name="verify_user_making_payment" finished-at="2023-11-13T16:42:36 EST" duration-ms="51876" status="PASS">
          <reporter-output>
          </reporter-output>
        </test-method> <!-- verify_user_making_payment -->
        <test-method is-config="true" signature="tearDown(org.testng.ITestResult,java.lang.String)[pri:0, instance:web_tests.BankingApplicationPaymentTests@1fe20588]" started-at="2023-11-13T16:42:36 EST" name="tearDown" finished-at="2023-11-13T16:42:38 EST" duration-ms="2304" status="PASS">
          <params>
            <param index="0">
              <value>
                <![CDATA[[TestResult name=verify_user_making_payment status=SUCCESS method=BankingApplicationPaymentTests.verify_user_making_payment()[pri:0, instance:web_tests.BankingApplicationPaymentTests@1fe20588] output={null}]]]>
              </value>
            </param>
            <param index="1">
              <value>
                <![CDATA[safari]]>
              </value>
            </param>
          </params>
          <reporter-output>
          </reporter-output>
        </test-method> <!-- tearDown -->
      </class> <!-- web_tests.BankingApplicationPaymentTests -->
    </test> <!-- Test_E2E_02_Safari -->
    <test started-at="2023-11-13T16:41:35 EST" name="Test_E2E_05_Safari" finished-at="2023-11-13T16:42:41 EST" duration-ms="65955">
      <class name="web_tests.BankingApplicationPaymentTests">
        <test-method is-config="true" signature="setUp(org.testng.ITestContext,java.lang.reflect.Method,java.lang.String)[pri:0, instance:web_tests.BankingApplicationPaymentTests@45b9a632]" started-at="2023-11-13T16:41:35 EST" name="setUp" finished-at="2023-11-13T16:41:50 EST" duration-ms="14971" status="PASS">
          <params>
            <param index="0">
              <value>
                <![CDATA[org.testng.TestRunner@4a22f9e2]]>
              </value>
            </param>
            <param index="1">
              <value>
                <![CDATA[public void web_tests.BankingApplicationPaymentTests.verify_user_making_payment()]]>
              </value>
            </param>
            <param index="2">
              <value>
                <![CDATA[safari]]>
              </value>
            </param>
          </params>
          <reporter-output>
          </reporter-output>
        </test-method> <!-- setUp -->
        <test-method signature="verify_user_making_payment()[pri:0, instance:web_tests.BankingApplicationPaymentTests@45b9a632]" started-at="2023-11-13T16:41:50 EST" name="verify_user_making_payment" finished-at="2023-11-13T16:42:38 EST" duration-ms="48368" status="PASS">
          <reporter-output>
          </reporter-output>
        </test-method> <!-- verify_user_making_payment -->
        <test-method is-config="true" signature="tearDown(org.testng.ITestResult,java.lang.String)[pri:0, instance:web_tests.BankingApplicationPaymentTests@45b9a632]" started-at="2023-11-13T16:42:38 EST" name="tearDown" finished-at="2023-11-13T16:42:41 EST" duration-ms="2581" status="PASS">
          <params>
            <param index="0">
              <value>
                <![CDATA[[TestResult name=verify_user_making_payment status=SUCCESS method=BankingApplicationPaymentTests.verify_user_making_payment()[pri:0, instance:web_tests.BankingApplicationPaymentTests@45b9a632] output={null}]]]>
              </value>
            </param>
            <param index="1">
              <value>
                <![CDATA[safari]]>
              </value>
            </param>
          </params>
          <reporter-output>
          </reporter-output>
        </test-method> <!-- tearDown -->
      </class> <!-- web_tests.BankingApplicationPaymentTests -->
    </test> <!-- Test_E2E_05_Safari -->
    <test started-at="2023-11-13T16:41:35 EST" name="Test_E2E_05_Firefox" finished-at="2023-11-13T16:42:44 EST" duration-ms="69333">
      <class name="web_tests.BankingApplicationPaymentTests">
        <test-method is-config="true" signature="setUp(org.testng.ITestContext,java.lang.reflect.Method,java.lang.String)[pri:0, instance:web_tests.BankingApplicationPaymentTests@3c72f59f]" started-at="2023-11-13T16:41:35 EST" name="setUp" finished-at="2023-11-13T16:41:44 EST" duration-ms="9445" status="PASS">
          <params>
            <param index="0">
              <value>
                <![CDATA[org.testng.TestRunner@3c419631]]>
              </value>
            </param>
            <param index="1">
              <value>
                <![CDATA[public void web_tests.BankingApplicationPaymentTests.verify_user_making_payment()]]>
              </value>
            </param>
            <param index="2">
              <value>
                <![CDATA[firefox]]>
              </value>
            </param>
          </params>
          <reporter-output>
          </reporter-output>
        </test-method> <!-- setUp -->
        <test-method signature="verify_user_making_payment()[pri:0, instance:web_tests.BankingApplicationPaymentTests@3c72f59f]" started-at="2023-11-13T16:41:44 EST" name="verify_user_making_payment" finished-at="2023-11-13T16:42:36 EST" duration-ms="51925" status="PASS">
          <reporter-output>
          </reporter-output>
        </test-method> <!-- verify_user_making_payment -->
        <test-method is-config="true" signature="tearDown(org.testng.ITestResult,java.lang.String)[pri:0, instance:web_tests.BankingApplicationPaymentTests@3c72f59f]" started-at="2023-11-13T16:42:36 EST" name="tearDown" finished-at="2023-11-13T16:42:44 EST" duration-ms="7923" status="PASS">
          <params>
            <param index="0">
              <value>
                <![CDATA[[TestResult name=verify_user_making_payment status=SUCCESS method=BankingApplicationPaymentTests.verify_user_making_payment()[pri:0, instance:web_tests.BankingApplicationPaymentTests@3c72f59f] output={null}]]]>
              </value>
            </param>
            <param index="1">
              <value>
                <![CDATA[firefox]]>
              </value>
            </param>
          </params>
          <reporter-output>
          </reporter-output>
        </test-method> <!-- tearDown -->
      </class> <!-- web_tests.BankingApplicationPaymentTests -->
    </test> <!-- Test_E2E_05_Firefox -->
    <test started-at="2023-11-13T16:41:35 EST" name="Test_E2E_01_Chrome" finished-at="2023-11-13T16:42:47 EST" duration-ms="72146">
      <class name="web_tests.BankingApplicationPaymentTests">
        <test-method is-config="true" signature="setUp(org.testng.ITestContext,java.lang.reflect.Method,java.lang.String)[pri:0, instance:web_tests.BankingApplicationPaymentTests@1d548a08]" started-at="2023-11-13T16:41:35 EST" name="setUp" finished-at="2023-11-13T16:41:43 EST" duration-ms="7754" status="PASS">
          <params>
            <param index="0">
              <value>
                <![CDATA[org.testng.TestRunner@418e7838]]>
              </value>
            </param>
            <param index="1">
              <value>
                <![CDATA[public void web_tests.BankingApplicationPaymentTests.verify_user_making_payment()]]>
              </value>
            </param>
            <param index="2">
              <value>
                <![CDATA[chrome]]>
              </value>
            </param>
          </params>
          <reporter-output>
          </reporter-output>
        </test-method> <!-- setUp -->
        <test-method signature="verify_user_making_payment()[pri:0, instance:web_tests.BankingApplicationPaymentTests@1d548a08]" started-at="2023-11-13T16:41:43 EST" name="verify_user_making_payment" finished-at="2023-11-13T16:42:38 EST" duration-ms="55655" status="PASS">
          <reporter-output>
          </reporter-output>
        </test-method> <!-- verify_user_making_payment -->
        <test-method is-config="true" signature="tearDown(org.testng.ITestResult,java.lang.String)[pri:0, instance:web_tests.BankingApplicationPaymentTests@1d548a08]" started-at="2023-11-13T16:42:38 EST" name="tearDown" finished-at="2023-11-13T16:42:47 EST" duration-ms="8693" status="PASS">
          <params>
            <param index="0">
              <value>
                <![CDATA[[TestResult name=verify_user_making_payment status=SUCCESS method=BankingApplicationPaymentTests.verify_user_making_payment()[pri:0, instance:web_tests.BankingApplicationPaymentTests@1d548a08] output={null}]]]>
              </value>
            </param>
            <param index="1">
              <value>
                <![CDATA[chrome]]>
              </value>
            </param>
          </params>
          <reporter-output>
          </reporter-output>
        </test-method> <!-- tearDown -->
      </class> <!-- web_tests.BankingApplicationPaymentTests -->
    </test> <!-- Test_E2E_01_Chrome -->
    <test started-at="2023-11-13T16:41:35 EST" name="Test_E2E_02_Edge" finished-at="2023-11-13T16:42:48 EST" duration-ms="72755">
      <class name="web_tests.BankingApplicationPaymentTests">
        <test-method is-config="true" signature="setUp(org.testng.ITestContext,java.lang.reflect.Method,java.lang.String)[pri:0, instance:web_tests.BankingApplicationPaymentTests@14d3bc22]" started-at="2023-11-13T16:41:35 EST" name="setUp" finished-at="2023-11-13T16:41:44 EST" duration-ms="8707" status="PASS">
          <params>
            <param index="0">
              <value>
                <![CDATA[org.testng.TestRunner@61230f6a]]>
              </value>
            </param>
            <param index="1">
              <value>
                <![CDATA[public void web_tests.BankingApplicationPaymentTests.verify_user_making_payment()]]>
              </value>
            </param>
            <param index="2">
              <value>
                <![CDATA[MicrosoftEdge]]>
              </value>
            </param>
          </params>
          <reporter-output>
          </reporter-output>
        </test-method> <!-- setUp -->
        <test-method signature="verify_user_making_payment()[pri:0, instance:web_tests.BankingApplicationPaymentTests@14d3bc22]" started-at="2023-11-13T16:41:44 EST" name="verify_user_making_payment" finished-at="2023-11-13T16:42:39 EST" duration-ms="55030" status="PASS">
          <reporter-output>
          </reporter-output>
        </test-method> <!-- verify_user_making_payment -->
        <test-method is-config="true" signature="tearDown(org.testng.ITestResult,java.lang.String)[pri:0, instance:web_tests.BankingApplicationPaymentTests@14d3bc22]" started-at="2023-11-13T16:42:39 EST" name="tearDown" finished-at="2023-11-13T16:42:48 EST" duration-ms="8978" status="PASS">
          <params>
            <param index="0">
              <value>
                <![CDATA[[TestResult name=verify_user_making_payment status=SUCCESS method=BankingApplicationPaymentTests.verify_user_making_payment()[pri:0, instance:web_tests.BankingApplicationPaymentTests@14d3bc22] output={null}]]]>
              </value>
            </param>
            <param index="1">
              <value>
                <![CDATA[MicrosoftEdge]]>
              </value>
            </param>
          </params>
          <reporter-output>
          </reporter-output>
        </test-method> <!-- tearDown -->
      </class> <!-- web_tests.BankingApplicationPaymentTests -->
    </test> <!-- Test_E2E_02_Edge -->
    <test started-at="2023-11-13T16:41:35 EST" name="Test_E2E_04_Firefox" finished-at="2023-11-13T16:42:51 EST" duration-ms="76236">
      <class name="web_tests.BankingApplicationPaymentTests">
        <test-method is-config="true" signature="setUp(org.testng.ITestContext,java.lang.reflect.Method,java.lang.String)[pri:0, instance:web_tests.BankingApplicationPaymentTests@78e94dcf]" started-at="2023-11-13T16:41:35 EST" name="setUp" finished-at="2023-11-13T16:41:47 EST" duration-ms="12457" status="PASS">
          <params>
            <param index="0">
              <value>
                <![CDATA[org.testng.TestRunner@3c130745]]>
              </value>
            </param>
            <param index="1">
              <value>
                <![CDATA[public void web_tests.BankingApplicationPaymentTests.verify_user_making_payment()]]>
              </value>
            </param>
            <param index="2">
              <value>
                <![CDATA[firefox]]>
              </value>
            </param>
          </params>
          <reporter-output>
          </reporter-output>
        </test-method> <!-- setUp -->
        <test-method signature="verify_user_making_payment()[pri:0, instance:web_tests.BankingApplicationPaymentTests@78e94dcf]" started-at="2023-11-13T16:41:47 EST" name="verify_user_making_payment" finished-at="2023-11-13T16:42:38 EST" duration-ms="50933" status="PASS">
          <reporter-output>
          </reporter-output>
        </test-method> <!-- verify_user_making_payment -->
        <test-method is-config="true" signature="tearDown(org.testng.ITestResult,java.lang.String)[pri:0, instance:web_tests.BankingApplicationPaymentTests@78e94dcf]" started-at="2023-11-13T16:42:38 EST" name="tearDown" finished-at="2023-11-13T16:42:51 EST" duration-ms="12806" status="PASS">
          <params>
            <param index="0">
              <value>
                <![CDATA[[TestResult name=verify_user_making_payment status=SUCCESS method=BankingApplicationPaymentTests.verify_user_making_payment()[pri:0, instance:web_tests.BankingApplicationPaymentTests@78e94dcf] output={null}]]]>
              </value>
            </param>
            <param index="1">
              <value>
                <![CDATA[firefox]]>
              </value>
            </param>
          </params>
          <reporter-output>
          </reporter-output>
        </test-method> <!-- tearDown -->
      </class> <!-- web_tests.BankingApplicationPaymentTests -->
    </test> <!-- Test_E2E_04_Firefox -->
    <test started-at="2023-11-13T16:41:35 EST" name="Test_E2E_02_Firefox" finished-at="2023-11-13T16:42:52 EST" duration-ms="77445">
      <class name="web_tests.BankingApplicationPaymentTests">
        <test-method is-config="true" signature="setUp(org.testng.ITestContext,java.lang.reflect.Method,java.lang.String)[pri:0, instance:web_tests.BankingApplicationPaymentTests@2805c96b]" started-at="2023-11-13T16:41:35 EST" name="setUp" finished-at="2023-11-13T16:41:45 EST" duration-ms="10511" status="PASS">
          <params>
            <param index="0">
              <value>
                <![CDATA[org.testng.TestRunner@cd3fee8]]>
              </value>
            </param>
            <param index="1">
              <value>
                <![CDATA[public void web_tests.BankingApplicationPaymentTests.verify_user_making_payment()]]>
              </value>
            </param>
            <param index="2">
              <value>
                <![CDATA[firefox]]>
              </value>
            </param>
          </params>
          <reporter-output>
          </reporter-output>
        </test-method> <!-- setUp -->
        <test-method signature="verify_user_making_payment()[pri:0, instance:web_tests.BankingApplicationPaymentTests@2805c96b]" started-at="2023-11-13T16:41:45 EST" name="verify_user_making_payment" finished-at="2023-11-13T16:42:42 EST" duration-ms="56374" status="PASS">
          <reporter-output>
          </reporter-output>
        </test-method> <!-- verify_user_making_payment -->
        <test-method is-config="true" signature="tearDown(org.testng.ITestResult,java.lang.String)[pri:0, instance:web_tests.BankingApplicationPaymentTests@2805c96b]" started-at="2023-11-13T16:42:42 EST" name="tearDown" finished-at="2023-11-13T16:42:52 EST" duration-ms="10513" status="PASS">
          <params>
            <param index="0">
              <value>
                <![CDATA[[TestResult name=verify_user_making_payment status=SUCCESS method=BankingApplicationPaymentTests.verify_user_making_payment()[pri:0, instance:web_tests.BankingApplicationPaymentTests@2805c96b] output={null}]]]>
              </value>
            </param>
            <param index="1">
              <value>
                <![CDATA[firefox]]>
              </value>
            </param>
          </params>
          <reporter-output>
          </reporter-output>
        </test-method> <!-- tearDown -->
      </class> <!-- web_tests.BankingApplicationPaymentTests -->
    </test> <!-- Test_E2E_02_Firefox -->
    <test started-at="2023-11-13T16:41:35 EST" name="Test_E2E_05_Edge" finished-at="2023-11-13T16:42:56 EST" duration-ms="81329">
      <class name="web_tests.BankingApplicationPaymentTests">
        <test-method is-config="true" signature="setUp(org.testng.ITestContext,java.lang.reflect.Method,java.lang.String)[pri:0, instance:web_tests.BankingApplicationPaymentTests@29176cc1]" started-at="2023-11-13T16:41:35 EST" name="setUp" finished-at="2023-11-13T16:41:44 EST" duration-ms="8948" status="PASS">
          <params>
            <param index="0">
              <value>
                <![CDATA[org.testng.TestRunner@3e2e18f2]]>
              </value>
            </param>
            <param index="1">
              <value>
                <![CDATA[public void web_tests.BankingApplicationPaymentTests.verify_user_making_payment()]]>
              </value>
            </param>
            <param index="2">
              <value>
                <![CDATA[MicrosoftEdge]]>
              </value>
            </param>
          </params>
          <reporter-output>
          </reporter-output>
        </test-method> <!-- setUp -->
        <test-method signature="verify_user_making_payment()[pri:0, instance:web_tests.BankingApplicationPaymentTests@29176cc1]" started-at="2023-11-13T16:41:44 EST" name="verify_user_making_payment" finished-at="2023-11-13T16:42:45 EST" duration-ms="61487" status="PASS">
          <reporter-output>
          </reporter-output>
        </test-method> <!-- verify_user_making_payment -->
        <test-method is-config="true" signature="tearDown(org.testng.ITestResult,java.lang.String)[pri:0, instance:web_tests.BankingApplicationPaymentTests@29176cc1]" started-at="2023-11-13T16:42:45 EST" name="tearDown" finished-at="2023-11-13T16:42:56 EST" duration-ms="10854" status="PASS">
          <params>
            <param index="0">
              <value>
                <![CDATA[[TestResult name=verify_user_making_payment status=SUCCESS method=BankingApplicationPaymentTests.verify_user_making_payment()[pri:0, instance:web_tests.BankingApplicationPaymentTests@29176cc1] output={null}]]]>
              </value>
            </param>
            <param index="1">
              <value>
                <![CDATA[MicrosoftEdge]]>
              </value>
            </param>
          </params>
          <reporter-output>
          </reporter-output>
        </test-method> <!-- tearDown -->
      </class> <!-- web_tests.BankingApplicationPaymentTests -->
    </test> <!-- Test_E2E_05_Edge -->
    <test started-at="2023-11-13T16:41:35 EST" name="Test_E2E_03_Chrome" finished-at="2023-11-13T16:42:57 EST" duration-ms="82464">
      <class name="web_tests.BankingApplicationPaymentTests">
        <test-method is-config="true" signature="setUp(org.testng.ITestContext,java.lang.reflect.Method,java.lang.String)[pri:0, instance:web_tests.BankingApplicationPaymentTests@2133814f]" started-at="2023-11-13T16:41:35 EST" name="setUp" finished-at="2023-11-13T16:41:44 EST" duration-ms="9349" status="PASS">
          <params>
            <param index="0">
              <value>
                <![CDATA[org.testng.TestRunner@470f1802]]>
              </value>
            </param>
            <param index="1">
              <value>
                <![CDATA[public void web_tests.BankingApplicationPaymentTests.verify_user_making_payment()]]>
              </value>
            </param>
            <param index="2">
              <value>
                <![CDATA[chrome]]>
              </value>
            </param>
          </params>
          <reporter-output>
          </reporter-output>
        </test-method> <!-- setUp -->
        <test-method signature="verify_user_making_payment()[pri:0, instance:web_tests.BankingApplicationPaymentTests@2133814f]" started-at="2023-11-13T16:41:44 EST" name="verify_user_making_payment" finished-at="2023-11-13T16:42:48 EST" duration-ms="63817" status="PASS">
          <reporter-output>
          </reporter-output>
        </test-method> <!-- verify_user_making_payment -->
        <test-method is-config="true" signature="tearDown(org.testng.ITestResult,java.lang.String)[pri:0, instance:web_tests.BankingApplicationPaymentTests@2133814f]" started-at="2023-11-13T16:42:48 EST" name="tearDown" finished-at="2023-11-13T16:42:57 EST" duration-ms="9249" status="PASS">
          <params>
            <param index="0">
              <value>
                <![CDATA[[TestResult name=verify_user_making_payment status=SUCCESS method=BankingApplicationPaymentTests.verify_user_making_payment()[pri:0, instance:web_tests.BankingApplicationPaymentTests@2133814f] output={null}]]]>
              </value>
            </param>
            <param index="1">
              <value>
                <![CDATA[chrome]]>
              </value>
            </param>
          </params>
          <reporter-output>
          </reporter-output>
        </test-method> <!-- tearDown -->
      </class> <!-- web_tests.BankingApplicationPaymentTests -->
    </test> <!-- Test_E2E_03_Chrome -->
  </suite> <!-- Test Automation -->
</testng-results>
